Send s to start
Send s to start
Send s to start
Send s to start
Send s to start
89C2051 detected. Supported commands: e,r,d,p,c,R,q
0000: 01 C5 FF 32 FF FF FF FF FF FF FF 01 56 FF FF FF
0010: FF FF FF 32 FF FF FF FF FF FF FF 32 FF FF FF FF
0020: FF FF FF C0 E0 C0 D0 75 D0 08 E5 99 B4 5E 02 79
0030: 10 F7 09 B9 18 18 79 10 89 D0 B8 5E 11 B9 7E 0E
0040: BA 7E 0B BB 7E 08 8C 0C 8D 0D 8E 0E 8F 0F 75 98
0050: 50 D0 D0 D0 E0 32 C0 E0 C0 D0 75 D0 08 75 8C E8
0060: 75 8A 8F 90 00 85 E6 30 E6 05 30 07 02 74 08 54
0070: 3F 93 F5 90 E8 93 F5 B0 08 B8 10 02 78 0C 05 20
0080: D0 D0 D0 E0 32 FE FD FB F7 EF DF BF 7F FF FF FF
0090: FF E3 E5 E9 F1 7F FD F7 DF BF FE FB EF FF 78 93
00A0: BF B0 B7 FF FF 04 E5 09 41 E0 42 02 65 00 40 20
00B0: 82 0E 81 0A 2A 14 F5 19 51 F0 52 12 75 10 50 30
00C0: 92 1E 91 1A 3A E4 75 D0 08 78 0C 79 10 7C 57 7D
00D0: 57 7E 57 7F 57 F5 D0 75 81 5F 75 89 21 75 8D FF
00E0: 75 8C E8 75 8A 8F 75 A8 92 75 B8 02 75 88 50 75
00F0: 98 50 75 87 80 80 FE FF FF FF FF FF FF FF FF FF
0100: FF FF FF FF FF FF FF FF FF FF FF FF FF FF FF FF
0110: FF FF FF FF FF FF FF FF FF FF FF FF FF FF FF FF
0120: FF FF FF FF FF FF FF FF FF FF FF FF FF FF FF FF
0130: FF FF FF FF FF FF FF FF FF FF FF FF FF FF FF FF
0140: FF FF FF FF FF FF FF FF FF FF FF FF FF FF FF FF
0150: FF FF FF FF FF FF FF FF FF FF FF FF FF FF FF FF
0160: FF FF FF FF FF FF FF FF FF FF FF FF FF FF FF FF
0170: FF FF FF FF FF FF FF FF FF FF FF FF FF FF FF FF
0180: FF FF FF FF FF FF FF FF FF FF FF FF FF FF FF FF
0190: FF FF FF FF FF FF FF FF FF FF FF FF FF FF FF FF
01A0: FF FF FF FF FF FF FF FF FF FF FF FF FF FF FF FF
01B0: FF FF FF FF FF FF FF FF FF FF FF FF FF FF FF FF
01C0: FF FF FF FF FF FF FF FF FF FF FF FF FF FF FF FF
01D0: FF FF FF FF FF FF FF FF FF FF FF FF FF FF FF FF
01E0: FF FF FF FF FF FF FF FF FF FF FF FF FF FF FF FF
01F0: FF FF FF FF FF FF FF FF FF FF FF FF FF FF FF FF
Power OFF
^Send s to start
89C2051 detected. Supported commands: e,r,d,p,c,R,q
0000: 01 C5 FF 32 FF FF FF FF FF FF FF 01 56 FF FF FF
0010: FF FF FF 32 FF FF FF FF FF FF FF 32 FF FF FF FF
0020: FF FF FF C0 E0 C0 D0 75 D0 08 E5 99 B4 5E 02 79
0030: 10 F7 09 B9 18 18 79 10 89 D0 B8 5E 11 B9 7E 0E
0040: BA 7E 0B BB 7E 08 8C 0C 8D 0D 8E 0E 8F 0F 75 98
0050: 50 D0 D0 D0 E0 32 C0 E0 C0 D0 75 D0 08 75 8C E8
0060: 75 8A 8F 90 00 85 E6 30 E6 05 30 07 02 74 08 54
0070: 3F 93 F5 90 E8 93 F5 B0 08 B8 10 02 78 0C 05 20
0080: D0 D0 D0 E0 32 FE FD FB F7 EF DF BF 7F FF FF FF
0090: FF E3 E5 E9 F1 7F FD F7 DF BF FE FB EF FF 78 93
00A0: BF B0 B7 FF FF 04 E5 09 41 E0 42 02 65 00 40 20
00B0: 82 0E 81 0A 2A 14 F5 19 51 F0 52 12 75 10 50 30
00C0: 92 1E 91 1A 3A E4 75 D0 08 78 0C 79 10 7C 57 7D
00D0: 57 7E 57 7F 57 F5 D0 75 81 5F 75 89 21 75 8D FF
00E0: 75 8C E8 75 8A 8F 75 A8 92 75 B8 02 75 88 50 75
00F0: 98 50 75 87 80 80 FE FF FF FF FF FF FF FF FF FF
0100: FF FF FF FF FF FF FF FF FF FF FF FF FF FF FF FF
0110: FF FF FF FF FF FF FF FF FF FF FF FF FF FF FF FF
0120: FF FF FF FF FF FF FF FF FF FF FF FF FF FF FF FF
0130: FF FF FF FF FF FF FF FF FF FF FF FF FF FF FF FF
0140: FF FF FF FF FF FF FF FF FF FF FF FF FF FF FF FF
0150: FF FF FF FF FF FF FF FF FF FF FF FF FF FF FF FF
0160: FF FF FF FF FF FF FF FF FF FF FF FF FF FF FF FF
0170: FF FF FF FF FF FF FF FF FF FF FF FF FF FF FF FF
0180: FF FF FF FF FF FF FF FF FF FF FF FF FF FF FF FF
0190: FF FF FF FF FF FF FF FF FF FF FF FF FF FF FF FF
01A0: FF FF FF FF FF FF FF FF FF FF FF FF FF FF FF FF
01B0: FF FF FF FF FF FF FF FF FF FF FF FF FF FF FF FF
01C0: FF FF FF FF FF FF FF FF FF FF FF FF FF FF FF FF
01D0: FF FF FF FF FF FF FF FF FF FF FF FF FF FF FF FF
01E0: FF FF FF FF FF FF FF FF FF FF FF FF FF FF FF FF
01F0: FF FF FF FF FF FF FF FF FF FF FF FF FF FF FF FF
0200: FF FF FF FF FF FF FF FF FF FF FF FF FF FF FF FF
0210: FF FF FF FF FF FF FF FF FF FF FF FF FF FF FF FF
0220: FF FF FF FF FF FF FF FF FF FF FF FF FF FF FF FF
0230: FF FF FF FF FF FF FF FF FF FF FF FF FF FF FF FF
0240: FF FF FF FF FF FF FF FF FF FF FF FF FF FF FF FF
0250: FF FF FF FF FF FF FF FF FF FF FF FF FF FF FF FF
0260: FF FF FF FF FF FF FF FF FF FF FF FF FF FF FF FF
0270: FF FF FF FF FF FF FF FF FF FF FF FF FF FF FF FF
0280: FF FF FF FF FF FF FF FF FF FF FF FF FF FF FF FF
0290: FF FF FF FF FF FF FF FF FF FF FF FF FF FF FF FF
02A0: FF FF FF FF FF FF FF FF FF FF FF FF FF FF FF FF
02B0: FF FF FF FF FF FF FF FF FF FF FF FF FF FF FF FF
02C0: FF FF FF FF FF FF FF FF FF FF FF FF FF FF FF FF
02D0: FF FF FF FF FF FF FF FF FF FF FF FF FF FF FF FF
02E0: FF FF FF FF FF FF FF FF FF FF FF FF FF FF FF FF
02F0: FF FF FF FF FF FF FF FF FF FF FF FF FF FF FF FF
0300: FF FF FF FF FF FF FF FF FF FF FF FF FF FF FF FF
0310: FF FF FF FF FF FF FF FF FF FF FF FF FF FF FF FF
0320: FF FF FF FF FF FF FF FF FF FF FF FF FF FF FF FF
0330: FF FF FF FF FF FF FF FF FF FF FF FF FF FF FF FF
0340: FF FF FF FF FF FF FF FF FF FF FF FF FF FF FF FF
0350: FF FF FF FF FF FF FF FF FF FF FF FF FF FF FF FF
0360: FF FF FF FF FF FF FF FF FF FF FF FF FF FF FF FF
0370: FF FF FF FF FF FF FF FF FF FF FF FF FF FF FF FF
0380: FF FF FF FF FF FF FF FF FF FF FF FF FF FF FF FF
0390: FF FF FF FF FF FF FF FF FF FF FF FF FF FF FF FF
03A0: FF FF FF FF FF FF FF FF FF FF FF FF FF FF FF FF
03B0: FF FF FF FF FF FF FF FF FF FF FF FF FF FF FF FF
03C0: FF FF FF FF FF FF FF FF FF FF FF FF FF FF FF FF
03D0: FF FF FF FF FF FF FF FF FF FF FF FF FF FF FF FF
03E0: FF FF FF FF FF FF FF FF FF FF FF FF FF FF FF FF
03F0: FF FF FF FF FF FF FF FF FF FF FF FF FF FF FF FF
Power OFF
^Send s to start
Send s to start
