
ow.elf:     file format elf32-avr

Sections:
Idx Name          Size      VMA       LMA       File off  Algn
  0 .data         00000052  00800100  000007b4  00000848  2**0
                  CONTENTS, ALLOC, LOAD, DATA
  1 .text         000007b4  00000000  00000000  00000094  2**1
                  CONTENTS, ALLOC, LOAD, READONLY, CODE
  2 .bss          00000065  00800152  00800152  0000089a  2**0
                  ALLOC
  3 .comment      00000011  00000000  00000000  0000089a  2**0
                  CONTENTS, READONLY
  4 .note.gnu.avr.deviceinfo 00000040  00000000  00000000  000008ac  2**2
                  CONTENTS, READONLY
  5 .debug_aranges 000000c0  00000000  00000000  000008f0  2**3
                  CONTENTS, READONLY, DEBUGGING
  6 .debug_info   000006d8  00000000  00000000  000009b0  2**0
                  CONTENTS, READONLY, DEBUGGING
  7 .debug_abbrev 0000061a  00000000  00000000  00001088  2**0
                  CONTENTS, READONLY, DEBUGGING
  8 .debug_line   000003c5  00000000  00000000  000016a2  2**0
                  CONTENTS, READONLY, DEBUGGING
  9 .debug_str    00000266  00000000  00000000  00001a67  2**0
                  CONTENTS, READONLY, DEBUGGING

Disassembly of section .text:

00000000 <__vectors>:
   0:	0c 94 c8 00 	jmp	0x190	; 0x190 <__ctors_end>
   4:	0c 94 f0 00 	jmp	0x1e0	; 0x1e0 <__bad_interrupt>
   8:	0c 94 f0 00 	jmp	0x1e0	; 0x1e0 <__bad_interrupt>
   c:	0c 94 f0 00 	jmp	0x1e0	; 0x1e0 <__bad_interrupt>
  10:	0c 94 f0 00 	jmp	0x1e0	; 0x1e0 <__bad_interrupt>
  14:	0c 94 f0 00 	jmp	0x1e0	; 0x1e0 <__bad_interrupt>
  18:	0c 94 f0 00 	jmp	0x1e0	; 0x1e0 <__bad_interrupt>
  1c:	0c 94 f0 00 	jmp	0x1e0	; 0x1e0 <__bad_interrupt>
  20:	0c 94 f0 00 	jmp	0x1e0	; 0x1e0 <__bad_interrupt>
  24:	0c 94 f0 00 	jmp	0x1e0	; 0x1e0 <__bad_interrupt>
  28:	0c 94 f0 00 	jmp	0x1e0	; 0x1e0 <__bad_interrupt>
  2c:	0c 94 f0 00 	jmp	0x1e0	; 0x1e0 <__bad_interrupt>
  30:	0c 94 f0 00 	jmp	0x1e0	; 0x1e0 <__bad_interrupt>
  34:	0c 94 f0 00 	jmp	0x1e0	; 0x1e0 <__bad_interrupt>
  38:	0c 94 72 01 	jmp	0x2e4	; 0x2e4 <__vector_14>
  3c:	0c 94 f0 00 	jmp	0x1e0	; 0x1e0 <__bad_interrupt>
  40:	0c 94 f0 00 	jmp	0x1e0	; 0x1e0 <__bad_interrupt>
  44:	0c 94 f0 00 	jmp	0x1e0	; 0x1e0 <__bad_interrupt>
  48:	0c 94 1d 03 	jmp	0x63a	; 0x63a <__vector_18>
  4c:	0c 94 f0 00 	jmp	0x1e0	; 0x1e0 <__bad_interrupt>
  50:	0c 94 f0 00 	jmp	0x1e0	; 0x1e0 <__bad_interrupt>
  54:	0c 94 f0 00 	jmp	0x1e0	; 0x1e0 <__bad_interrupt>
  58:	0c 94 f0 00 	jmp	0x1e0	; 0x1e0 <__bad_interrupt>
  5c:	0c 94 f0 00 	jmp	0x1e0	; 0x1e0 <__bad_interrupt>
  60:	0c 94 f0 00 	jmp	0x1e0	; 0x1e0 <__bad_interrupt>
  64:	0c 94 f0 00 	jmp	0x1e0	; 0x1e0 <__bad_interrupt>

00000068 <__trampolines_end>:
  68:	4e 6f       	ori	r20, 0xFE	; 254
  6a:	20 31       	cpi	r18, 0x10	; 16
  6c:	57 49       	sbci	r21, 0x97	; 151
  6e:	52 45       	sbci	r21, 0x52	; 82
  70:	20 73       	andi	r18, 0x30	; 48
  72:	65 6e       	ori	r22, 0xE5	; 229
  74:	73 6f       	ori	r23, 0xF3	; 243
  76:	72 73       	andi	r23, 0x32	; 50
  78:	21 0d       	add	r18, r1
  7a:	0a 00       	.word	0x000a	; ????

0000007c <_ZZ4mainE3__c>:
  7c:	0d 0a 31 57 49 52 45 20 73 74 61 72 74 65 64 0d     ..1WIRE started.
  8c:	0a 00                                               ..

0000008e <_ZL7crc_tab>:
  8e:	00 5e bc e2 61 3f dd 83 c2 9c 7e 20 a3 fd 1f 41     .^..a?....~ ...A
  9e:	9d c3 21 7f fc a2 40 1e 5f 01 e3 bd 3e 60 82 dc     ..!...@._...>`..
  ae:	23 7d 9f c1 42 1c fe a0 e1 bf 5d 03 80 de 3c 62     #}..B.....]...<b
  be:	be e0 02 5c df 81 63 3d 7c 22 c0 9e 1d 43 a1 ff     ...\..c=|"...C..
  ce:	46 18 fa a4 27 79 9b c5 84 da 38 66 e5 bb 59 07     F...'y....8f..Y.
  de:	db 85 67 39 ba e4 06 58 19 47 a5 fb 78 26 c4 9a     ..g9...X.G..x&..
  ee:	65 3b d9 87 04 5a b8 e6 a7 f9 1b 45 c6 98 7a 24     e;...Z.....E..z$
  fe:	f8 a6 44 1a 99 c7 25 7b 3a 64 86 d8 5b 05 e7 b9     ..D...%{:d..[...
 10e:	8c d2 30 6e ed b3 51 0f 4e 10 f2 ac 2f 71 93 cd     ..0n..Q.N.../q..
 11e:	11 4f ad f3 70 2e cc 92 d3 8d 6f 31 b2 ec 0e 50     .O..p.....o1...P
 12e:	af f1 13 4d ce 90 72 2c 6d 33 d1 8f 0c 52 b0 ee     ...M..r,m3...R..
 13e:	32 6c 8e d0 53 0d ef b1 f0 ae 4c 12 91 cf 2d 73     2l..S.....L...-s
 14e:	ca 94 76 28 ab f5 17 49 08 56 b4 ea 69 37 d5 8b     ..v(...I.V..i7..
 15e:	57 09 eb b5 36 68 8a d4 95 cb 29 77 f4 aa 48 16     W...6h....)w..H.
 16e:	e9 b7 55 0b 88 d6 34 6a 2b 75 97 c9 4a 14 f6 a8     ..U...4j+u..J...
 17e:	74 2a c8 96 15 4b a9 f7 b6 e8 0a 54 d7 89 6b 35     t*...K.....T..k5

0000018e <__ctors_start>:
 18e:	ab 03       	fmulsu	r18, r19

00000190 <__ctors_end>:
 190:	11 24       	eor	r1, r1
 192:	1f be       	out	0x3f, r1	; 63
 194:	cf ef       	ldi	r28, 0xFF	; 255
 196:	d8 e0       	ldi	r29, 0x08	; 8
 198:	de bf       	out	0x3e, r29	; 62
 19a:	cd bf       	out	0x3d, r28	; 61

0000019c <__do_copy_data>:
 19c:	11 e0       	ldi	r17, 0x01	; 1
 19e:	a0 e0       	ldi	r26, 0x00	; 0
 1a0:	b1 e0       	ldi	r27, 0x01	; 1
 1a2:	e4 eb       	ldi	r30, 0xB4	; 180
 1a4:	f7 e0       	ldi	r31, 0x07	; 7
 1a6:	02 c0       	rjmp	.+4      	; 0x1ac <__do_copy_data+0x10>
 1a8:	05 90       	lpm	r0, Z+
 1aa:	0d 92       	st	X+, r0
 1ac:	a2 35       	cpi	r26, 0x52	; 82
 1ae:	b1 07       	cpc	r27, r17
 1b0:	d9 f7       	brne	.-10     	; 0x1a8 <__do_copy_data+0xc>

000001b2 <__do_clear_bss>:
 1b2:	21 e0       	ldi	r18, 0x01	; 1
 1b4:	a2 e5       	ldi	r26, 0x52	; 82
 1b6:	b1 e0       	ldi	r27, 0x01	; 1
 1b8:	01 c0       	rjmp	.+2      	; 0x1bc <.do_clear_bss_start>

000001ba <.do_clear_bss_loop>:
 1ba:	1d 92       	st	X+, r1

000001bc <.do_clear_bss_start>:
 1bc:	a7 3b       	cpi	r26, 0xB7	; 183
 1be:	b2 07       	cpc	r27, r18
 1c0:	e1 f7       	brne	.-8      	; 0x1ba <.do_clear_bss_loop>

000001c2 <__do_global_ctors>:
 1c2:	10 e0       	ldi	r17, 0x00	; 0
 1c4:	c8 ec       	ldi	r28, 0xC8	; 200
 1c6:	d0 e0       	ldi	r29, 0x00	; 0
 1c8:	04 c0       	rjmp	.+8      	; 0x1d2 <__do_global_ctors+0x10>
 1ca:	21 97       	sbiw	r28, 0x01	; 1
 1cc:	fe 01       	movw	r30, r28
 1ce:	0e 94 d2 03 	call	0x7a4	; 0x7a4 <__tablejump2__>
 1d2:	c7 3c       	cpi	r28, 0xC7	; 199
 1d4:	d1 07       	cpc	r29, r17
 1d6:	c9 f7       	brne	.-14     	; 0x1ca <__do_global_ctors+0x8>
 1d8:	0e 94 36 03 	call	0x66c	; 0x66c <main>
 1dc:	0c 94 d8 03 	jmp	0x7b0	; 0x7b0 <_exit>

000001e0 <__bad_interrupt>:
 1e0:	0c 94 00 00 	jmp	0	; 0x0 <__vectors>

000001e4 <_Z5delaym>:
 1e4:	bf 92       	push	r11
 1e6:	cf 92       	push	r12
 1e8:	df 92       	push	r13
 1ea:	ef 92       	push	r14
 1ec:	ff 92       	push	r15
 1ee:	0f 93       	push	r16
 1f0:	1f 93       	push	r17
 1f2:	cf 93       	push	r28
 1f4:	df 93       	push	r29
 1f6:	46 2f       	mov	r20, r22
 1f8:	57 2f       	mov	r21, r23
 1fa:	bc 01       	movw	r22, r24
 1fc:	f8 94       	cli
 1fe:	c0 90 71 01 	lds	r12, 0x0171	; 0x800171 <_ZL3ms1>
 202:	d0 90 72 01 	lds	r13, 0x0172	; 0x800172 <_ZL3ms1+0x1>
 206:	e0 90 73 01 	lds	r14, 0x0173	; 0x800173 <_ZL3ms1+0x2>
 20a:	f0 90 74 01 	lds	r15, 0x0174	; 0x800174 <_ZL3ms1+0x3>
 20e:	c4 0e       	add	r12, r20
 210:	d5 1e       	adc	r13, r21
 212:	e6 1e       	adc	r14, r22
 214:	f7 1e       	adc	r15, r23
 216:	78 94       	sei
 218:	cd e5       	ldi	r28, 0x5D	; 93
 21a:	d1 e0       	ldi	r29, 0x01	; 1
 21c:	10 e0       	ldi	r17, 0x00	; 0
 21e:	00 e0       	ldi	r16, 0x00	; 0
 220:	80 91 5c 01 	lds	r24, 0x015C	; 0x80015c <len_st>
 224:	80 17       	cp	r24, r16
 226:	11 06       	cpc	r1, r17
 228:	a9 f0       	breq	.+42     	; 0x254 <_Z5delaym+0x70>
 22a:	a4 f0       	brlt	.+40     	; 0x254 <_Z5delaym+0x70>
 22c:	8a 81       	ldd	r24, Y+2	; 0x02
 22e:	eb 81       	ldd	r30, Y+3	; 0x03
 230:	f0 e0       	ldi	r31, 0x00	; 0
 232:	ef 58       	subi	r30, 0x8F	; 143
 234:	fe 4f       	sbci	r31, 0xFE	; 254
 236:	b0 80       	ld	r11, Z
 238:	b8 22       	and	r11, r24
 23a:	8f 3f       	cpi	r24, 0xFF	; 255
 23c:	19 f0       	breq	.+6      	; 0x244 <_Z5delaym+0x60>
 23e:	8c 81       	ldd	r24, Y+4	; 0x04
 240:	8b 15       	cp	r24, r11
 242:	21 f0       	breq	.+8      	; 0x24c <_Z5delaym+0x68>
 244:	e8 81       	ld	r30, Y
 246:	f9 81       	ldd	r31, Y+1	; 0x01
 248:	09 95       	icall
 24a:	bc 82       	std	Y+4, r11	; 0x04
 24c:	0f 5f       	subi	r16, 0xFF	; 255
 24e:	1f 4f       	sbci	r17, 0xFF	; 255
 250:	25 96       	adiw	r28, 0x05	; 5
 252:	e6 cf       	rjmp	.-52     	; 0x220 <_Z5delaym+0x3c>
 254:	f8 94       	cli
 256:	80 91 71 01 	lds	r24, 0x0171	; 0x800171 <_ZL3ms1>
 25a:	90 91 72 01 	lds	r25, 0x0172	; 0x800172 <_ZL3ms1+0x1>
 25e:	a0 91 73 01 	lds	r26, 0x0173	; 0x800173 <_ZL3ms1+0x2>
 262:	b0 91 74 01 	lds	r27, 0x0174	; 0x800174 <_ZL3ms1+0x3>
 266:	8c 15       	cp	r24, r12
 268:	9d 05       	cpc	r25, r13
 26a:	ae 05       	cpc	r26, r14
 26c:	bf 05       	cpc	r27, r15
 26e:	98 f2       	brcs	.-90     	; 0x216 <_Z5delaym+0x32>
 270:	78 94       	sei
 272:	df 91       	pop	r29
 274:	cf 91       	pop	r28
 276:	1f 91       	pop	r17
 278:	0f 91       	pop	r16
 27a:	ff 90       	pop	r15
 27c:	ef 90       	pop	r14
 27e:	df 90       	pop	r13
 280:	cf 90       	pop	r12
 282:	bf 90       	pop	r11
 284:	08 95       	ret

00000286 <_Z12SetDelayFuncPFvvEh>:
 286:	20 91 5c 01 	lds	r18, 0x015C	; 0x80015c <len_st>
 28a:	24 30       	cpi	r18, 0x04	; 4
 28c:	c8 f4       	brcc	.+50     	; 0x2c0 <_Z12SetDelayFuncPFvvEh+0x3a>
 28e:	35 e0       	ldi	r19, 0x05	; 5
 290:	23 9f       	mul	r18, r19
 292:	f0 01       	movw	r30, r0
 294:	11 24       	eor	r1, r1
 296:	e3 5a       	subi	r30, 0xA3	; 163
 298:	fe 4f       	sbci	r31, 0xFE	; 254
 29a:	80 83       	st	Z, r24
 29c:	91 83       	std	Z+1, r25	; 0x01
 29e:	86 2f       	mov	r24, r22
 2a0:	8f 71       	andi	r24, 0x1F	; 31
 2a2:	48 2f       	mov	r20, r24
 2a4:	50 e0       	ldi	r21, 0x00	; 0
 2a6:	93 e0       	ldi	r25, 0x03	; 3
 2a8:	55 95       	asr	r21
 2aa:	47 95       	ror	r20
 2ac:	9a 95       	dec	r25
 2ae:	e1 f7       	brne	.-8      	; 0x2a8 <_Z12SetDelayFuncPFvvEh+0x22>
 2b0:	43 83       	std	Z+3, r20	; 0x03
 2b2:	81 11       	cpse	r24, r1
 2b4:	06 c0       	rjmp	.+12     	; 0x2c2 <_Z12SetDelayFuncPFvvEh+0x3c>
 2b6:	8f ef       	ldi	r24, 0xFF	; 255
 2b8:	82 83       	std	Z+2, r24	; 0x02
 2ba:	2f 5f       	subi	r18, 0xFF	; 255
 2bc:	20 93 5c 01 	sts	0x015C, r18	; 0x80015c <len_st>
 2c0:	08 95       	ret
 2c2:	67 70       	andi	r22, 0x07	; 7
 2c4:	81 e0       	ldi	r24, 0x01	; 1
 2c6:	90 e0       	ldi	r25, 0x00	; 0
 2c8:	01 c0       	rjmp	.+2      	; 0x2cc <_Z12SetDelayFuncPFvvEh+0x46>
 2ca:	88 0f       	add	r24, r24
 2cc:	6a 95       	dec	r22
 2ce:	ea f7       	brpl	.-6      	; 0x2ca <_Z12SetDelayFuncPFvvEh+0x44>
 2d0:	f3 cf       	rjmp	.-26     	; 0x2b8 <_Z12SetDelayFuncPFvvEh+0x32>

000002d2 <_Z10timer0initv>:
 2d2:	89 ef       	ldi	r24, 0xF9	; 249
 2d4:	87 bd       	out	0x27, r24	; 39
 2d6:	82 e0       	ldi	r24, 0x02	; 2
 2d8:	84 bd       	out	0x24, r24	; 36
 2da:	93 e0       	ldi	r25, 0x03	; 3
 2dc:	95 bd       	out	0x25, r25	; 37
 2de:	80 93 6e 00 	sts	0x006E, r24	; 0x80006e <__TEXT_REGION_LENGTH__+0x7e006e>
 2e2:	08 95       	ret

000002e4 <__vector_14>:
 2e4:	1f 92       	push	r1
 2e6:	1f b6       	in	r1, 0x3f	; 63
 2e8:	1f 92       	push	r1
 2ea:	11 24       	eor	r1, r1
 2ec:	8f 93       	push	r24
 2ee:	9f 93       	push	r25
 2f0:	af 93       	push	r26
 2f2:	bf 93       	push	r27
 2f4:	80 91 71 01 	lds	r24, 0x0171	; 0x800171 <_ZL3ms1>
 2f8:	90 91 72 01 	lds	r25, 0x0172	; 0x800172 <_ZL3ms1+0x1>
 2fc:	a0 91 73 01 	lds	r26, 0x0173	; 0x800173 <_ZL3ms1+0x2>
 300:	b0 91 74 01 	lds	r27, 0x0174	; 0x800174 <_ZL3ms1+0x3>
 304:	01 96       	adiw	r24, 0x01	; 1
 306:	a1 1d       	adc	r26, r1
 308:	b1 1d       	adc	r27, r1
 30a:	80 93 71 01 	sts	0x0171, r24	; 0x800171 <_ZL3ms1>
 30e:	90 93 72 01 	sts	0x0172, r25	; 0x800172 <_ZL3ms1+0x1>
 312:	a0 93 73 01 	sts	0x0173, r26	; 0x800173 <_ZL3ms1+0x2>
 316:	b0 93 74 01 	sts	0x0174, r27	; 0x800174 <_ZL3ms1+0x3>
 31a:	bf 91       	pop	r27
 31c:	af 91       	pop	r26
 31e:	9f 91       	pop	r25
 320:	8f 91       	pop	r24
 322:	1f 90       	pop	r1
 324:	1f be       	out	0x3f, r1	; 63
 326:	1f 90       	pop	r1
 328:	18 95       	reti

0000032a <_ZN7OneWireC1Eh>:
 32a:	fc 01       	movw	r30, r24
 32c:	60 83       	st	Z, r22
 32e:	08 95       	ret

00000330 <_ZN7OneWire5resetEv>:
 330:	fc 01       	movw	r30, r24
 332:	90 81       	ld	r25, Z
 334:	87 b1       	in	r24, 0x07	; 7
 336:	49 2f       	mov	r20, r25
 338:	40 95       	com	r20
 33a:	84 23       	and	r24, r20
 33c:	87 b9       	out	0x07, r24	; 7
 33e:	88 b1       	in	r24, 0x08	; 8
 340:	84 23       	and	r24, r20
 342:	88 b9       	out	0x08, r24	; 8
 344:	e8 e2       	ldi	r30, 0x28	; 40
 346:	f0 e0       	ldi	r31, 0x00	; 0
 348:	31 97       	sbiw	r30, 0x01	; 1
 34a:	f1 f7       	brne	.-4      	; 0x348 <_ZN7OneWire5resetEv+0x18>
 34c:	69 2f       	mov	r22, r25
 34e:	70 e0       	ldi	r23, 0x00	; 0
 350:	26 b1       	in	r18, 0x06	; 6
 352:	30 e0       	ldi	r19, 0x00	; 0
 354:	20 95       	com	r18
 356:	30 95       	com	r19
 358:	26 23       	and	r18, r22
 35a:	37 23       	and	r19, r23
 35c:	23 2b       	or	r18, r19
 35e:	c1 f7       	brne	.-16     	; 0x350 <_ZN7OneWire5resetEv+0x20>
 360:	87 b1       	in	r24, 0x07	; 7
 362:	89 2b       	or	r24, r25
 364:	87 b9       	out	0x07, r24	; 7
 366:	e0 e8       	ldi	r30, 0x80	; 128
 368:	f7 e0       	ldi	r31, 0x07	; 7
 36a:	31 97       	sbiw	r30, 0x01	; 1
 36c:	f1 f7       	brne	.-4      	; 0x36a <_ZN7OneWire5resetEv+0x3a>
 36e:	f8 94       	cli
 370:	87 b1       	in	r24, 0x07	; 7
 372:	84 23       	and	r24, r20
 374:	87 b9       	out	0x07, r24	; 7
 376:	e8 e1       	ldi	r30, 0x18	; 24
 378:	f1 e0       	ldi	r31, 0x01	; 1
 37a:	31 97       	sbiw	r30, 0x01	; 1
 37c:	f1 f7       	brne	.-4      	; 0x37a <_ZN7OneWire5resetEv+0x4a>
 37e:	86 b1       	in	r24, 0x06	; 6
 380:	78 94       	sei
 382:	e0 e4       	ldi	r30, 0x40	; 64
 384:	f6 e0       	ldi	r31, 0x06	; 6
 386:	31 97       	sbiw	r30, 0x01	; 1
 388:	f1 f7       	brne	.-4      	; 0x386 <_ZN7OneWire5resetEv+0x56>
 38a:	80 95       	com	r24
 38c:	89 23       	and	r24, r25
 38e:	08 95       	ret

00000390 <_ZN7OneWire9write_bitEh>:
 390:	fc 01       	movw	r30, r24
 392:	80 81       	ld	r24, Z
 394:	f8 94       	cli
 396:	28 b1       	in	r18, 0x08	; 8
 398:	98 2f       	mov	r25, r24
 39a:	90 95       	com	r25
 39c:	92 23       	and	r25, r18
 39e:	98 b9       	out	0x08, r25	; 8
 3a0:	97 b1       	in	r25, 0x07	; 7
 3a2:	98 2b       	or	r25, r24
 3a4:	97 b9       	out	0x07, r25	; 7
 3a6:	e8 e2       	ldi	r30, 0x28	; 40
 3a8:	f0 e0       	ldi	r31, 0x00	; 0
 3aa:	31 97       	sbiw	r30, 0x01	; 1
 3ac:	f1 f7       	brne	.-4      	; 0x3aa <_ZN7OneWire9write_bitEh+0x1a>
 3ae:	66 23       	and	r22, r22
 3b0:	69 f0       	breq	.+26     	; 0x3cc <_ZN7OneWire9write_bitEh+0x3c>
 3b2:	98 b1       	in	r25, 0x08	; 8
 3b4:	89 2b       	or	r24, r25
 3b6:	88 b9       	out	0x08, r24	; 8
 3b8:	88 ec       	ldi	r24, 0xC8	; 200
 3ba:	90 e0       	ldi	r25, 0x00	; 0
 3bc:	01 97       	sbiw	r24, 0x01	; 1
 3be:	f1 f7       	brne	.-4      	; 0x3bc <_ZN7OneWire9write_bitEh+0x2c>
 3c0:	84 e1       	ldi	r24, 0x14	; 20
 3c2:	90 e0       	ldi	r25, 0x00	; 0
 3c4:	01 97       	sbiw	r24, 0x01	; 1
 3c6:	f1 f7       	brne	.-4      	; 0x3c4 <_ZN7OneWire9write_bitEh+0x34>
 3c8:	78 94       	sei
 3ca:	08 95       	ret
 3cc:	ec ed       	ldi	r30, 0xDC	; 220
 3ce:	f0 e0       	ldi	r31, 0x00	; 0
 3d0:	31 97       	sbiw	r30, 0x01	; 1
 3d2:	f1 f7       	brne	.-4      	; 0x3d0 <_ZN7OneWire9write_bitEh+0x40>
 3d4:	98 b1       	in	r25, 0x08	; 8
 3d6:	89 2b       	or	r24, r25
 3d8:	88 b9       	out	0x08, r24	; 8
 3da:	f2 cf       	rjmp	.-28     	; 0x3c0 <_ZN7OneWire9write_bitEh+0x30>

000003dc <_ZN7OneWire5writeEh>:
 3dc:	ef 92       	push	r14
 3de:	ff 92       	push	r15
 3e0:	0f 93       	push	r16
 3e2:	1f 93       	push	r17
 3e4:	cf 93       	push	r28
 3e6:	df 93       	push	r29
 3e8:	f8 2e       	mov	r15, r24
 3ea:	09 2f       	mov	r16, r25
 3ec:	e6 2e       	mov	r14, r22
 3ee:	c8 e0       	ldi	r28, 0x08	; 8
 3f0:	d0 e0       	ldi	r29, 0x00	; 0
 3f2:	11 e0       	ldi	r17, 0x01	; 1
 3f4:	6e 2d       	mov	r22, r14
 3f6:	61 23       	and	r22, r17
 3f8:	8f 2d       	mov	r24, r15
 3fa:	90 2f       	mov	r25, r16
 3fc:	0e 94 c8 01 	call	0x390	; 0x390 <_ZN7OneWire9write_bitEh>
 400:	11 0f       	add	r17, r17
 402:	21 97       	sbiw	r28, 0x01	; 1
 404:	b9 f7       	brne	.-18     	; 0x3f4 <_ZN7OneWire5writeEh+0x18>
 406:	df 91       	pop	r29
 408:	cf 91       	pop	r28
 40a:	1f 91       	pop	r17
 40c:	0f 91       	pop	r16
 40e:	ff 90       	pop	r15
 410:	ef 90       	pop	r14
 412:	08 95       	ret

00000414 <_ZN7OneWire11write_bytesEPKhj>:
 414:	ef 92       	push	r14
 416:	ff 92       	push	r15
 418:	0f 93       	push	r16
 41a:	1f 93       	push	r17
 41c:	cf 93       	push	r28
 41e:	df 93       	push	r29
 420:	8c 01       	movw	r16, r24
 422:	eb 01       	movw	r28, r22
 424:	7b 01       	movw	r14, r22
 426:	e4 0e       	add	r14, r20
 428:	f5 1e       	adc	r15, r21
 42a:	ce 15       	cp	r28, r14
 42c:	df 05       	cpc	r29, r15
 42e:	29 f0       	breq	.+10     	; 0x43a <_ZN7OneWire11write_bytesEPKhj+0x26>
 430:	69 91       	ld	r22, Y+
 432:	c8 01       	movw	r24, r16
 434:	0e 94 ee 01 	call	0x3dc	; 0x3dc <_ZN7OneWire5writeEh>
 438:	f8 cf       	rjmp	.-16     	; 0x42a <_ZN7OneWire11write_bytesEPKhj+0x16>
 43a:	df 91       	pop	r29
 43c:	cf 91       	pop	r28
 43e:	1f 91       	pop	r17
 440:	0f 91       	pop	r16
 442:	ff 90       	pop	r15
 444:	ef 90       	pop	r14
 446:	08 95       	ret

00000448 <_ZN7OneWire6selectEPKh>:
 448:	0f 93       	push	r16
 44a:	1f 93       	push	r17
 44c:	cf 93       	push	r28
 44e:	df 93       	push	r29
 450:	d8 2f       	mov	r29, r24
 452:	c9 2f       	mov	r28, r25
 454:	8b 01       	movw	r16, r22
 456:	65 e5       	ldi	r22, 0x55	; 85
 458:	0e 94 ee 01 	call	0x3dc	; 0x3dc <_ZN7OneWire5writeEh>
 45c:	48 e0       	ldi	r20, 0x08	; 8
 45e:	50 e0       	ldi	r21, 0x00	; 0
 460:	b8 01       	movw	r22, r16
 462:	8d 2f       	mov	r24, r29
 464:	9c 2f       	mov	r25, r28
 466:	df 91       	pop	r29
 468:	cf 91       	pop	r28
 46a:	1f 91       	pop	r17
 46c:	0f 91       	pop	r16
 46e:	0c 94 0a 02 	jmp	0x414	; 0x414 <_ZN7OneWire11write_bytesEPKhj>

00000472 <_ZN7OneWire8read_bitEv>:
 472:	fc 01       	movw	r30, r24
 474:	90 81       	ld	r25, Z
 476:	f8 94       	cli
 478:	28 b1       	in	r18, 0x08	; 8
 47a:	39 2f       	mov	r19, r25
 47c:	30 95       	com	r19
 47e:	23 23       	and	r18, r19
 480:	28 b9       	out	0x08, r18	; 8
 482:	27 b1       	in	r18, 0x07	; 7
 484:	29 2b       	or	r18, r25
 486:	27 b9       	out	0x07, r18	; 7
 488:	ec e0       	ldi	r30, 0x0C	; 12
 48a:	f0 e0       	ldi	r31, 0x00	; 0
 48c:	31 97       	sbiw	r30, 0x01	; 1
 48e:	f1 f7       	brne	.-4      	; 0x48c <_ZN7OneWire8read_bitEv+0x1a>
 490:	87 b1       	in	r24, 0x07	; 7
 492:	83 23       	and	r24, r19
 494:	87 b9       	out	0x07, r24	; 7
 496:	e8 e2       	ldi	r30, 0x28	; 40
 498:	f0 e0       	ldi	r31, 0x00	; 0
 49a:	31 97       	sbiw	r30, 0x01	; 1
 49c:	f1 f7       	brne	.-4      	; 0x49a <_ZN7OneWire8read_bitEv+0x28>
 49e:	86 b1       	in	r24, 0x06	; 6
 4a0:	89 23       	and	r24, r25
 4a2:	86 b9       	out	0x06, r24	; 6
 4a4:	78 94       	sei
 4a6:	e4 ed       	ldi	r30, 0xD4	; 212
 4a8:	f0 e0       	ldi	r31, 0x00	; 0
 4aa:	31 97       	sbiw	r30, 0x01	; 1
 4ac:	f1 f7       	brne	.-4      	; 0x4aa <_ZN7OneWire8read_bitEv+0x38>
 4ae:	08 95       	ret

000004b0 <_ZN7OneWire4readEv>:
 4b0:	ef 92       	push	r14
 4b2:	ff 92       	push	r15
 4b4:	0f 93       	push	r16
 4b6:	1f 93       	push	r17
 4b8:	cf 93       	push	r28
 4ba:	df 93       	push	r29
 4bc:	f8 2e       	mov	r15, r24
 4be:	e9 2e       	mov	r14, r25
 4c0:	08 e0       	ldi	r16, 0x08	; 8
 4c2:	10 e0       	ldi	r17, 0x00	; 0
 4c4:	d1 e0       	ldi	r29, 0x01	; 1
 4c6:	c0 e0       	ldi	r28, 0x00	; 0
 4c8:	8f 2d       	mov	r24, r15
 4ca:	9e 2d       	mov	r25, r14
 4cc:	0e 94 39 02 	call	0x472	; 0x472 <_ZN7OneWire8read_bitEv>
 4d0:	81 11       	cpse	r24, r1
 4d2:	cd 2b       	or	r28, r29
 4d4:	dd 0f       	add	r29, r29
 4d6:	01 50       	subi	r16, 0x01	; 1
 4d8:	11 09       	sbc	r17, r1
 4da:	b1 f7       	brne	.-20     	; 0x4c8 <_ZN7OneWire4readEv+0x18>
 4dc:	8c 2f       	mov	r24, r28
 4de:	df 91       	pop	r29
 4e0:	cf 91       	pop	r28
 4e2:	1f 91       	pop	r17
 4e4:	0f 91       	pop	r16
 4e6:	ff 90       	pop	r15
 4e8:	ef 90       	pop	r14
 4ea:	08 95       	ret

000004ec <_ZN7OneWire10read_bytesEPhj>:
 4ec:	ef 92       	push	r14
 4ee:	ff 92       	push	r15
 4f0:	0f 93       	push	r16
 4f2:	1f 93       	push	r17
 4f4:	cf 93       	push	r28
 4f6:	df 93       	push	r29
 4f8:	8c 01       	movw	r16, r24
 4fa:	eb 01       	movw	r28, r22
 4fc:	7b 01       	movw	r14, r22
 4fe:	e4 0e       	add	r14, r20
 500:	f5 1e       	adc	r15, r21
 502:	ce 15       	cp	r28, r14
 504:	df 05       	cpc	r29, r15
 506:	29 f0       	breq	.+10     	; 0x512 <_ZN7OneWire10read_bytesEPhj+0x26>
 508:	c8 01       	movw	r24, r16
 50a:	0e 94 58 02 	call	0x4b0	; 0x4b0 <_ZN7OneWire4readEv>
 50e:	89 93       	st	Y+, r24
 510:	f8 cf       	rjmp	.-16     	; 0x502 <_ZN7OneWire10read_bytesEPhj+0x16>
 512:	df 91       	pop	r29
 514:	cf 91       	pop	r28
 516:	1f 91       	pop	r17
 518:	0f 91       	pop	r16
 51a:	ff 90       	pop	r15
 51c:	ef 90       	pop	r14
 51e:	08 95       	ret

00000520 <_ZN7OneWire4crc8EPKhh>:
 520:	28 2f       	mov	r18, r24
 522:	80 e0       	ldi	r24, 0x00	; 0
 524:	61 50       	subi	r22, 0x01	; 1
 526:	58 f0       	brcs	.+22     	; 0x53e <_ZN7OneWire4crc8EPKhh+0x1e>
 528:	a2 2f       	mov	r26, r18
 52a:	b9 2f       	mov	r27, r25
 52c:	ed 91       	ld	r30, X+
 52e:	e8 27       	eor	r30, r24
 530:	f0 e0       	ldi	r31, 0x00	; 0
 532:	e2 57       	subi	r30, 0x72	; 114
 534:	ff 4f       	sbci	r31, 0xFF	; 255
 536:	84 91       	lpm	r24, Z
 538:	2a 2f       	mov	r18, r26
 53a:	9b 2f       	mov	r25, r27
 53c:	f3 cf       	rjmp	.-26     	; 0x524 <_ZN7OneWire4crc8EPKhh+0x4>
 53e:	08 95       	ret

00000540 <_Z9UsartInitm>:
 540:	cf 93       	push	r28
 542:	df 93       	push	r29
 544:	00 d0       	rcall	.+0      	; 0x546 <_Z9UsartInitm+0x6>
 546:	00 d0       	rcall	.+0      	; 0x548 <_Z9UsartInitm+0x8>
 548:	cd b7       	in	r28, 0x3d	; 61
 54a:	de b7       	in	r29, 0x3e	; 62
 54c:	69 83       	std	Y+1, r22	; 0x01
 54e:	7a 83       	std	Y+2, r23	; 0x02
 550:	8b 83       	std	Y+3, r24	; 0x03
 552:	9c 83       	std	Y+4, r25	; 0x04
 554:	60 e8       	ldi	r22, 0x80	; 128
 556:	74 e8       	ldi	r23, 0x84	; 132
 558:	8e e1       	ldi	r24, 0x1E	; 30
 55a:	90 e0       	ldi	r25, 0x00	; 0
 55c:	29 81       	ldd	r18, Y+1	; 0x01
 55e:	3a 81       	ldd	r19, Y+2	; 0x02
 560:	4b 81       	ldd	r20, Y+3	; 0x03
 562:	5c 81       	ldd	r21, Y+4	; 0x04
 564:	0e 94 b0 03 	call	0x760	; 0x760 <__udivmodsi4>
 568:	21 50       	subi	r18, 0x01	; 1
 56a:	31 09       	sbc	r19, r1
 56c:	41 09       	sbc	r20, r1
 56e:	51 09       	sbc	r21, r1
 570:	56 95       	lsr	r21
 572:	47 95       	ror	r20
 574:	37 95       	ror	r19
 576:	27 95       	ror	r18
 578:	20 93 c4 00 	sts	0x00C4, r18	; 0x8000c4 <__TEXT_REGION_LENGTH__+0x7e00c4>
 57c:	86 e0       	ldi	r24, 0x06	; 6
 57e:	80 93 c2 00 	sts	0x00C2, r24	; 0x8000c2 <__TEXT_REGION_LENGTH__+0x7e00c2>
 582:	88 e9       	ldi	r24, 0x98	; 152
 584:	80 93 c1 00 	sts	0x00C1, r24	; 0x8000c1 <__TEXT_REGION_LENGTH__+0x7e00c1>
 588:	0f 90       	pop	r0
 58a:	0f 90       	pop	r0
 58c:	0f 90       	pop	r0
 58e:	0f 90       	pop	r0
 590:	df 91       	pop	r29
 592:	cf 91       	pop	r28
 594:	08 95       	ret

00000596 <_Z10UsartWritec>:
 596:	90 91 c0 00 	lds	r25, 0x00C0	; 0x8000c0 <__TEXT_REGION_LENGTH__+0x7e00c0>
 59a:	95 ff       	sbrs	r25, 5
 59c:	fc cf       	rjmp	.-8      	; 0x596 <_Z10UsartWritec>
 59e:	80 93 c6 00 	sts	0x00C6, r24	; 0x8000c6 <__TEXT_REGION_LENGTH__+0x7e00c6>
 5a2:	08 95       	ret

000005a4 <_Z10UsartPrintPKc>:
 5a4:	cf 93       	push	r28
 5a6:	df 93       	push	r29
 5a8:	ec 01       	movw	r28, r24
 5aa:	89 91       	ld	r24, Y+
 5ac:	88 23       	and	r24, r24
 5ae:	21 f0       	breq	.+8      	; 0x5b8 <_Z10UsartPrintPKc+0x14>
 5b0:	0e 94 cb 02 	call	0x596	; 0x596 <_Z10UsartWritec>
 5b4:	ce 01       	movw	r24, r28
 5b6:	f8 cf       	rjmp	.-16     	; 0x5a8 <_Z10UsartPrintPKc+0x4>
 5b8:	df 91       	pop	r29
 5ba:	cf 91       	pop	r28
 5bc:	08 95       	ret

000005be <_Z10UsartPrintPKcj>:
 5be:	0f 93       	push	r16
 5c0:	1f 93       	push	r17
 5c2:	cf 93       	push	r28
 5c4:	df 93       	push	r29
 5c6:	ec 01       	movw	r28, r24
 5c8:	8c 01       	movw	r16, r24
 5ca:	06 0f       	add	r16, r22
 5cc:	17 1f       	adc	r17, r23
 5ce:	c0 17       	cp	r28, r16
 5d0:	d1 07       	cpc	r29, r17
 5d2:	21 f0       	breq	.+8      	; 0x5dc <_Z10UsartPrintPKcj+0x1e>
 5d4:	89 91       	ld	r24, Y+
 5d6:	0e 94 cb 02 	call	0x596	; 0x596 <_Z10UsartWritec>
 5da:	f9 cf       	rjmp	.-14     	; 0x5ce <_Z10UsartPrintPKcj+0x10>
 5dc:	df 91       	pop	r29
 5de:	cf 91       	pop	r28
 5e0:	1f 91       	pop	r17
 5e2:	0f 91       	pop	r16
 5e4:	08 95       	ret

000005e6 <_Z13UsartPrintPGMPKc>:
 5e6:	cf 93       	push	r28
 5e8:	df 93       	push	r29
 5ea:	ec 01       	movw	r28, r24
 5ec:	fe 01       	movw	r30, r28
 5ee:	84 91       	lpm	r24, Z
 5f0:	21 96       	adiw	r28, 0x01	; 1
 5f2:	88 23       	and	r24, r24
 5f4:	19 f0       	breq	.+6      	; 0x5fc <_Z13UsartPrintPGMPKc+0x16>
 5f6:	0e 94 cb 02 	call	0x596	; 0x596 <_Z10UsartWritec>
 5fa:	f8 cf       	rjmp	.-16     	; 0x5ec <_Z13UsartPrintPGMPKc+0x6>
 5fc:	df 91       	pop	r29
 5fe:	cf 91       	pop	r28
 600:	08 95       	ret

00000602 <_Z9UsartReadb>:
 602:	88 23       	and	r24, r24
 604:	39 f0       	breq	.+14     	; 0x614 <_Z9UsartReadb+0x12>
 606:	80 91 76 01 	lds	r24, 0x0176	; 0x800176 <RXin>
 60a:	90 91 75 01 	lds	r25, 0x0175	; 0x800175 <RXout>
 60e:	89 1b       	sub	r24, r25
 610:	8f 73       	andi	r24, 0x3F	; 63
 612:	08 95       	ret
 614:	90 91 76 01 	lds	r25, 0x0176	; 0x800176 <RXin>
 618:	80 91 75 01 	lds	r24, 0x0175	; 0x800175 <RXout>
 61c:	98 17       	cp	r25, r24
 61e:	d1 f3       	breq	.-12     	; 0x614 <_Z9UsartReadb+0x12>
 620:	e0 91 75 01 	lds	r30, 0x0175	; 0x800175 <RXout>
 624:	f0 e0       	ldi	r31, 0x00	; 0
 626:	e9 58       	subi	r30, 0x89	; 137
 628:	fe 4f       	sbci	r31, 0xFE	; 254
 62a:	80 81       	ld	r24, Z
 62c:	90 91 75 01 	lds	r25, 0x0175	; 0x800175 <RXout>
 630:	9f 5f       	subi	r25, 0xFF	; 255
 632:	9f 73       	andi	r25, 0x3F	; 63
 634:	90 93 75 01 	sts	0x0175, r25	; 0x800175 <RXout>
 638:	08 95       	ret

0000063a <__vector_18>:
 63a:	8f 93       	push	r24
 63c:	8f b7       	in	r24, 0x3f	; 63
 63e:	8f 93       	push	r24
 640:	ef 93       	push	r30
 642:	ff 93       	push	r31
 644:	80 91 c6 00 	lds	r24, 0x00C6	; 0x8000c6 <__TEXT_REGION_LENGTH__+0x7e00c6>
 648:	e0 91 76 01 	lds	r30, 0x0176	; 0x800176 <RXin>
 64c:	f0 e0       	ldi	r31, 0x00	; 0
 64e:	e9 58       	subi	r30, 0x89	; 137
 650:	fe 4f       	sbci	r31, 0xFE	; 254
 652:	80 83       	st	Z, r24
 654:	80 91 76 01 	lds	r24, 0x0176	; 0x800176 <RXin>
 658:	8f 5f       	subi	r24, 0xFF	; 255
 65a:	8f 73       	andi	r24, 0x3F	; 63
 65c:	80 93 76 01 	sts	0x0176, r24	; 0x800176 <RXin>
 660:	ff 91       	pop	r31
 662:	ef 91       	pop	r30
 664:	8f 91       	pop	r24
 666:	8f bf       	out	0x3f, r24	; 63
 668:	8f 91       	pop	r24
 66a:	18 95       	reti

0000066c <main>:
 66c:	0e 94 69 01 	call	0x2d2	; 0x2d2 <_Z10timer0initv>
 670:	60 e8       	ldi	r22, 0x80	; 128
 672:	75 e2       	ldi	r23, 0x25	; 37
 674:	80 e0       	ldi	r24, 0x00	; 0
 676:	90 e0       	ldi	r25, 0x00	; 0
 678:	0e 94 a0 02 	call	0x540	; 0x540 <_Z9UsartInitm>
 67c:	64 ef       	ldi	r22, 0xF4	; 244
 67e:	71 e0       	ldi	r23, 0x01	; 1
 680:	80 e0       	ldi	r24, 0x00	; 0
 682:	90 e0       	ldi	r25, 0x00	; 0
 684:	0e 94 f2 00 	call	0x1e4	; 0x1e4 <_Z5delaym>
 688:	8c e7       	ldi	r24, 0x7C	; 124
 68a:	90 e0       	ldi	r25, 0x00	; 0
 68c:	0e 94 f3 02 	call	0x5e6	; 0x5e6 <_Z13UsartPrintPGMPKc>
 690:	8b e5       	ldi	r24, 0x5B	; 91
 692:	91 e0       	ldi	r25, 0x01	; 1
 694:	0e 94 98 01 	call	0x330	; 0x330 <_ZN7OneWire5resetEv>
 698:	81 11       	cpse	r24, r1
 69a:	04 c0       	rjmp	.+8      	; 0x6a4 <main+0x38>
 69c:	88 e6       	ldi	r24, 0x68	; 104
 69e:	90 e0       	ldi	r25, 0x00	; 0
 6a0:	0e 94 f3 02 	call	0x5e6	; 0x5e6 <_Z13UsartPrintPGMPKc>
 6a4:	64 ef       	ldi	r22, 0xF4	; 244
 6a6:	71 e0       	ldi	r23, 0x01	; 1
 6a8:	80 e0       	ldi	r24, 0x00	; 0
 6aa:	90 e0       	ldi	r25, 0x00	; 0
 6ac:	0e 94 f2 00 	call	0x1e4	; 0x1e4 <_Z5delaym>
 6b0:	8b e5       	ldi	r24, 0x5B	; 91
 6b2:	91 e0       	ldi	r25, 0x01	; 1
 6b4:	0e 94 98 01 	call	0x330	; 0x330 <_ZN7OneWire5resetEv>
 6b8:	6c ec       	ldi	r22, 0xCC	; 204
 6ba:	8b e5       	ldi	r24, 0x5B	; 91
 6bc:	91 e0       	ldi	r25, 0x01	; 1
 6be:	0e 94 ee 01 	call	0x3dc	; 0x3dc <_ZN7OneWire5writeEh>
 6c2:	64 e4       	ldi	r22, 0x44	; 68
 6c4:	8b e5       	ldi	r24, 0x5B	; 91
 6c6:	91 e0       	ldi	r25, 0x01	; 1
 6c8:	0e 94 ee 01 	call	0x3dc	; 0x3dc <_ZN7OneWire5writeEh>
 6cc:	60 e2       	ldi	r22, 0x20	; 32
 6ce:	73 e0       	ldi	r23, 0x03	; 3
 6d0:	80 e0       	ldi	r24, 0x00	; 0
 6d2:	90 e0       	ldi	r25, 0x00	; 0
 6d4:	0e 94 f2 00 	call	0x1e4	; 0x1e4 <_Z5delaym>
 6d8:	c1 e0       	ldi	r28, 0x01	; 1
 6da:	d1 e0       	ldi	r29, 0x01	; 1
 6dc:	8b e5       	ldi	r24, 0x5B	; 91
 6de:	91 e0       	ldi	r25, 0x01	; 1
 6e0:	0e 94 98 01 	call	0x330	; 0x330 <_ZN7OneWire5resetEv>
 6e4:	be 01       	movw	r22, r28
 6e6:	8b e5       	ldi	r24, 0x5B	; 91
 6e8:	91 e0       	ldi	r25, 0x01	; 1
 6ea:	0e 94 24 02 	call	0x448	; 0x448 <_ZN7OneWire6selectEPKh>
 6ee:	6e eb       	ldi	r22, 0xBE	; 190
 6f0:	8b e5       	ldi	r24, 0x5B	; 91
 6f2:	91 e0       	ldi	r25, 0x01	; 1
 6f4:	0e 94 ee 01 	call	0x3dc	; 0x3dc <_ZN7OneWire5writeEh>
 6f8:	49 e0       	ldi	r20, 0x09	; 9
 6fa:	50 e0       	ldi	r21, 0x00	; 0
 6fc:	62 e5       	ldi	r22, 0x52	; 82
 6fe:	71 e0       	ldi	r23, 0x01	; 1
 700:	8b e5       	ldi	r24, 0x5B	; 91
 702:	91 e0       	ldi	r25, 0x01	; 1
 704:	0e 94 76 02 	call	0x4ec	; 0x4ec <_ZN7OneWire10read_bytesEPhj>
 708:	28 96       	adiw	r28, 0x08	; 8
 70a:	81 e0       	ldi	r24, 0x01	; 1
 70c:	c9 34       	cpi	r28, 0x49	; 73
 70e:	d8 07       	cpc	r29, r24
 710:	29 f7       	brne	.-54     	; 0x6dc <main+0x70>
 712:	6c e2       	ldi	r22, 0x2C	; 44
 714:	71 e0       	ldi	r23, 0x01	; 1
 716:	80 e0       	ldi	r24, 0x00	; 0
 718:	90 e0       	ldi	r25, 0x00	; 0
 71a:	0e 94 f2 00 	call	0x1e4	; 0x1e4 <_Z5delaym>
 71e:	8b e5       	ldi	r24, 0x5B	; 91
 720:	91 e0       	ldi	r25, 0x01	; 1
 722:	0e 94 98 01 	call	0x330	; 0x330 <_ZN7OneWire5resetEv>
 726:	69 e4       	ldi	r22, 0x49	; 73
 728:	71 e0       	ldi	r23, 0x01	; 1
 72a:	8b e5       	ldi	r24, 0x5B	; 91
 72c:	91 e0       	ldi	r25, 0x01	; 1
 72e:	0e 94 24 02 	call	0x448	; 0x448 <_ZN7OneWire6selectEPKh>
 732:	60 91 00 01 	lds	r22, 0x0100	; 0x800100 <p>
 736:	64 59       	subi	r22, 0x94	; 148
 738:	8b e5       	ldi	r24, 0x5B	; 91
 73a:	91 e0       	ldi	r25, 0x01	; 1
 73c:	0e 94 ee 01 	call	0x3dc	; 0x3dc <_ZN7OneWire5writeEh>
 740:	80 91 00 01 	lds	r24, 0x0100	; 0x800100 <p>
 744:	8f 5f       	subi	r24, 0xFF	; 255
 746:	83 70       	andi	r24, 0x03	; 3
 748:	80 93 00 01 	sts	0x0100, r24	; 0x800100 <p>
 74c:	60 ed       	ldi	r22, 0xD0	; 208
 74e:	77 e0       	ldi	r23, 0x07	; 7
 750:	80 e0       	ldi	r24, 0x00	; 0
 752:	90 e0       	ldi	r25, 0x00	; 0
 754:	ab cf       	rjmp	.-170    	; 0x6ac <main+0x40>

00000756 <_GLOBAL__sub_I_ds>:
 756:	64 e0       	ldi	r22, 0x04	; 4
 758:	8b e5       	ldi	r24, 0x5B	; 91
 75a:	91 e0       	ldi	r25, 0x01	; 1
 75c:	0c 94 95 01 	jmp	0x32a	; 0x32a <_ZN7OneWireC1Eh>

00000760 <__udivmodsi4>:
 760:	a1 e2       	ldi	r26, 0x21	; 33
 762:	1a 2e       	mov	r1, r26
 764:	aa 1b       	sub	r26, r26
 766:	bb 1b       	sub	r27, r27
 768:	fd 01       	movw	r30, r26
 76a:	0d c0       	rjmp	.+26     	; 0x786 <__udivmodsi4_ep>

0000076c <__udivmodsi4_loop>:
 76c:	aa 1f       	adc	r26, r26
 76e:	bb 1f       	adc	r27, r27
 770:	ee 1f       	adc	r30, r30
 772:	ff 1f       	adc	r31, r31
 774:	a2 17       	cp	r26, r18
 776:	b3 07       	cpc	r27, r19
 778:	e4 07       	cpc	r30, r20
 77a:	f5 07       	cpc	r31, r21
 77c:	20 f0       	brcs	.+8      	; 0x786 <__udivmodsi4_ep>
 77e:	a2 1b       	sub	r26, r18
 780:	b3 0b       	sbc	r27, r19
 782:	e4 0b       	sbc	r30, r20
 784:	f5 0b       	sbc	r31, r21

00000786 <__udivmodsi4_ep>:
 786:	66 1f       	adc	r22, r22
 788:	77 1f       	adc	r23, r23
 78a:	88 1f       	adc	r24, r24
 78c:	99 1f       	adc	r25, r25
 78e:	1a 94       	dec	r1
 790:	69 f7       	brne	.-38     	; 0x76c <__udivmodsi4_loop>
 792:	60 95       	com	r22
 794:	70 95       	com	r23
 796:	80 95       	com	r24
 798:	90 95       	com	r25
 79a:	9b 01       	movw	r18, r22
 79c:	ac 01       	movw	r20, r24
 79e:	bd 01       	movw	r22, r26
 7a0:	cf 01       	movw	r24, r30
 7a2:	08 95       	ret

000007a4 <__tablejump2__>:
 7a4:	ee 0f       	add	r30, r30
 7a6:	ff 1f       	adc	r31, r31
 7a8:	05 90       	lpm	r0, Z+
 7aa:	f4 91       	lpm	r31, Z
 7ac:	e0 2d       	mov	r30, r0
 7ae:	09 94       	ijmp

000007b0 <_exit>:
 7b0:	f8 94       	cli

000007b2 <__stop_program>:
 7b2:	ff cf       	rjmp	.-2      	; 0x7b2 <__stop_program>
