
p220.elf:     file format elf32-avr

Sections:
Idx Name          Size      VMA       LMA       File off  Algn
  0 .data         00000002  00800100  00000436  000004ca  2**0
                  CONTENTS, ALLOC, LOAD, DATA
  1 .text         00000436  00000000  00000000  00000094  2**1
                  CONTENTS, ALLOC, LOAD, READONLY, CODE
  2 .bss          0000004d  00800102  00800102  000004cc  2**0
                  ALLOC
  3 .comment      00000011  00000000  00000000  000004cc  2**0
                  CONTENTS, READONLY
  4 .note.gnu.avr.deviceinfo 00000040  00000000  00000000  000004e0  2**2
                  CONTENTS, READONLY
  5 .debug_aranges 00000080  00000000  00000000  00000520  2**3
                  CONTENTS, READONLY, DEBUGGING
  6 .debug_info   0000068c  00000000  00000000  000005a0  2**0
                  CONTENTS, READONLY, DEBUGGING
  7 .debug_abbrev 000005f2  00000000  00000000  00000c2c  2**0
                  CONTENTS, READONLY, DEBUGGING
  8 .debug_line   000002bb  00000000  00000000  0000121e  2**0
                  CONTENTS, READONLY, DEBUGGING
  9 .debug_str    00000266  00000000  00000000  000014d9  2**0
                  CONTENTS, READONLY, DEBUGGING

Disassembly of section .text:

00000000 <__vectors>:
   0:	0c 94 47 00 	jmp	0x8e	; 0x8e <__ctors_end>
   4:	0c 94 66 00 	jmp	0xcc	; 0xcc <__vector_1>
   8:	0c 94 64 00 	jmp	0xc8	; 0xc8 <__bad_interrupt>
   c:	0c 94 64 00 	jmp	0xc8	; 0xc8 <__bad_interrupt>
  10:	0c 94 64 00 	jmp	0xc8	; 0xc8 <__bad_interrupt>
  14:	0c 94 64 00 	jmp	0xc8	; 0xc8 <__bad_interrupt>
  18:	0c 94 64 00 	jmp	0xc8	; 0xc8 <__bad_interrupt>
  1c:	0c 94 64 00 	jmp	0xc8	; 0xc8 <__bad_interrupt>
  20:	0c 94 64 00 	jmp	0xc8	; 0xc8 <__bad_interrupt>
  24:	0c 94 64 00 	jmp	0xc8	; 0xc8 <__bad_interrupt>
  28:	0c 94 64 00 	jmp	0xc8	; 0xc8 <__bad_interrupt>
  2c:	0c 94 64 00 	jmp	0xc8	; 0xc8 <__bad_interrupt>
  30:	0c 94 64 00 	jmp	0xc8	; 0xc8 <__bad_interrupt>
  34:	0c 94 64 00 	jmp	0xc8	; 0xc8 <__bad_interrupt>
  38:	0c 94 d7 00 	jmp	0x1ae	; 0x1ae <__vector_14>
  3c:	0c 94 64 00 	jmp	0xc8	; 0xc8 <__bad_interrupt>
  40:	0c 94 64 00 	jmp	0xc8	; 0xc8 <__bad_interrupt>
  44:	0c 94 64 00 	jmp	0xc8	; 0xc8 <__bad_interrupt>
  48:	0c 94 92 01 	jmp	0x324	; 0x324 <__vector_18>
  4c:	0c 94 64 00 	jmp	0xc8	; 0xc8 <__bad_interrupt>
  50:	0c 94 64 00 	jmp	0xc8	; 0xc8 <__bad_interrupt>
  54:	0c 94 64 00 	jmp	0xc8	; 0xc8 <__bad_interrupt>
  58:	0c 94 64 00 	jmp	0xc8	; 0xc8 <__bad_interrupt>
  5c:	0c 94 64 00 	jmp	0xc8	; 0xc8 <__bad_interrupt>
  60:	0c 94 64 00 	jmp	0xc8	; 0xc8 <__bad_interrupt>
  64:	0c 94 64 00 	jmp	0xc8	; 0xc8 <__bad_interrupt>

00000068 <__trampolines_end>:
  68:	45 72       	andi	r20, 0x25	; 37
  6a:	72 6f       	ori	r23, 0xF2	; 242
  6c:	72 20       	and	r7, r2
  6e:	6e 75       	andi	r22, 0x5E	; 94
  70:	6c 20       	and	r6, r12
  72:	64 65       	ori	r22, 0x54	; 84
  74:	74 65       	ori	r23, 0x54	; 84
  76:	63 74       	andi	r22, 0x43	; 67
  78:	6f 72       	andi	r22, 0x2F	; 47
  7a:	0d 0a       	sbc	r0, r29
	...

0000007d <_ZZ4mainE3__c>:
  7d:	0d 0a 50 32 32 30 20 73 74 61 72 74 65 64 0d 0a     ..P220 started..
	...

0000008e <__ctors_end>:
  8e:	11 24       	eor	r1, r1
  90:	1f be       	out	0x3f, r1	; 63
  92:	cf ef       	ldi	r28, 0xFF	; 255
  94:	d8 e0       	ldi	r29, 0x08	; 8
  96:	de bf       	out	0x3e, r29	; 62
  98:	cd bf       	out	0x3d, r28	; 61

0000009a <__do_copy_data>:
  9a:	11 e0       	ldi	r17, 0x01	; 1
  9c:	a0 e0       	ldi	r26, 0x00	; 0
  9e:	b1 e0       	ldi	r27, 0x01	; 1
  a0:	e6 e3       	ldi	r30, 0x36	; 54
  a2:	f4 e0       	ldi	r31, 0x04	; 4
  a4:	02 c0       	rjmp	.+4      	; 0xaa <__do_copy_data+0x10>
  a6:	05 90       	lpm	r0, Z+
  a8:	0d 92       	st	X+, r0
  aa:	a2 30       	cpi	r26, 0x02	; 2
  ac:	b1 07       	cpc	r27, r17
  ae:	d9 f7       	brne	.-10     	; 0xa6 <__do_copy_data+0xc>

000000b0 <__do_clear_bss>:
  b0:	21 e0       	ldi	r18, 0x01	; 1
  b2:	a2 e0       	ldi	r26, 0x02	; 2
  b4:	b1 e0       	ldi	r27, 0x01	; 1
  b6:	01 c0       	rjmp	.+2      	; 0xba <.do_clear_bss_start>

000000b8 <.do_clear_bss_loop>:
  b8:	1d 92       	st	X+, r1

000000ba <.do_clear_bss_start>:
  ba:	af 34       	cpi	r26, 0x4F	; 79
  bc:	b2 07       	cpc	r27, r18
  be:	e1 f7       	brne	.-8      	; 0xb8 <.do_clear_bss_loop>
  c0:	0e 94 ab 01 	call	0x356	; 0x356 <main>
  c4:	0c 94 19 02 	jmp	0x432	; 0x432 <_exit>

000000c8 <__bad_interrupt>:
  c8:	0c 94 00 00 	jmp	0	; 0x0 <__vectors>

000000cc <__vector_1>:
  cc:	1f 92       	push	r1
  ce:	1f b6       	in	r1, 0x3f	; 63
  d0:	1f 92       	push	r1
  d2:	11 24       	eor	r1, r1
  d4:	2f 93       	push	r18
  d6:	3f 93       	push	r19
  d8:	4f 93       	push	r20
  da:	5f 93       	push	r21
  dc:	6f 93       	push	r22
  de:	7f 93       	push	r23
  e0:	8f 93       	push	r24
  e2:	9f 93       	push	r25
  e4:	af 93       	push	r26
  e6:	ef 93       	push	r30
  e8:	ff 93       	push	r31
  ea:	80 91 03 01 	lds	r24, 0x0103	; 0x800103 <fl>
  ee:	88 23       	and	r24, r24
  f0:	39 f1       	breq	.+78     	; 0x140 <__vector_1+0x74>
  f2:	90 e0       	ldi	r25, 0x00	; 0
  f4:	a8 e0       	ldi	r26, 0x08	; 8
  f6:	60 e5       	ldi	r22, 0x50	; 80
  f8:	70 e0       	ldi	r23, 0x00	; 0
  fa:	80 91 02 01 	lds	r24, 0x0102	; 0x800102 <__data_end>
  fe:	28 2f       	mov	r18, r24
 100:	20 95       	com	r18
 102:	42 2f       	mov	r20, r18
 104:	41 70       	andi	r20, 0x01	; 1
 106:	50 e0       	ldi	r21, 0x00	; 0
 108:	9a 01       	movw	r18, r20
 10a:	22 0f       	add	r18, r18
 10c:	33 1f       	adc	r19, r19
 10e:	29 5f       	subi	r18, 0xF9	; 249
 110:	3f 4f       	sbci	r19, 0xFF	; 255
 112:	22 0f       	add	r18, r18
 114:	33 1f       	adc	r19, r19
 116:	92 17       	cp	r25, r18
 118:	13 06       	cpc	r1, r19
 11a:	44 f4       	brge	.+16     	; 0x12c <__vector_1+0x60>
 11c:	8a b1       	in	r24, 0x0a	; 10
 11e:	8a 27       	eor	r24, r26
 120:	8a b9       	out	0x0a, r24	; 10
 122:	fb 01       	movw	r30, r22
 124:	31 97       	sbiw	r30, 0x01	; 1
 126:	f1 f7       	brne	.-4      	; 0x124 <__vector_1+0x58>
 128:	9f 5f       	subi	r25, 0xFF	; 255
 12a:	e7 cf       	rjmp	.-50     	; 0xfa <__vector_1+0x2e>
 12c:	90 e0       	ldi	r25, 0x00	; 0
 12e:	95 95       	asr	r25
 130:	87 95       	ror	r24
 132:	80 93 02 01 	sts	0x0102, r24	; 0x800102 <__data_end>
 136:	80 91 03 01 	lds	r24, 0x0103	; 0x800103 <fl>
 13a:	81 50       	subi	r24, 0x01	; 1
 13c:	80 93 03 01 	sts	0x0103, r24	; 0x800103 <fl>
 140:	ff 91       	pop	r31
 142:	ef 91       	pop	r30
 144:	af 91       	pop	r26
 146:	9f 91       	pop	r25
 148:	8f 91       	pop	r24
 14a:	7f 91       	pop	r23
 14c:	6f 91       	pop	r22
 14e:	5f 91       	pop	r21
 150:	4f 91       	pop	r20
 152:	3f 91       	pop	r19
 154:	2f 91       	pop	r18
 156:	1f 90       	pop	r1
 158:	1f be       	out	0x3f, r1	; 63
 15a:	1f 90       	pop	r1
 15c:	18 95       	reti

0000015e <_Z5delaym>:
 15e:	46 2f       	mov	r20, r22
 160:	57 2f       	mov	r21, r23
 162:	bc 01       	movw	r22, r24
 164:	40 93 07 01 	sts	0x0107, r20	; 0x800107 <msd>
 168:	50 93 08 01 	sts	0x0108, r21	; 0x800108 <msd+0x1>
 16c:	60 93 09 01 	sts	0x0109, r22	; 0x800109 <msd+0x2>
 170:	70 93 0a 01 	sts	0x010A, r23	; 0x80010a <msd+0x3>
 174:	81 e0       	ldi	r24, 0x01	; 1
 176:	80 93 06 01 	sts	0x0106, r24	; 0x800106 <fld>
 17a:	e0 91 04 01 	lds	r30, 0x0104	; 0x800104 <delayfunc>
 17e:	f0 91 05 01 	lds	r31, 0x0105	; 0x800105 <delayfunc+0x1>
 182:	80 91 06 01 	lds	r24, 0x0106	; 0x800106 <fld>
 186:	88 23       	and	r24, r24
 188:	21 f0       	breq	.+8      	; 0x192 <_Z5delaym+0x34>
 18a:	30 97       	sbiw	r30, 0x00	; 0
 18c:	d1 f3       	breq	.-12     	; 0x182 <_Z5delaym+0x24>
 18e:	09 95       	icall
 190:	f4 cf       	rjmp	.-24     	; 0x17a <_Z5delaym+0x1c>
 192:	08 95       	ret

00000194 <_Z9DelayInitPFvvE>:
 194:	90 93 05 01 	sts	0x0105, r25	; 0x800105 <delayfunc+0x1>
 198:	80 93 04 01 	sts	0x0104, r24	; 0x800104 <delayfunc>
 19c:	89 ef       	ldi	r24, 0xF9	; 249
 19e:	87 bd       	out	0x27, r24	; 39
 1a0:	82 e0       	ldi	r24, 0x02	; 2
 1a2:	84 bd       	out	0x24, r24	; 36
 1a4:	93 e0       	ldi	r25, 0x03	; 3
 1a6:	95 bd       	out	0x25, r25	; 37
 1a8:	80 93 6e 00 	sts	0x006E, r24	; 0x80006e <__TEXT_REGION_LENGTH__+0x7e006e>
 1ac:	08 95       	ret

000001ae <__vector_14>:
 1ae:	1f 92       	push	r1
 1b0:	1f b6       	in	r1, 0x3f	; 63
 1b2:	1f 92       	push	r1
 1b4:	11 24       	eor	r1, r1
 1b6:	8f 93       	push	r24
 1b8:	9f 93       	push	r25
 1ba:	af 93       	push	r26
 1bc:	bf 93       	push	r27
 1be:	80 91 0b 01 	lds	r24, 0x010B	; 0x80010b <ms>
 1c2:	90 91 0c 01 	lds	r25, 0x010C	; 0x80010c <ms+0x1>
 1c6:	01 96       	adiw	r24, 0x01	; 1
 1c8:	90 93 0c 01 	sts	0x010C, r25	; 0x80010c <ms+0x1>
 1cc:	80 93 0b 01 	sts	0x010B, r24	; 0x80010b <ms>
 1d0:	80 91 06 01 	lds	r24, 0x0106	; 0x800106 <fld>
 1d4:	88 23       	and	r24, r24
 1d6:	09 f1       	breq	.+66     	; 0x21a <__vector_14+0x6c>
 1d8:	80 91 07 01 	lds	r24, 0x0107	; 0x800107 <msd>
 1dc:	90 91 08 01 	lds	r25, 0x0108	; 0x800108 <msd+0x1>
 1e0:	a0 91 09 01 	lds	r26, 0x0109	; 0x800109 <msd+0x2>
 1e4:	b0 91 0a 01 	lds	r27, 0x010A	; 0x80010a <msd+0x3>
 1e8:	01 97       	sbiw	r24, 0x01	; 1
 1ea:	a1 09       	sbc	r26, r1
 1ec:	b1 09       	sbc	r27, r1
 1ee:	80 93 07 01 	sts	0x0107, r24	; 0x800107 <msd>
 1f2:	90 93 08 01 	sts	0x0108, r25	; 0x800108 <msd+0x1>
 1f6:	a0 93 09 01 	sts	0x0109, r26	; 0x800109 <msd+0x2>
 1fa:	b0 93 0a 01 	sts	0x010A, r27	; 0x80010a <msd+0x3>
 1fe:	80 91 07 01 	lds	r24, 0x0107	; 0x800107 <msd>
 202:	90 91 08 01 	lds	r25, 0x0108	; 0x800108 <msd+0x1>
 206:	a0 91 09 01 	lds	r26, 0x0109	; 0x800109 <msd+0x2>
 20a:	b0 91 0a 01 	lds	r27, 0x010A	; 0x80010a <msd+0x3>
 20e:	00 97       	sbiw	r24, 0x00	; 0
 210:	a1 05       	cpc	r26, r1
 212:	b1 05       	cpc	r27, r1
 214:	11 f4       	brne	.+4      	; 0x21a <__vector_14+0x6c>
 216:	10 92 06 01 	sts	0x0106, r1	; 0x800106 <fld>
 21a:	bf 91       	pop	r27
 21c:	af 91       	pop	r26
 21e:	9f 91       	pop	r25
 220:	8f 91       	pop	r24
 222:	1f 90       	pop	r1
 224:	1f be       	out	0x3f, r1	; 63
 226:	1f 90       	pop	r1
 228:	18 95       	reti

0000022a <_Z9UsartInitm>:
 22a:	cf 93       	push	r28
 22c:	df 93       	push	r29
 22e:	00 d0       	rcall	.+0      	; 0x230 <_Z9UsartInitm+0x6>
 230:	00 d0       	rcall	.+0      	; 0x232 <_Z9UsartInitm+0x8>
 232:	cd b7       	in	r28, 0x3d	; 61
 234:	de b7       	in	r29, 0x3e	; 62
 236:	69 83       	std	Y+1, r22	; 0x01
 238:	7a 83       	std	Y+2, r23	; 0x02
 23a:	8b 83       	std	Y+3, r24	; 0x03
 23c:	9c 83       	std	Y+4, r25	; 0x04
 23e:	60 e8       	ldi	r22, 0x80	; 128
 240:	74 e8       	ldi	r23, 0x84	; 132
 242:	8e e1       	ldi	r24, 0x1E	; 30
 244:	90 e0       	ldi	r25, 0x00	; 0
 246:	29 81       	ldd	r18, Y+1	; 0x01
 248:	3a 81       	ldd	r19, Y+2	; 0x02
 24a:	4b 81       	ldd	r20, Y+3	; 0x03
 24c:	5c 81       	ldd	r21, Y+4	; 0x04
 24e:	0e 94 f7 01 	call	0x3ee	; 0x3ee <__udivmodsi4>
 252:	21 50       	subi	r18, 0x01	; 1
 254:	31 09       	sbc	r19, r1
 256:	41 09       	sbc	r20, r1
 258:	51 09       	sbc	r21, r1
 25a:	56 95       	lsr	r21
 25c:	47 95       	ror	r20
 25e:	37 95       	ror	r19
 260:	27 95       	ror	r18
 262:	20 93 c4 00 	sts	0x00C4, r18	; 0x8000c4 <__TEXT_REGION_LENGTH__+0x7e00c4>
 266:	86 e0       	ldi	r24, 0x06	; 6
 268:	80 93 c2 00 	sts	0x00C2, r24	; 0x8000c2 <__TEXT_REGION_LENGTH__+0x7e00c2>
 26c:	88 e9       	ldi	r24, 0x98	; 152
 26e:	80 93 c1 00 	sts	0x00C1, r24	; 0x8000c1 <__TEXT_REGION_LENGTH__+0x7e00c1>
 272:	0f 90       	pop	r0
 274:	0f 90       	pop	r0
 276:	0f 90       	pop	r0
 278:	0f 90       	pop	r0
 27a:	df 91       	pop	r29
 27c:	cf 91       	pop	r28
 27e:	08 95       	ret

00000280 <_Z10UsartWritec>:
 280:	90 91 c0 00 	lds	r25, 0x00C0	; 0x8000c0 <__TEXT_REGION_LENGTH__+0x7e00c0>
 284:	95 ff       	sbrs	r25, 5
 286:	fc cf       	rjmp	.-8      	; 0x280 <_Z10UsartWritec>
 288:	80 93 c6 00 	sts	0x00C6, r24	; 0x8000c6 <__TEXT_REGION_LENGTH__+0x7e00c6>
 28c:	08 95       	ret

0000028e <_Z10UsartPrintPKc>:
 28e:	cf 93       	push	r28
 290:	df 93       	push	r29
 292:	ec 01       	movw	r28, r24
 294:	89 91       	ld	r24, Y+
 296:	88 23       	and	r24, r24
 298:	21 f0       	breq	.+8      	; 0x2a2 <_Z10UsartPrintPKc+0x14>
 29a:	0e 94 40 01 	call	0x280	; 0x280 <_Z10UsartWritec>
 29e:	ce 01       	movw	r24, r28
 2a0:	f8 cf       	rjmp	.-16     	; 0x292 <_Z10UsartPrintPKc+0x4>
 2a2:	df 91       	pop	r29
 2a4:	cf 91       	pop	r28
 2a6:	08 95       	ret

000002a8 <_Z10UsartPrintPKcj>:
 2a8:	0f 93       	push	r16
 2aa:	1f 93       	push	r17
 2ac:	cf 93       	push	r28
 2ae:	df 93       	push	r29
 2b0:	ec 01       	movw	r28, r24
 2b2:	8c 01       	movw	r16, r24
 2b4:	06 0f       	add	r16, r22
 2b6:	17 1f       	adc	r17, r23
 2b8:	c0 17       	cp	r28, r16
 2ba:	d1 07       	cpc	r29, r17
 2bc:	21 f0       	breq	.+8      	; 0x2c6 <_Z10UsartPrintPKcj+0x1e>
 2be:	89 91       	ld	r24, Y+
 2c0:	0e 94 40 01 	call	0x280	; 0x280 <_Z10UsartWritec>
 2c4:	f9 cf       	rjmp	.-14     	; 0x2b8 <_Z10UsartPrintPKcj+0x10>
 2c6:	df 91       	pop	r29
 2c8:	cf 91       	pop	r28
 2ca:	1f 91       	pop	r17
 2cc:	0f 91       	pop	r16
 2ce:	08 95       	ret

000002d0 <_Z13UsartPrintPGMPKc>:
 2d0:	cf 93       	push	r28
 2d2:	df 93       	push	r29
 2d4:	ec 01       	movw	r28, r24
 2d6:	fe 01       	movw	r30, r28
 2d8:	84 91       	lpm	r24, Z
 2da:	21 96       	adiw	r28, 0x01	; 1
 2dc:	88 23       	and	r24, r24
 2de:	19 f0       	breq	.+6      	; 0x2e6 <_Z13UsartPrintPGMPKc+0x16>
 2e0:	0e 94 40 01 	call	0x280	; 0x280 <_Z10UsartWritec>
 2e4:	f8 cf       	rjmp	.-16     	; 0x2d6 <_Z13UsartPrintPGMPKc+0x6>
 2e6:	df 91       	pop	r29
 2e8:	cf 91       	pop	r28
 2ea:	08 95       	ret

000002ec <_Z9UsartReadb>:
 2ec:	88 23       	and	r24, r24
 2ee:	39 f0       	breq	.+14     	; 0x2fe <_Z9UsartReadb+0x12>
 2f0:	80 91 0e 01 	lds	r24, 0x010E	; 0x80010e <RXin>
 2f4:	90 91 0d 01 	lds	r25, 0x010D	; 0x80010d <RXout>
 2f8:	89 1b       	sub	r24, r25
 2fa:	8f 73       	andi	r24, 0x3F	; 63
 2fc:	08 95       	ret
 2fe:	90 91 0e 01 	lds	r25, 0x010E	; 0x80010e <RXin>
 302:	80 91 0d 01 	lds	r24, 0x010D	; 0x80010d <RXout>
 306:	98 17       	cp	r25, r24
 308:	d1 f3       	breq	.-12     	; 0x2fe <_Z9UsartReadb+0x12>
 30a:	e0 91 0d 01 	lds	r30, 0x010D	; 0x80010d <RXout>
 30e:	f0 e0       	ldi	r31, 0x00	; 0
 310:	e1 5f       	subi	r30, 0xF1	; 241
 312:	fe 4f       	sbci	r31, 0xFE	; 254
 314:	80 81       	ld	r24, Z
 316:	90 91 0d 01 	lds	r25, 0x010D	; 0x80010d <RXout>
 31a:	9f 5f       	subi	r25, 0xFF	; 255
 31c:	9f 73       	andi	r25, 0x3F	; 63
 31e:	90 93 0d 01 	sts	0x010D, r25	; 0x80010d <RXout>
 322:	08 95       	ret

00000324 <__vector_18>:
 324:	8f 93       	push	r24
 326:	8f b7       	in	r24, 0x3f	; 63
 328:	8f 93       	push	r24
 32a:	ef 93       	push	r30
 32c:	ff 93       	push	r31
 32e:	80 91 c6 00 	lds	r24, 0x00C6	; 0x8000c6 <__TEXT_REGION_LENGTH__+0x7e00c6>
 332:	e0 91 0e 01 	lds	r30, 0x010E	; 0x80010e <RXin>
 336:	f0 e0       	ldi	r31, 0x00	; 0
 338:	e1 5f       	subi	r30, 0xF1	; 241
 33a:	fe 4f       	sbci	r31, 0xFE	; 254
 33c:	80 83       	st	Z, r24
 33e:	80 91 0e 01 	lds	r24, 0x010E	; 0x80010e <RXin>
 342:	8f 5f       	subi	r24, 0xFF	; 255
 344:	8f 73       	andi	r24, 0x3F	; 63
 346:	80 93 0e 01 	sts	0x010E, r24	; 0x80010e <RXin>
 34a:	ff 91       	pop	r31
 34c:	ef 91       	pop	r30
 34e:	8f 91       	pop	r24
 350:	8f bf       	out	0x3f, r24	; 63
 352:	8f 91       	pop	r24
 354:	18 95       	reti

00000356 <main>:
 356:	90 e0       	ldi	r25, 0x00	; 0
 358:	80 e0       	ldi	r24, 0x00	; 0
 35a:	0e 94 ca 00 	call	0x194	; 0x194 <_Z9DelayInitPFvvE>
 35e:	60 e0       	ldi	r22, 0x00	; 0
 360:	72 ec       	ldi	r23, 0xC2	; 194
 362:	81 e0       	ldi	r24, 0x01	; 1
 364:	90 e0       	ldi	r25, 0x00	; 0
 366:	0e 94 15 01 	call	0x22a	; 0x22a <_Z9UsartInitm>
 36a:	83 e0       	ldi	r24, 0x03	; 3
 36c:	80 93 69 00 	sts	0x0069, r24	; 0x800069 <__TEXT_REGION_LENGTH__+0x7e0069>
 370:	91 e0       	ldi	r25, 0x01	; 1
 372:	9d bb       	out	0x1d, r25	; 29
 374:	10 92 b1 00 	sts	0x00B1, r1	; 0x8000b1 <__TEXT_REGION_LENGTH__+0x7e00b1>
 378:	10 92 80 00 	sts	0x0080, r1	; 0x800080 <__TEXT_REGION_LENGTH__+0x7e0080>
 37c:	10 92 70 00 	sts	0x0070, r1	; 0x800070 <__TEXT_REGION_LENGTH__+0x7e0070>
 380:	10 92 6f 00 	sts	0x006F, r1	; 0x80006f <__TEXT_REGION_LENGTH__+0x7e006f>
 384:	22 e1       	ldi	r18, 0x12	; 18
 386:	20 93 b0 00 	sts	0x00B0, r18	; 0x8000b0 <__TEXT_REGION_LENGTH__+0x7e00b0>
 38a:	80 93 b4 00 	sts	0x00B4, r24	; 0x8000b4 <__TEXT_REGION_LENGTH__+0x7e00b4>
 38e:	80 93 b3 00 	sts	0x00B3, r24	; 0x8000b3 <__TEXT_REGION_LENGTH__+0x7e00b3>
 392:	90 93 b1 00 	sts	0x00B1, r25	; 0x8000b1 <__TEXT_REGION_LENGTH__+0x7e00b1>
 396:	78 94       	sei
 398:	64 ef       	ldi	r22, 0xF4	; 244
 39a:	71 e0       	ldi	r23, 0x01	; 1
 39c:	80 e0       	ldi	r24, 0x00	; 0
 39e:	90 e0       	ldi	r25, 0x00	; 0
 3a0:	0e 94 af 00 	call	0x15e	; 0x15e <_Z5delaym>
 3a4:	8d e7       	ldi	r24, 0x7D	; 125
 3a6:	90 e0       	ldi	r25, 0x00	; 0
 3a8:	0e 94 68 01 	call	0x2d0	; 0x2d0 <_Z13UsartPrintPGMPKc>
 3ac:	d4 e3       	ldi	r29, 0x34	; 52
 3ae:	c8 e0       	ldi	r28, 0x08	; 8
 3b0:	80 91 00 01 	lds	r24, 0x0100	; 0x800100 <p>
 3b4:	8f 5f       	subi	r24, 0xFF	; 255
 3b6:	88 33       	cpi	r24, 0x38	; 56
 3b8:	b8 f4       	brcc	.+46     	; 0x3e8 <main+0x92>
 3ba:	80 93 00 01 	sts	0x0100, r24	; 0x800100 <p>
 3be:	80 91 00 01 	lds	r24, 0x0100	; 0x800100 <p>
 3c2:	80 93 02 01 	sts	0x0102, r24	; 0x800102 <__data_end>
 3c6:	80 91 03 01 	lds	r24, 0x0103	; 0x800103 <fl>
 3ca:	88 23       	and	r24, r24
 3cc:	21 f0       	breq	.+8      	; 0x3d6 <main+0x80>
 3ce:	88 e6       	ldi	r24, 0x68	; 104
 3d0:	90 e0       	ldi	r25, 0x00	; 0
 3d2:	0e 94 68 01 	call	0x2d0	; 0x2d0 <_Z13UsartPrintPGMPKc>
 3d6:	c0 93 03 01 	sts	0x0103, r28	; 0x800103 <fl>
 3da:	60 ed       	ldi	r22, 0xD0	; 208
 3dc:	77 e0       	ldi	r23, 0x07	; 7
 3de:	80 e0       	ldi	r24, 0x00	; 0
 3e0:	90 e0       	ldi	r25, 0x00	; 0
 3e2:	0e 94 af 00 	call	0x15e	; 0x15e <_Z5delaym>
 3e6:	e4 cf       	rjmp	.-56     	; 0x3b0 <main+0x5a>
 3e8:	d0 93 00 01 	sts	0x0100, r29	; 0x800100 <p>
 3ec:	e8 cf       	rjmp	.-48     	; 0x3be <main+0x68>

000003ee <__udivmodsi4>:
 3ee:	a1 e2       	ldi	r26, 0x21	; 33
 3f0:	1a 2e       	mov	r1, r26
 3f2:	aa 1b       	sub	r26, r26
 3f4:	bb 1b       	sub	r27, r27
 3f6:	fd 01       	movw	r30, r26
 3f8:	0d c0       	rjmp	.+26     	; 0x414 <__udivmodsi4_ep>

000003fa <__udivmodsi4_loop>:
 3fa:	aa 1f       	adc	r26, r26
 3fc:	bb 1f       	adc	r27, r27
 3fe:	ee 1f       	adc	r30, r30
 400:	ff 1f       	adc	r31, r31
 402:	a2 17       	cp	r26, r18
 404:	b3 07       	cpc	r27, r19
 406:	e4 07       	cpc	r30, r20
 408:	f5 07       	cpc	r31, r21
 40a:	20 f0       	brcs	.+8      	; 0x414 <__udivmodsi4_ep>
 40c:	a2 1b       	sub	r26, r18
 40e:	b3 0b       	sbc	r27, r19
 410:	e4 0b       	sbc	r30, r20
 412:	f5 0b       	sbc	r31, r21

00000414 <__udivmodsi4_ep>:
 414:	66 1f       	adc	r22, r22
 416:	77 1f       	adc	r23, r23
 418:	88 1f       	adc	r24, r24
 41a:	99 1f       	adc	r25, r25
 41c:	1a 94       	dec	r1
 41e:	69 f7       	brne	.-38     	; 0x3fa <__udivmodsi4_loop>
 420:	60 95       	com	r22
 422:	70 95       	com	r23
 424:	80 95       	com	r24
 426:	90 95       	com	r25
 428:	9b 01       	movw	r18, r22
 42a:	ac 01       	movw	r20, r24
 42c:	bd 01       	movw	r22, r26
 42e:	cf 01       	movw	r24, r30
 430:	08 95       	ret

00000432 <_exit>:
 432:	f8 94       	cli

00000434 <__stop_program>:
 434:	ff cf       	rjmp	.-2      	; 0x434 <__stop_program>
