
blink.elf:     file format elf32-avr

Sections:
Idx Name          Size      VMA       LMA       File off  Algn
  0 .data         00000000  00800100  00000184  00000218  2**0
                  CONTENTS, ALLOC, LOAD, DATA
  1 .text         00000184  00000000  00000000  00000094  2**1
                  CONTENTS, ALLOC, LOAD, READONLY, CODE
  2 .bss          00000009  00800100  00800100  00000218  2**0
                  ALLOC
  3 .comment      00000011  00000000  00000000  00000218  2**0
                  CONTENTS, READONLY
  4 .note.gnu.avr.deviceinfo 00000040  00000000  00000000  0000022c  2**2
                  CONTENTS, READONLY
  5 .debug_aranges 00000040  00000000  00000000  00000270  2**3
                  CONTENTS, READONLY, DEBUGGING
  6 .debug_info   00000640  00000000  00000000  000002b0  2**0
                  CONTENTS, READONLY, DEBUGGING
  7 .debug_abbrev 000005ca  00000000  00000000  000008f0  2**0
                  CONTENTS, READONLY, DEBUGGING
  8 .debug_line   00000103  00000000  00000000  00000eba  2**0
                  CONTENTS, READONLY, DEBUGGING
  9 .debug_str    00000266  00000000  00000000  00000fbd  2**0
                  CONTENTS, READONLY, DEBUGGING

Disassembly of section .text:

00000000 <__vectors>:
   0:	0c 94 34 00 	jmp	0x68	; 0x68 <__ctors_end>
   4:	0c 94 46 00 	jmp	0x8c	; 0x8c <__bad_interrupt>
   8:	0c 94 46 00 	jmp	0x8c	; 0x8c <__bad_interrupt>
   c:	0c 94 46 00 	jmp	0x8c	; 0x8c <__bad_interrupt>
  10:	0c 94 46 00 	jmp	0x8c	; 0x8c <__bad_interrupt>
  14:	0c 94 46 00 	jmp	0x8c	; 0x8c <__bad_interrupt>
  18:	0c 94 46 00 	jmp	0x8c	; 0x8c <__bad_interrupt>
  1c:	0c 94 46 00 	jmp	0x8c	; 0x8c <__bad_interrupt>
  20:	0c 94 46 00 	jmp	0x8c	; 0x8c <__bad_interrupt>
  24:	0c 94 46 00 	jmp	0x8c	; 0x8c <__bad_interrupt>
  28:	0c 94 46 00 	jmp	0x8c	; 0x8c <__bad_interrupt>
  2c:	0c 94 46 00 	jmp	0x8c	; 0x8c <__bad_interrupt>
  30:	0c 94 46 00 	jmp	0x8c	; 0x8c <__bad_interrupt>
  34:	0c 94 46 00 	jmp	0x8c	; 0x8c <__bad_interrupt>
  38:	0c 94 70 00 	jmp	0xe0	; 0xe0 <__vector_14>
  3c:	0c 94 46 00 	jmp	0x8c	; 0x8c <__bad_interrupt>
  40:	0c 94 46 00 	jmp	0x8c	; 0x8c <__bad_interrupt>
  44:	0c 94 46 00 	jmp	0x8c	; 0x8c <__bad_interrupt>
  48:	0c 94 46 00 	jmp	0x8c	; 0x8c <__bad_interrupt>
  4c:	0c 94 46 00 	jmp	0x8c	; 0x8c <__bad_interrupt>
  50:	0c 94 46 00 	jmp	0x8c	; 0x8c <__bad_interrupt>
  54:	0c 94 46 00 	jmp	0x8c	; 0x8c <__bad_interrupt>
  58:	0c 94 46 00 	jmp	0x8c	; 0x8c <__bad_interrupt>
  5c:	0c 94 46 00 	jmp	0x8c	; 0x8c <__bad_interrupt>
  60:	0c 94 46 00 	jmp	0x8c	; 0x8c <__bad_interrupt>
  64:	0c 94 46 00 	jmp	0x8c	; 0x8c <__bad_interrupt>

00000068 <__ctors_end>:
  68:	11 24       	eor	r1, r1
  6a:	1f be       	out	0x3f, r1	; 63
  6c:	cf ef       	ldi	r28, 0xFF	; 255
  6e:	d8 e0       	ldi	r29, 0x08	; 8
  70:	de bf       	out	0x3e, r29	; 62
  72:	cd bf       	out	0x3d, r28	; 61

00000074 <__do_clear_bss>:
  74:	21 e0       	ldi	r18, 0x01	; 1
  76:	a0 e0       	ldi	r26, 0x00	; 0
  78:	b1 e0       	ldi	r27, 0x01	; 1
  7a:	01 c0       	rjmp	.+2      	; 0x7e <.do_clear_bss_start>

0000007c <.do_clear_bss_loop>:
  7c:	1d 92       	st	X+, r1

0000007e <.do_clear_bss_start>:
  7e:	a9 30       	cpi	r26, 0x09	; 9
  80:	b2 07       	cpc	r27, r18
  82:	e1 f7       	brne	.-8      	; 0x7c <.do_clear_bss_loop>
  84:	0e 94 ae 00 	call	0x15c	; 0x15c <main>
  88:	0c 94 c0 00 	jmp	0x180	; 0x180 <_exit>

0000008c <__bad_interrupt>:
  8c:	0c 94 00 00 	jmp	0	; 0x0 <__vectors>

00000090 <_Z5delaym>:
  90:	46 2f       	mov	r20, r22
  92:	57 2f       	mov	r21, r23
  94:	bc 01       	movw	r22, r24
  96:	40 93 03 01 	sts	0x0103, r20	; 0x800103 <msd>
  9a:	50 93 04 01 	sts	0x0104, r21	; 0x800104 <msd+0x1>
  9e:	60 93 05 01 	sts	0x0105, r22	; 0x800105 <msd+0x2>
  a2:	70 93 06 01 	sts	0x0106, r23	; 0x800106 <msd+0x3>
  a6:	81 e0       	ldi	r24, 0x01	; 1
  a8:	80 93 02 01 	sts	0x0102, r24	; 0x800102 <fld>
  ac:	e0 91 00 01 	lds	r30, 0x0100	; 0x800100 <_edata>
  b0:	f0 91 01 01 	lds	r31, 0x0101	; 0x800101 <_edata+0x1>
  b4:	80 91 02 01 	lds	r24, 0x0102	; 0x800102 <fld>
  b8:	88 23       	and	r24, r24
  ba:	21 f0       	breq	.+8      	; 0xc4 <_Z5delaym+0x34>
  bc:	30 97       	sbiw	r30, 0x00	; 0
  be:	d1 f3       	breq	.-12     	; 0xb4 <_Z5delaym+0x24>
  c0:	09 95       	icall
  c2:	f4 cf       	rjmp	.-24     	; 0xac <_Z5delaym+0x1c>
  c4:	08 95       	ret

000000c6 <_Z9DelayInitPFvvE>:
  c6:	90 93 01 01 	sts	0x0101, r25	; 0x800101 <_edata+0x1>
  ca:	80 93 00 01 	sts	0x0100, r24	; 0x800100 <_edata>
  ce:	89 ef       	ldi	r24, 0xF9	; 249
  d0:	87 bd       	out	0x27, r24	; 39
  d2:	82 e0       	ldi	r24, 0x02	; 2
  d4:	84 bd       	out	0x24, r24	; 36
  d6:	93 e0       	ldi	r25, 0x03	; 3
  d8:	95 bd       	out	0x25, r25	; 37
  da:	80 93 6e 00 	sts	0x006E, r24	; 0x80006e <__TEXT_REGION_LENGTH__+0x7e006e>
  de:	08 95       	ret

000000e0 <__vector_14>:
  e0:	1f 92       	push	r1
  e2:	1f b6       	in	r1, 0x3f	; 63
  e4:	1f 92       	push	r1
  e6:	11 24       	eor	r1, r1
  e8:	8f 93       	push	r24
  ea:	9f 93       	push	r25
  ec:	af 93       	push	r26
  ee:	bf 93       	push	r27
  f0:	80 91 07 01 	lds	r24, 0x0107	; 0x800107 <ms>
  f4:	90 91 08 01 	lds	r25, 0x0108	; 0x800108 <ms+0x1>
  f8:	01 96       	adiw	r24, 0x01	; 1
  fa:	90 93 08 01 	sts	0x0108, r25	; 0x800108 <ms+0x1>
  fe:	80 93 07 01 	sts	0x0107, r24	; 0x800107 <ms>
 102:	80 91 02 01 	lds	r24, 0x0102	; 0x800102 <fld>
 106:	88 23       	and	r24, r24
 108:	09 f1       	breq	.+66     	; 0x14c <__vector_14+0x6c>
 10a:	80 91 03 01 	lds	r24, 0x0103	; 0x800103 <msd>
 10e:	90 91 04 01 	lds	r25, 0x0104	; 0x800104 <msd+0x1>
 112:	a0 91 05 01 	lds	r26, 0x0105	; 0x800105 <msd+0x2>
 116:	b0 91 06 01 	lds	r27, 0x0106	; 0x800106 <msd+0x3>
 11a:	01 97       	sbiw	r24, 0x01	; 1
 11c:	a1 09       	sbc	r26, r1
 11e:	b1 09       	sbc	r27, r1
 120:	80 93 03 01 	sts	0x0103, r24	; 0x800103 <msd>
 124:	90 93 04 01 	sts	0x0104, r25	; 0x800104 <msd+0x1>
 128:	a0 93 05 01 	sts	0x0105, r26	; 0x800105 <msd+0x2>
 12c:	b0 93 06 01 	sts	0x0106, r27	; 0x800106 <msd+0x3>
 130:	80 91 03 01 	lds	r24, 0x0103	; 0x800103 <msd>
 134:	90 91 04 01 	lds	r25, 0x0104	; 0x800104 <msd+0x1>
 138:	a0 91 05 01 	lds	r26, 0x0105	; 0x800105 <msd+0x2>
 13c:	b0 91 06 01 	lds	r27, 0x0106	; 0x800106 <msd+0x3>
 140:	00 97       	sbiw	r24, 0x00	; 0
 142:	a1 05       	cpc	r26, r1
 144:	b1 05       	cpc	r27, r1
 146:	11 f4       	brne	.+4      	; 0x14c <__vector_14+0x6c>
 148:	10 92 02 01 	sts	0x0102, r1	; 0x800102 <fld>
 14c:	bf 91       	pop	r27
 14e:	af 91       	pop	r26
 150:	9f 91       	pop	r25
 152:	8f 91       	pop	r24
 154:	1f 90       	pop	r1
 156:	1f be       	out	0x3f, r1	; 63
 158:	1f 90       	pop	r1
 15a:	18 95       	reti

0000015c <main>:
 15c:	80 e2       	ldi	r24, 0x20	; 32
 15e:	84 b9       	out	0x04, r24	; 4
 160:	90 e0       	ldi	r25, 0x00	; 0
 162:	80 e0       	ldi	r24, 0x00	; 0
 164:	0e 94 63 00 	call	0xc6	; 0xc6 <_Z9DelayInitPFvvE>
 168:	78 94       	sei
 16a:	c0 e2       	ldi	r28, 0x20	; 32
 16c:	85 b1       	in	r24, 0x05	; 5
 16e:	8c 27       	eor	r24, r28
 170:	85 b9       	out	0x05, r24	; 5
 172:	60 ed       	ldi	r22, 0xD0	; 208
 174:	77 e0       	ldi	r23, 0x07	; 7
 176:	80 e0       	ldi	r24, 0x00	; 0
 178:	90 e0       	ldi	r25, 0x00	; 0
 17a:	0e 94 48 00 	call	0x90	; 0x90 <_Z5delaym>
 17e:	f6 cf       	rjmp	.-20     	; 0x16c <main+0x10>

00000180 <_exit>:
 180:	f8 94       	cli

00000182 <__stop_program>:
 182:	ff cf       	rjmp	.-2      	; 0x182 <__stop_program>
