
pic_prog.elf:     file format elf32-avr

Sections:
Idx Name          Size      VMA       LMA       File off  Algn
  0 .data         00000046  00800100  0000093a  000009ce  2**0
                  CONTENTS, ALLOC, LOAD, DATA
  1 .text         0000093a  00000000  00000000  00000094  2**1
                  CONTENTS, ALLOC, LOAD, READONLY, CODE
  2 .bss          00000081  00800146  00800146  00000a14  2**0
                  ALLOC
  3 .comment      00000011  00000000  00000000  00000a14  2**0
                  CONTENTS, READONLY
  4 .note.gnu.avr.deviceinfo 00000040  00000000  00000000  00000a28  2**2
                  CONTENTS, READONLY
  5 .debug_aranges 00000080  00000000  00000000  00000a68  2**3
                  CONTENTS, READONLY, DEBUGGING
  6 .debug_info   0000068c  00000000  00000000  00000ae8  2**0
                  CONTENTS, READONLY, DEBUGGING
  7 .debug_abbrev 000005f2  00000000  00000000  00001174  2**0
                  CONTENTS, READONLY, DEBUGGING
  8 .debug_line   000002bb  00000000  00000000  00001766  2**0
                  CONTENTS, READONLY, DEBUGGING
  9 .debug_str    00000266  00000000  00000000  00001a21  2**0
                  CONTENTS, READONLY, DEBUGGING

Disassembly of section .text:

00000000 <__vectors>:
   0:	0c 94 7b 00 	jmp	0xf6	; 0xf6 <__ctors_end>
   4:	0c 94 98 00 	jmp	0x130	; 0x130 <__bad_interrupt>
   8:	0c 94 98 00 	jmp	0x130	; 0x130 <__bad_interrupt>
   c:	0c 94 98 00 	jmp	0x130	; 0x130 <__bad_interrupt>
  10:	0c 94 98 00 	jmp	0x130	; 0x130 <__bad_interrupt>
  14:	0c 94 98 00 	jmp	0x130	; 0x130 <__bad_interrupt>
  18:	0c 94 98 00 	jmp	0x130	; 0x130 <__bad_interrupt>
  1c:	0c 94 98 00 	jmp	0x130	; 0x130 <__bad_interrupt>
  20:	0c 94 98 00 	jmp	0x130	; 0x130 <__bad_interrupt>
  24:	0c 94 98 00 	jmp	0x130	; 0x130 <__bad_interrupt>
  28:	0c 94 98 00 	jmp	0x130	; 0x130 <__bad_interrupt>
  2c:	0c 94 98 00 	jmp	0x130	; 0x130 <__bad_interrupt>
  30:	0c 94 98 00 	jmp	0x130	; 0x130 <__bad_interrupt>
  34:	0c 94 98 00 	jmp	0x130	; 0x130 <__bad_interrupt>
  38:	0c 94 57 03 	jmp	0x6ae	; 0x6ae <__vector_14>
  3c:	0c 94 98 00 	jmp	0x130	; 0x130 <__bad_interrupt>
  40:	0c 94 98 00 	jmp	0x130	; 0x130 <__bad_interrupt>
  44:	0c 94 98 00 	jmp	0x130	; 0x130 <__bad_interrupt>
  48:	0c 94 12 04 	jmp	0x824	; 0x824 <__vector_18>
  4c:	0c 94 98 00 	jmp	0x130	; 0x130 <__bad_interrupt>
  50:	0c 94 98 00 	jmp	0x130	; 0x130 <__bad_interrupt>
  54:	0c 94 98 00 	jmp	0x130	; 0x130 <__bad_interrupt>
  58:	0c 94 98 00 	jmp	0x130	; 0x130 <__bad_interrupt>
  5c:	0c 94 98 00 	jmp	0x130	; 0x130 <__bad_interrupt>
  60:	0c 94 98 00 	jmp	0x130	; 0x130 <__bad_interrupt>
  64:	0c 94 98 00 	jmp	0x130	; 0x130 <__bad_interrupt>

00000068 <__trampolines_end>:
  68:	50 6f       	ori	r21, 0xF0	; 240
  6a:	77 65       	ori	r23, 0x57	; 87
  6c:	72 20       	and	r7, r2
  6e:	4f 46       	sbci	r20, 0x6F	; 111
  70:	46 0d       	add	r20, r6
  72:	0a 1b       	sub	r16, r26
  74:	1b 1b       	sub	r17, r27
  76:	1b 00       	.word	0x001b	; ????

00000078 <_ZZ4mainE3__c>:
  78:	52 65 73 65 74 0d 0a 00                             Reset...

00000080 <_ZZ8WriteHexvE3__c_1>:
  80:	44 6f 6e 65 2e 0d 0a 00                             Done....

00000088 <_ZZ8WriteHexvE3__c_0>:
  88:	0d 0a 45 52 52 4f 52 20 50 52 4f 47 52 41 4d 4d     ..ERROR PROGRAMM
  98:	49 4e 47 21 21 21 0d 0a 1b 1b 1b 1b 00              ING!!!.......

000000a5 <_ZZ8WriteHexvE3__c>:
  a5:	53 74 61 72 74 20 70 72 6f 67 72 61 6d 6d 69 6e     Start programmin
  b5:	67 2e 2e 2e 00                                      g....

000000ba <_ZZ5ErasevE3__c>:
  ba:	50 72 6f 67 72 61 6d 20 4d 65 6d 6f 72 79 20 69     Program Memory i
  ca:	73 20 65 72 61 73 65 64 21 21 21 0d 0a 00           s erased!!!...

000000d8 <_ZZ5PowervE3__c_0>:
  d8:	50 6f 77 65 72 20 4f 4e 0d 0a 00                    Power ON...

000000e3 <_ZZ5PowervE3__c>:
  e3:	53 65 6e 64 20 73 20 74 6f 20 73 74 61 72 74 0d     Send s to start.
  f3:	0a 00 00                                            ...

000000f6 <__ctors_end>:
  f6:	11 24       	eor	r1, r1
  f8:	1f be       	out	0x3f, r1	; 63
  fa:	cf ef       	ldi	r28, 0xFF	; 255
  fc:	d8 e0       	ldi	r29, 0x08	; 8
  fe:	de bf       	out	0x3e, r29	; 62
 100:	cd bf       	out	0x3d, r28	; 61

00000102 <__do_copy_data>:
 102:	11 e0       	ldi	r17, 0x01	; 1
 104:	a0 e0       	ldi	r26, 0x00	; 0
 106:	b1 e0       	ldi	r27, 0x01	; 1
 108:	ea e3       	ldi	r30, 0x3A	; 58
 10a:	f9 e0       	ldi	r31, 0x09	; 9
 10c:	02 c0       	rjmp	.+4      	; 0x112 <__do_copy_data+0x10>
 10e:	05 90       	lpm	r0, Z+
 110:	0d 92       	st	X+, r0
 112:	a6 34       	cpi	r26, 0x46	; 70
 114:	b1 07       	cpc	r27, r17
 116:	d9 f7       	brne	.-10     	; 0x10e <__do_copy_data+0xc>

00000118 <__do_clear_bss>:
 118:	21 e0       	ldi	r18, 0x01	; 1
 11a:	a6 e4       	ldi	r26, 0x46	; 70
 11c:	b1 e0       	ldi	r27, 0x01	; 1
 11e:	01 c0       	rjmp	.+2      	; 0x122 <.do_clear_bss_start>

00000120 <.do_clear_bss_loop>:
 120:	1d 92       	st	X+, r1

00000122 <.do_clear_bss_start>:
 122:	a7 3c       	cpi	r26, 0xC7	; 199
 124:	b2 07       	cpc	r27, r18
 126:	e1 f7       	brne	.-8      	; 0x120 <.do_clear_bss_loop>
 128:	0e 94 2b 04 	call	0x856	; 0x856 <main>
 12c:	0c 94 9b 04 	jmp	0x936	; 0x936 <_exit>

00000130 <__bad_interrupt>:
 130:	0c 94 00 00 	jmp	0	; 0x0 <__vectors>

00000134 <_Z5Resetv>:
 134:	80 e1       	ldi	r24, 0x10	; 16
 136:	85 b9       	out	0x05, r24	; 5
 138:	68 ec       	ldi	r22, 0xC8	; 200
 13a:	70 e0       	ldi	r23, 0x00	; 0
 13c:	80 e0       	ldi	r24, 0x00	; 0
 13e:	90 e0       	ldi	r25, 0x00	; 0
 140:	0e 94 2f 03 	call	0x65e	; 0x65e <_Z5delaym>
 144:	80 e3       	ldi	r24, 0x30	; 48
 146:	85 b9       	out	0x05, r24	; 5
 148:	10 92 7b 01 	sts	0x017B, r1	; 0x80017b <addr+0x1>
 14c:	10 92 7a 01 	sts	0x017A, r1	; 0x80017a <addr>
 150:	08 95       	ret

00000152 <_Z5Powerv>:
 152:	18 b8       	out	0x08, r1	; 8
 154:	15 b8       	out	0x05, r1	; 5
 156:	17 b8       	out	0x07, r1	; 7
 158:	14 b8       	out	0x04, r1	; 4
 15a:	83 ee       	ldi	r24, 0xE3	; 227
 15c:	90 e0       	ldi	r25, 0x00	; 0
 15e:	0e 94 e8 03 	call	0x7d0	; 0x7d0 <_Z13UsartPrintPGMPKc>
 162:	80 e0       	ldi	r24, 0x00	; 0
 164:	0e 94 f6 03 	call	0x7ec	; 0x7ec <_Z9UsartReadb>
 168:	83 37       	cpi	r24, 0x73	; 115
 16a:	b9 f7       	brne	.-18     	; 0x15a <_Z5Powerv+0x8>
 16c:	88 e3       	ldi	r24, 0x38	; 56
 16e:	84 b9       	out	0x04, r24	; 4
 170:	0e 94 9a 00 	call	0x134	; 0x134 <_Z5Resetv>
 174:	83 e0       	ldi	r24, 0x03	; 3
 176:	87 b9       	out	0x07, r24	; 7
 178:	88 ed       	ldi	r24, 0xD8	; 216
 17a:	90 e0       	ldi	r25, 0x00	; 0
 17c:	0c 94 e8 03 	jmp	0x7d0	; 0x7d0 <_Z13UsartPrintPGMPKc>

00000180 <_Z8WriteBith>:
 180:	82 60       	ori	r24, 0x02	; 2
 182:	88 b9       	out	0x08, r24	; 8
 184:	8c e0       	ldi	r24, 0x0C	; 12
 186:	90 e0       	ldi	r25, 0x00	; 0
 188:	fc 01       	movw	r30, r24
 18a:	31 97       	sbiw	r30, 0x01	; 1
 18c:	f1 f7       	brne	.-4      	; 0x18a <_Z8WriteBith+0xa>
 18e:	28 b1       	in	r18, 0x08	; 8
 190:	21 70       	andi	r18, 0x01	; 1
 192:	28 b9       	out	0x08, r18	; 8
 194:	01 97       	sbiw	r24, 0x01	; 1
 196:	f1 f7       	brne	.-4      	; 0x194 <_Z8WriteBith+0x14>
 198:	18 b8       	out	0x08, r1	; 8
 19a:	08 95       	ret

0000019c <_Z7ReadBitv>:
 19c:	82 e0       	ldi	r24, 0x02	; 2
 19e:	88 b9       	out	0x08, r24	; 8
 1a0:	ec e0       	ldi	r30, 0x0C	; 12
 1a2:	f0 e0       	ldi	r31, 0x00	; 0
 1a4:	cf 01       	movw	r24, r30
 1a6:	01 97       	sbiw	r24, 0x01	; 1
 1a8:	f1 f7       	brne	.-4      	; 0x1a6 <_Z7ReadBitv+0xa>
 1aa:	86 b1       	in	r24, 0x06	; 6
 1ac:	18 b8       	out	0x08, r1	; 8
 1ae:	31 97       	sbiw	r30, 0x01	; 1
 1b0:	f1 f7       	brne	.-4      	; 0x1ae <_Z7ReadBitv+0x12>
 1b2:	81 70       	andi	r24, 0x01	; 1
 1b4:	08 95       	ret

000001b6 <_Z25ReadDataFromProgramMemoryv>:
 1b6:	1f 93       	push	r17
 1b8:	cf 93       	push	r28
 1ba:	df 93       	push	r29
 1bc:	d0 e0       	ldi	r29, 0x00	; 0
 1be:	c0 e0       	ldi	r28, 0x00	; 0
 1c0:	80 e0       	ldi	r24, 0x00	; 0
 1c2:	0e 94 c0 00 	call	0x180	; 0x180 <_Z8WriteBith>
 1c6:	80 e0       	ldi	r24, 0x00	; 0
 1c8:	0e 94 c0 00 	call	0x180	; 0x180 <_Z8WriteBith>
 1cc:	81 e0       	ldi	r24, 0x01	; 1
 1ce:	0e 94 c0 00 	call	0x180	; 0x180 <_Z8WriteBith>
 1d2:	80 e0       	ldi	r24, 0x00	; 0
 1d4:	0e 94 c0 00 	call	0x180	; 0x180 <_Z8WriteBith>
 1d8:	80 e0       	ldi	r24, 0x00	; 0
 1da:	0e 94 c0 00 	call	0x180	; 0x180 <_Z8WriteBith>
 1de:	80 e0       	ldi	r24, 0x00	; 0
 1e0:	0e 94 c0 00 	call	0x180	; 0x180 <_Z8WriteBith>
 1e4:	82 e0       	ldi	r24, 0x02	; 2
 1e6:	87 b9       	out	0x07, r24	; 7
 1e8:	8c e0       	ldi	r24, 0x0C	; 12
 1ea:	90 e0       	ldi	r25, 0x00	; 0
 1ec:	01 97       	sbiw	r24, 0x01	; 1
 1ee:	f1 f7       	brne	.-4      	; 0x1ec <_Z25ReadDataFromProgramMemoryv+0x36>
 1f0:	0e 94 ce 00 	call	0x19c	; 0x19c <_Z7ReadBitv>
 1f4:	1e e0       	ldi	r17, 0x0E	; 14
 1f6:	0e 94 ce 00 	call	0x19c	; 0x19c <_Z7ReadBitv>
 1fa:	20 e4       	ldi	r18, 0x40	; 64
 1fc:	82 9f       	mul	r24, r18
 1fe:	c0 01       	movw	r24, r0
 200:	11 24       	eor	r1, r1
 202:	d8 2b       	or	r29, r24
 204:	d6 95       	lsr	r29
 206:	c7 95       	ror	r28
 208:	11 50       	subi	r17, 0x01	; 1
 20a:	a9 f7       	brne	.-22     	; 0x1f6 <_Z25ReadDataFromProgramMemoryv+0x40>
 20c:	0e 94 ce 00 	call	0x19c	; 0x19c <_Z7ReadBitv>
 210:	83 e0       	ldi	r24, 0x03	; 3
 212:	87 b9       	out	0x07, r24	; 7
 214:	ce 01       	movw	r24, r28
 216:	df 91       	pop	r29
 218:	cf 91       	pop	r28
 21a:	1f 91       	pop	r17
 21c:	08 95       	ret

0000021e <_Z31LoadDataCommandForProgramMemoryj>:
 21e:	1f 93       	push	r17
 220:	cf 93       	push	r28
 222:	df 93       	push	r29
 224:	ec 01       	movw	r28, r24
 226:	80 e0       	ldi	r24, 0x00	; 0
 228:	0e 94 c0 00 	call	0x180	; 0x180 <_Z8WriteBith>
 22c:	81 e0       	ldi	r24, 0x01	; 1
 22e:	0e 94 c0 00 	call	0x180	; 0x180 <_Z8WriteBith>
 232:	80 e0       	ldi	r24, 0x00	; 0
 234:	0e 94 c0 00 	call	0x180	; 0x180 <_Z8WriteBith>
 238:	80 e0       	ldi	r24, 0x00	; 0
 23a:	0e 94 c0 00 	call	0x180	; 0x180 <_Z8WriteBith>
 23e:	80 e0       	ldi	r24, 0x00	; 0
 240:	0e 94 c0 00 	call	0x180	; 0x180 <_Z8WriteBith>
 244:	80 e0       	ldi	r24, 0x00	; 0
 246:	0e 94 c0 00 	call	0x180	; 0x180 <_Z8WriteBith>
 24a:	8c e0       	ldi	r24, 0x0C	; 12
 24c:	90 e0       	ldi	r25, 0x00	; 0
 24e:	01 97       	sbiw	r24, 0x01	; 1
 250:	f1 f7       	brne	.-4      	; 0x24e <_Z31LoadDataCommandForProgramMemoryj+0x30>
 252:	80 e0       	ldi	r24, 0x00	; 0
 254:	0e 94 c0 00 	call	0x180	; 0x180 <_Z8WriteBith>
 258:	1e e0       	ldi	r17, 0x0E	; 14
 25a:	8c 2f       	mov	r24, r28
 25c:	81 70       	andi	r24, 0x01	; 1
 25e:	0e 94 c0 00 	call	0x180	; 0x180 <_Z8WriteBith>
 262:	d6 95       	lsr	r29
 264:	c7 95       	ror	r28
 266:	11 50       	subi	r17, 0x01	; 1
 268:	c1 f7       	brne	.-16     	; 0x25a <_Z31LoadDataCommandForProgramMemoryj+0x3c>
 26a:	80 e0       	ldi	r24, 0x00	; 0
 26c:	0e 94 c0 00 	call	0x180	; 0x180 <_Z8WriteBith>
 270:	8c e0       	ldi	r24, 0x0C	; 12
 272:	90 e0       	ldi	r25, 0x00	; 0
 274:	01 97       	sbiw	r24, 0x01	; 1
 276:	f1 f7       	brne	.-4      	; 0x274 <_Z31LoadDataCommandForProgramMemoryj+0x56>
 278:	df 91       	pop	r29
 27a:	cf 91       	pop	r28
 27c:	1f 91       	pop	r17
 27e:	08 95       	ret

00000280 <_Z21BeginProgrammingCyclev>:
 280:	80 e0       	ldi	r24, 0x00	; 0
 282:	0e 94 c0 00 	call	0x180	; 0x180 <_Z8WriteBith>
 286:	80 e0       	ldi	r24, 0x00	; 0
 288:	0e 94 c0 00 	call	0x180	; 0x180 <_Z8WriteBith>
 28c:	80 e0       	ldi	r24, 0x00	; 0
 28e:	0e 94 c0 00 	call	0x180	; 0x180 <_Z8WriteBith>
 292:	81 e0       	ldi	r24, 0x01	; 1
 294:	0e 94 c0 00 	call	0x180	; 0x180 <_Z8WriteBith>
 298:	80 e0       	ldi	r24, 0x00	; 0
 29a:	0e 94 c0 00 	call	0x180	; 0x180 <_Z8WriteBith>
 29e:	80 e0       	ldi	r24, 0x00	; 0
 2a0:	0e 94 c0 00 	call	0x180	; 0x180 <_Z8WriteBith>
 2a4:	6a e0       	ldi	r22, 0x0A	; 10
 2a6:	70 e0       	ldi	r23, 0x00	; 0
 2a8:	80 e0       	ldi	r24, 0x00	; 0
 2aa:	90 e0       	ldi	r25, 0x00	; 0
 2ac:	0c 94 2f 03 	jmp	0x65e	; 0x65e <_Z5delaym>

000002b0 <_Z5Erasev>:
 2b0:	81 e0       	ldi	r24, 0x01	; 1
 2b2:	0e 94 c0 00 	call	0x180	; 0x180 <_Z8WriteBith>
 2b6:	80 e0       	ldi	r24, 0x00	; 0
 2b8:	0e 94 c0 00 	call	0x180	; 0x180 <_Z8WriteBith>
 2bc:	80 e0       	ldi	r24, 0x00	; 0
 2be:	0e 94 c0 00 	call	0x180	; 0x180 <_Z8WriteBith>
 2c2:	81 e0       	ldi	r24, 0x01	; 1
 2c4:	0e 94 c0 00 	call	0x180	; 0x180 <_Z8WriteBith>
 2c8:	80 e0       	ldi	r24, 0x00	; 0
 2ca:	0e 94 c0 00 	call	0x180	; 0x180 <_Z8WriteBith>
 2ce:	80 e0       	ldi	r24, 0x00	; 0
 2d0:	0e 94 c0 00 	call	0x180	; 0x180 <_Z8WriteBith>
 2d4:	64 e6       	ldi	r22, 0x64	; 100
 2d6:	70 e0       	ldi	r23, 0x00	; 0
 2d8:	80 e0       	ldi	r24, 0x00	; 0
 2da:	90 e0       	ldi	r25, 0x00	; 0
 2dc:	0e 94 2f 03 	call	0x65e	; 0x65e <_Z5delaym>
 2e0:	8a eb       	ldi	r24, 0xBA	; 186
 2e2:	90 e0       	ldi	r25, 0x00	; 0
 2e4:	0c 94 e8 03 	jmp	0x7d0	; 0x7d0 <_Z13UsartPrintPGMPKc>

000002e8 <_Z16IncrementAddressv>:
 2e8:	80 e0       	ldi	r24, 0x00	; 0
 2ea:	0e 94 c0 00 	call	0x180	; 0x180 <_Z8WriteBith>
 2ee:	81 e0       	ldi	r24, 0x01	; 1
 2f0:	0e 94 c0 00 	call	0x180	; 0x180 <_Z8WriteBith>
 2f4:	81 e0       	ldi	r24, 0x01	; 1
 2f6:	0e 94 c0 00 	call	0x180	; 0x180 <_Z8WriteBith>
 2fa:	80 e0       	ldi	r24, 0x00	; 0
 2fc:	0e 94 c0 00 	call	0x180	; 0x180 <_Z8WriteBith>
 300:	80 e0       	ldi	r24, 0x00	; 0
 302:	0e 94 c0 00 	call	0x180	; 0x180 <_Z8WriteBith>
 306:	80 e0       	ldi	r24, 0x00	; 0
 308:	0e 94 c0 00 	call	0x180	; 0x180 <_Z8WriteBith>
 30c:	8c e0       	ldi	r24, 0x0C	; 12
 30e:	90 e0       	ldi	r25, 0x00	; 0
 310:	01 97       	sbiw	r24, 0x01	; 1
 312:	f1 f7       	brne	.-4      	; 0x310 <_Z16IncrementAddressv+0x28>
 314:	80 91 7a 01 	lds	r24, 0x017A	; 0x80017a <addr>
 318:	90 91 7b 01 	lds	r25, 0x017B	; 0x80017b <addr+0x1>
 31c:	01 96       	adiw	r24, 0x01	; 1
 31e:	90 93 7b 01 	sts	0x017B, r25	; 0x80017b <addr+0x1>
 322:	80 93 7a 01 	sts	0x017A, r24	; 0x80017a <addr>
 326:	08 95       	ret

00000328 <_Z8HexPrinth>:
 328:	1f 93       	push	r17
 32a:	cf 93       	push	r28
 32c:	df 93       	push	r29
 32e:	cd b7       	in	r28, 0x3d	; 61
 330:	de b7       	in	r29, 0x3e	; 62
 332:	61 97       	sbiw	r28, 0x11	; 17
 334:	0f b6       	in	r0, 0x3f	; 63
 336:	f8 94       	cli
 338:	de bf       	out	0x3e, r29	; 62
 33a:	0f be       	out	0x3f, r0	; 63
 33c:	cd bf       	out	0x3d, r28	; 61
 33e:	18 2f       	mov	r17, r24
 340:	81 e1       	ldi	r24, 0x11	; 17
 342:	e0 e0       	ldi	r30, 0x00	; 0
 344:	f1 e0       	ldi	r31, 0x01	; 1
 346:	de 01       	movw	r26, r28
 348:	11 96       	adiw	r26, 0x01	; 1
 34a:	01 90       	ld	r0, Z+
 34c:	0d 92       	st	X+, r0
 34e:	8a 95       	dec	r24
 350:	e1 f7       	brne	.-8      	; 0x34a <_Z8HexPrinth+0x22>
 352:	e1 2f       	mov	r30, r17
 354:	f0 e0       	ldi	r31, 0x00	; 0
 356:	84 e0       	ldi	r24, 0x04	; 4
 358:	f5 95       	asr	r31
 35a:	e7 95       	ror	r30
 35c:	8a 95       	dec	r24
 35e:	e1 f7       	brne	.-8      	; 0x358 <_Z8HexPrinth+0x30>
 360:	81 e0       	ldi	r24, 0x01	; 1
 362:	90 e0       	ldi	r25, 0x00	; 0
 364:	8c 0f       	add	r24, r28
 366:	9d 1f       	adc	r25, r29
 368:	e8 0f       	add	r30, r24
 36a:	f9 1f       	adc	r31, r25
 36c:	80 81       	ld	r24, Z
 36e:	0e 94 c0 03 	call	0x780	; 0x780 <_Z10UsartWritec>
 372:	e1 2f       	mov	r30, r17
 374:	ef 70       	andi	r30, 0x0F	; 15
 376:	81 e0       	ldi	r24, 0x01	; 1
 378:	90 e0       	ldi	r25, 0x00	; 0
 37a:	8c 0f       	add	r24, r28
 37c:	9d 1f       	adc	r25, r29
 37e:	8e 0f       	add	r24, r30
 380:	91 1d       	adc	r25, r1
 382:	fc 01       	movw	r30, r24
 384:	80 81       	ld	r24, Z
 386:	61 96       	adiw	r28, 0x11	; 17
 388:	0f b6       	in	r0, 0x3f	; 63
 38a:	f8 94       	cli
 38c:	de bf       	out	0x3e, r29	; 62
 38e:	0f be       	out	0x3f, r0	; 63
 390:	cd bf       	out	0x3d, r28	; 61
 392:	df 91       	pop	r29
 394:	cf 91       	pop	r28
 396:	1f 91       	pop	r17
 398:	0c 94 c0 03 	jmp	0x780	; 0x780 <_Z10UsartWritec>

0000039c <_Z12HexPrintWordj>:
 39c:	cf 93       	push	r28
 39e:	c8 2f       	mov	r28, r24
 3a0:	89 2f       	mov	r24, r25
 3a2:	0e 94 94 01 	call	0x328	; 0x328 <_Z8HexPrinth>
 3a6:	8c 2f       	mov	r24, r28
 3a8:	cf 91       	pop	r28
 3aa:	0c 94 94 01 	jmp	0x328	; 0x328 <_Z8HexPrinth>

000003ae <_Z19SelectConfigurationv>:
 3ae:	cf 93       	push	r28
 3b0:	80 e0       	ldi	r24, 0x00	; 0
 3b2:	0e 94 c0 00 	call	0x180	; 0x180 <_Z8WriteBith>
 3b6:	80 e0       	ldi	r24, 0x00	; 0
 3b8:	0e 94 c0 00 	call	0x180	; 0x180 <_Z8WriteBith>
 3bc:	80 e0       	ldi	r24, 0x00	; 0
 3be:	0e 94 c0 00 	call	0x180	; 0x180 <_Z8WriteBith>
 3c2:	80 e0       	ldi	r24, 0x00	; 0
 3c4:	0e 94 c0 00 	call	0x180	; 0x180 <_Z8WriteBith>
 3c8:	80 e0       	ldi	r24, 0x00	; 0
 3ca:	0e 94 c0 00 	call	0x180	; 0x180 <_Z8WriteBith>
 3ce:	80 e0       	ldi	r24, 0x00	; 0
 3d0:	0e 94 c0 00 	call	0x180	; 0x180 <_Z8WriteBith>
 3d4:	8c e0       	ldi	r24, 0x0C	; 12
 3d6:	90 e0       	ldi	r25, 0x00	; 0
 3d8:	01 97       	sbiw	r24, 0x01	; 1
 3da:	f1 f7       	brne	.-4      	; 0x3d8 <_Z19SelectConfigurationv+0x2a>
 3dc:	c0 e1       	ldi	r28, 0x10	; 16
 3de:	80 e0       	ldi	r24, 0x00	; 0
 3e0:	0e 94 c0 00 	call	0x180	; 0x180 <_Z8WriteBith>
 3e4:	c1 50       	subi	r28, 0x01	; 1
 3e6:	d9 f7       	brne	.-10     	; 0x3de <_Z19SelectConfigurationv+0x30>
 3e8:	8c e0       	ldi	r24, 0x0C	; 12
 3ea:	90 e0       	ldi	r25, 0x00	; 0
 3ec:	01 97       	sbiw	r24, 0x01	; 1
 3ee:	f1 f7       	brne	.-4      	; 0x3ec <_Z19SelectConfigurationv+0x3e>
 3f0:	80 e0       	ldi	r24, 0x00	; 0
 3f2:	90 e2       	ldi	r25, 0x20	; 32
 3f4:	90 93 7b 01 	sts	0x017B, r25	; 0x80017b <addr+0x1>
 3f8:	80 93 7a 01 	sts	0x017A, r24	; 0x80017a <addr>
 3fc:	cf 91       	pop	r28
 3fe:	08 95       	ret

00000400 <_Z11ReadHexLineh>:
 400:	df 92       	push	r13
 402:	ef 92       	push	r14
 404:	ff 92       	push	r15
 406:	0f 93       	push	r16
 408:	1f 93       	push	r17
 40a:	cf 93       	push	r28
 40c:	df 93       	push	r29
 40e:	08 2f       	mov	r16, r24
 410:	8a e3       	ldi	r24, 0x3A	; 58
 412:	0e 94 c0 03 	call	0x780	; 0x780 <_Z10UsartWritec>
 416:	80 2f       	mov	r24, r16
 418:	0e 94 94 01 	call	0x328	; 0x328 <_Z8HexPrinth>
 41c:	80 91 7a 01 	lds	r24, 0x017A	; 0x80017a <addr>
 420:	90 91 7b 01 	lds	r25, 0x017B	; 0x80017b <addr+0x1>
 424:	c8 2f       	mov	r28, r24
 426:	cc 0f       	add	r28, r28
 428:	c0 0f       	add	r28, r16
 42a:	9c 01       	movw	r18, r24
 42c:	22 0f       	add	r18, r18
 42e:	23 2f       	mov	r18, r19
 430:	22 1f       	adc	r18, r18
 432:	33 0b       	sbc	r19, r19
 434:	31 95       	neg	r19
 436:	c2 0f       	add	r28, r18
 438:	c1 95       	neg	r28
 43a:	88 0f       	add	r24, r24
 43c:	99 1f       	adc	r25, r25
 43e:	0e 94 ce 01 	call	0x39c	; 0x39c <_Z12HexPrintWordj>
 442:	81 e1       	ldi	r24, 0x11	; 17
 444:	91 e0       	ldi	r25, 0x01	; 1
 446:	0e 94 c7 03 	call	0x78e	; 0x78e <_Z10UsartPrintPKc>
 44a:	10 e0       	ldi	r17, 0x00	; 0
 44c:	15 95       	asr	r17
 44e:	07 95       	ror	r16
 450:	d1 2c       	mov	r13, r1
 452:	d0 e0       	ldi	r29, 0x00	; 0
 454:	d0 16       	cp	r13, r16
 456:	11 06       	cpc	r1, r17
 458:	b4 f4       	brge	.+44     	; 0x486 <_Z11ReadHexLineh+0x86>
 45a:	0e 94 db 00 	call	0x1b6	; 0x1b6 <_Z25ReadDataFromProgramMemoryv>
 45e:	7c 01       	movw	r14, r24
 460:	8f ef       	ldi	r24, 0xFF	; 255
 462:	e8 16       	cp	r14, r24
 464:	8f e3       	ldi	r24, 0x3F	; 63
 466:	f8 06       	cpc	r15, r24
 468:	09 f4       	brne	.+2      	; 0x46c <_Z11ReadHexLineh+0x6c>
 46a:	df 5f       	subi	r29, 0xFF	; 255
 46c:	8f 2d       	mov	r24, r15
 46e:	8e 0d       	add	r24, r14
 470:	c8 1b       	sub	r28, r24
 472:	8e 2d       	mov	r24, r14
 474:	0e 94 94 01 	call	0x328	; 0x328 <_Z8HexPrinth>
 478:	8f 2d       	mov	r24, r15
 47a:	0e 94 94 01 	call	0x328	; 0x328 <_Z8HexPrinth>
 47e:	0e 94 74 01 	call	0x2e8	; 0x2e8 <_Z16IncrementAddressv>
 482:	d3 94       	inc	r13
 484:	e7 cf       	rjmp	.-50     	; 0x454 <_Z11ReadHexLineh+0x54>
 486:	8c 2f       	mov	r24, r28
 488:	0e 94 94 01 	call	0x328	; 0x328 <_Z8HexPrinth>
 48c:	8f e1       	ldi	r24, 0x1F	; 31
 48e:	91 e0       	ldi	r25, 0x01	; 1
 490:	0e 94 c7 03 	call	0x78e	; 0x78e <_Z10UsartPrintPKc>
 494:	8d 2f       	mov	r24, r29
 496:	df 91       	pop	r29
 498:	cf 91       	pop	r28
 49a:	1f 91       	pop	r17
 49c:	0f 91       	pop	r16
 49e:	ff 90       	pop	r15
 4a0:	ef 90       	pop	r14
 4a2:	df 90       	pop	r13
 4a4:	08 95       	ret

000004a6 <_Z7ReadHexv>:
 4a6:	cf 93       	push	r28
 4a8:	df 93       	push	r29
 4aa:	c0 e8       	ldi	r28, 0x80	; 128
 4ac:	d0 e0       	ldi	r29, 0x00	; 0
 4ae:	80 e1       	ldi	r24, 0x10	; 16
 4b0:	0e 94 00 02 	call	0x400	; 0x400 <_Z11ReadHexLineh>
 4b4:	d8 0f       	add	r29, r24
 4b6:	d1 34       	cpi	r29, 0x41	; 65
 4b8:	10 f4       	brcc	.+4      	; 0x4be <_Z7ReadHexv+0x18>
 4ba:	c1 50       	subi	r28, 0x01	; 1
 4bc:	c1 f7       	brne	.-16     	; 0x4ae <_Z7ReadHexv+0x8>
 4be:	0e 94 d7 01 	call	0x3ae	; 0x3ae <_Z19SelectConfigurationv>
 4c2:	0e 94 74 01 	call	0x2e8	; 0x2e8 <_Z16IncrementAddressv>
 4c6:	0e 94 74 01 	call	0x2e8	; 0x2e8 <_Z16IncrementAddressv>
 4ca:	0e 94 74 01 	call	0x2e8	; 0x2e8 <_Z16IncrementAddressv>
 4ce:	0e 94 74 01 	call	0x2e8	; 0x2e8 <_Z16IncrementAddressv>
 4d2:	0e 94 74 01 	call	0x2e8	; 0x2e8 <_Z16IncrementAddressv>
 4d6:	0e 94 74 01 	call	0x2e8	; 0x2e8 <_Z16IncrementAddressv>
 4da:	0e 94 74 01 	call	0x2e8	; 0x2e8 <_Z16IncrementAddressv>
 4de:	82 e0       	ldi	r24, 0x02	; 2
 4e0:	0e 94 00 02 	call	0x400	; 0x400 <_Z11ReadHexLineh>
 4e4:	84 e1       	ldi	r24, 0x14	; 20
 4e6:	91 e0       	ldi	r25, 0x01	; 1
 4e8:	df 91       	pop	r29
 4ea:	cf 91       	pop	r28
 4ec:	0c 94 c7 03 	jmp	0x78e	; 0x78e <_Z10UsartPrintPKc>

000004f0 <_Z7SetWordPh>:
 4f0:	cf 92       	push	r12
 4f2:	df 92       	push	r13
 4f4:	ef 92       	push	r14
 4f6:	ff 92       	push	r15
 4f8:	0f 93       	push	r16
 4fa:	1f 93       	push	r17
 4fc:	cf 93       	push	r28
 4fe:	8c 01       	movw	r16, r24
 500:	6c 01       	movw	r12, r24
 502:	84 e0       	ldi	r24, 0x04	; 4
 504:	c8 0e       	add	r12, r24
 506:	d1 1c       	adc	r13, r1
 508:	f1 2c       	mov	r15, r1
 50a:	e1 2c       	mov	r14, r1
 50c:	f8 01       	movw	r30, r16
 50e:	c1 91       	ld	r28, Z+
 510:	8f 01       	movw	r16, r30
 512:	8c 2f       	mov	r24, r28
 514:	0e 94 c0 03 	call	0x780	; 0x780 <_Z10UsartWritec>
 518:	c1 34       	cpi	r28, 0x41	; 65
 51a:	08 f0       	brcs	.+2      	; 0x51e <_Z7SetWordPh+0x2e>
 51c:	c7 50       	subi	r28, 0x07	; 7
 51e:	84 e0       	ldi	r24, 0x04	; 4
 520:	ee 0c       	add	r14, r14
 522:	ff 1c       	adc	r15, r15
 524:	8a 95       	dec	r24
 526:	e1 f7       	brne	.-8      	; 0x520 <_Z7SetWordPh+0x30>
 528:	cf 70       	andi	r28, 0x0F	; 15
 52a:	ec 2a       	or	r14, r28
 52c:	0c 15       	cp	r16, r12
 52e:	1d 05       	cpc	r17, r13
 530:	69 f7       	brne	.-38     	; 0x50c <_Z7SetWordPh+0x1c>
 532:	c7 01       	movw	r24, r14
 534:	cf 91       	pop	r28
 536:	1f 91       	pop	r17
 538:	0f 91       	pop	r16
 53a:	ff 90       	pop	r15
 53c:	ef 90       	pop	r14
 53e:	df 90       	pop	r13
 540:	cf 90       	pop	r12
 542:	08 95       	ret

00000544 <_Z7SetBytePh>:
 544:	fc 01       	movw	r30, r24
 546:	80 81       	ld	r24, Z
 548:	81 34       	cpi	r24, 0x41	; 65
 54a:	08 f0       	brcs	.+2      	; 0x54e <_Z7SetBytePh+0xa>
 54c:	87 50       	subi	r24, 0x07	; 7
 54e:	82 95       	swap	r24
 550:	80 7f       	andi	r24, 0xF0	; 240
 552:	91 81       	ldd	r25, Z+1	; 0x01
 554:	91 34       	cpi	r25, 0x41	; 65
 556:	08 f0       	brcs	.+2      	; 0x55a <_Z7SetBytePh+0x16>
 558:	97 50       	subi	r25, 0x07	; 7
 55a:	9f 70       	andi	r25, 0x0F	; 15
 55c:	89 2b       	or	r24, r25
 55e:	08 95       	ret

00000560 <_Z8ReadLinev>:
 560:	1f 93       	push	r17
 562:	cf 93       	push	r28
 564:	df 93       	push	r29
 566:	ca e4       	ldi	r28, 0x4A	; 74
 568:	d1 e0       	ldi	r29, 0x01	; 1
 56a:	1c 2f       	mov	r17, r28
 56c:	10 5d       	subi	r17, 0xD0	; 208
 56e:	80 e0       	ldi	r24, 0x00	; 0
 570:	0e 94 f6 03 	call	0x7ec	; 0x7ec <_Z9UsartReadb>
 574:	89 93       	st	Y+, r24
 576:	8a 30       	cpi	r24, 0x0A	; 10
 578:	11 f0       	breq	.+4      	; 0x57e <_Z8ReadLinev+0x1e>
 57a:	1c 13       	cpse	r17, r28
 57c:	f8 cf       	rjmp	.-16     	; 0x56e <_Z8ReadLinev+0xe>
 57e:	df 91       	pop	r29
 580:	cf 91       	pop	r28
 582:	1f 91       	pop	r17
 584:	08 95       	ret

00000586 <_Z8WriteHexv>:
 586:	ef 92       	push	r14
 588:	ff 92       	push	r15
 58a:	0f 93       	push	r16
 58c:	1f 93       	push	r17
 58e:	cf 93       	push	r28
 590:	df 93       	push	r29
 592:	85 ea       	ldi	r24, 0xA5	; 165
 594:	90 e0       	ldi	r25, 0x00	; 0
 596:	0e 94 e8 03 	call	0x7d0	; 0x7d0 <_Z13UsartPrintPGMPKc>
 59a:	8f e1       	ldi	r24, 0x1F	; 31
 59c:	91 e0       	ldi	r25, 0x01	; 1
 59e:	0e 94 c7 03 	call	0x78e	; 0x78e <_Z10UsartPrintPKc>
 5a2:	0e 94 b0 02 	call	0x560	; 0x560 <_Z8ReadLinev>
 5a6:	80 91 52 01 	lds	r24, 0x0152	; 0x800152 <hl+0x8>
 5aa:	81 33       	cpi	r24, 0x31	; 49
 5ac:	09 f4       	brne	.+2      	; 0x5b0 <_Z8WriteHexv+0x2a>
 5ae:	4d c0       	rjmp	.+154    	; 0x64a <_Z8WriteHexv+0xc4>
 5b0:	80 33       	cpi	r24, 0x30	; 48
 5b2:	99 f7       	brne	.-26     	; 0x59a <_Z8WriteHexv+0x14>
 5b4:	80 91 4d 01 	lds	r24, 0x014D	; 0x80014d <hl+0x3>
 5b8:	84 33       	cpi	r24, 0x34	; 52
 5ba:	11 f4       	brne	.+4      	; 0x5c0 <_Z8WriteHexv+0x3a>
 5bc:	0e 94 d7 01 	call	0x3ae	; 0x3ae <_Z19SelectConfigurationv>
 5c0:	8d e4       	ldi	r24, 0x4D	; 77
 5c2:	91 e0       	ldi	r25, 0x01	; 1
 5c4:	0e 94 78 02 	call	0x4f0	; 0x4f0 <_Z7SetWordPh>
 5c8:	ec 01       	movw	r28, r24
 5ca:	d6 95       	lsr	r29
 5cc:	c7 95       	ror	r28
 5ce:	80 91 7a 01 	lds	r24, 0x017A	; 0x80017a <addr>
 5d2:	90 91 7b 01 	lds	r25, 0x017B	; 0x80017b <addr+0x1>
 5d6:	8c 17       	cp	r24, r28
 5d8:	9d 07       	cpc	r25, r29
 5da:	19 f0       	breq	.+6      	; 0x5e2 <_Z8WriteHexv+0x5c>
 5dc:	0e 94 74 01 	call	0x2e8	; 0x2e8 <_Z16IncrementAddressv>
 5e0:	f6 cf       	rjmp	.-20     	; 0x5ce <_Z8WriteHexv+0x48>
 5e2:	82 e2       	ldi	r24, 0x22	; 34
 5e4:	91 e0       	ldi	r25, 0x01	; 1
 5e6:	0e 94 c7 03 	call	0x78e	; 0x78e <_Z10UsartPrintPKc>
 5ea:	8b e4       	ldi	r24, 0x4B	; 75
 5ec:	91 e0       	ldi	r25, 0x01	; 1
 5ee:	0e 94 a2 02 	call	0x544	; 0x544 <_Z7SetBytePh>
 5f2:	08 2f       	mov	r16, r24
 5f4:	06 95       	lsr	r16
 5f6:	8a e4       	ldi	r24, 0x4A	; 74
 5f8:	e8 2e       	mov	r14, r24
 5fa:	81 e0       	ldi	r24, 0x01	; 1
 5fc:	f8 2e       	mov	r15, r24
 5fe:	10 e0       	ldi	r17, 0x00	; 0
 600:	10 17       	cp	r17, r16
 602:	59 f2       	breq	.-106    	; 0x59a <_Z8WriteHexv+0x14>
 604:	c7 01       	movw	r24, r14
 606:	09 96       	adiw	r24, 0x09	; 9
 608:	0e 94 78 02 	call	0x4f0	; 0x4f0 <_Z7SetWordPh>
 60c:	d8 2f       	mov	r29, r24
 60e:	c9 2f       	mov	r28, r25
 610:	ce 01       	movw	r24, r28
 612:	0e 94 0f 01 	call	0x21e	; 0x21e <_Z31LoadDataCommandForProgramMemoryj>
 616:	0e 94 40 01 	call	0x280	; 0x280 <_Z21BeginProgrammingCyclev>
 61a:	0e 94 db 00 	call	0x1b6	; 0x1b6 <_Z25ReadDataFromProgramMemoryv>
 61e:	24 e0       	ldi	r18, 0x04	; 4
 620:	e2 0e       	add	r14, r18
 622:	f1 1c       	adc	r15, r1
 624:	8c 17       	cp	r24, r28
 626:	9d 07       	cpc	r25, r29
 628:	61 f0       	breq	.+24     	; 0x642 <_Z8WriteHexv+0xbc>
 62a:	88 e8       	ldi	r24, 0x88	; 136
 62c:	90 e0       	ldi	r25, 0x00	; 0
 62e:	0e 94 e8 03 	call	0x7d0	; 0x7d0 <_Z13UsartPrintPGMPKc>
 632:	df 91       	pop	r29
 634:	cf 91       	pop	r28
 636:	1f 91       	pop	r17
 638:	0f 91       	pop	r16
 63a:	ff 90       	pop	r15
 63c:	ef 90       	pop	r14
 63e:	0c 94 a9 00 	jmp	0x152	; 0x152 <_Z5Powerv>
 642:	0e 94 74 01 	call	0x2e8	; 0x2e8 <_Z16IncrementAddressv>
 646:	1f 5f       	subi	r17, 0xFF	; 255
 648:	db cf       	rjmp	.-74     	; 0x600 <_Z8WriteHexv+0x7a>
 64a:	80 e8       	ldi	r24, 0x80	; 128
 64c:	90 e0       	ldi	r25, 0x00	; 0
 64e:	df 91       	pop	r29
 650:	cf 91       	pop	r28
 652:	1f 91       	pop	r17
 654:	0f 91       	pop	r16
 656:	ff 90       	pop	r15
 658:	ef 90       	pop	r14
 65a:	0c 94 e8 03 	jmp	0x7d0	; 0x7d0 <_Z13UsartPrintPGMPKc>

0000065e <_Z5delaym>:
 65e:	46 2f       	mov	r20, r22
 660:	57 2f       	mov	r21, r23
 662:	bc 01       	movw	r22, r24
 664:	40 93 7f 01 	sts	0x017F, r20	; 0x80017f <msd>
 668:	50 93 80 01 	sts	0x0180, r21	; 0x800180 <msd+0x1>
 66c:	60 93 81 01 	sts	0x0181, r22	; 0x800181 <msd+0x2>
 670:	70 93 82 01 	sts	0x0182, r23	; 0x800182 <msd+0x3>
 674:	81 e0       	ldi	r24, 0x01	; 1
 676:	80 93 7e 01 	sts	0x017E, r24	; 0x80017e <fld>
 67a:	e0 91 7c 01 	lds	r30, 0x017C	; 0x80017c <delayfunc>
 67e:	f0 91 7d 01 	lds	r31, 0x017D	; 0x80017d <delayfunc+0x1>
 682:	80 91 7e 01 	lds	r24, 0x017E	; 0x80017e <fld>
 686:	88 23       	and	r24, r24
 688:	21 f0       	breq	.+8      	; 0x692 <_Z5delaym+0x34>
 68a:	30 97       	sbiw	r30, 0x00	; 0
 68c:	d1 f3       	breq	.-12     	; 0x682 <_Z5delaym+0x24>
 68e:	09 95       	icall
 690:	f4 cf       	rjmp	.-24     	; 0x67a <_Z5delaym+0x1c>
 692:	08 95       	ret

00000694 <_Z9DelayInitPFvvE>:
 694:	90 93 7d 01 	sts	0x017D, r25	; 0x80017d <delayfunc+0x1>
 698:	80 93 7c 01 	sts	0x017C, r24	; 0x80017c <delayfunc>
 69c:	89 ef       	ldi	r24, 0xF9	; 249
 69e:	87 bd       	out	0x27, r24	; 39
 6a0:	82 e0       	ldi	r24, 0x02	; 2
 6a2:	84 bd       	out	0x24, r24	; 36
 6a4:	93 e0       	ldi	r25, 0x03	; 3
 6a6:	95 bd       	out	0x25, r25	; 37
 6a8:	80 93 6e 00 	sts	0x006E, r24	; 0x80006e <__TEXT_REGION_LENGTH__+0x7e006e>
 6ac:	08 95       	ret

000006ae <__vector_14>:
 6ae:	1f 92       	push	r1
 6b0:	1f b6       	in	r1, 0x3f	; 63
 6b2:	1f 92       	push	r1
 6b4:	11 24       	eor	r1, r1
 6b6:	8f 93       	push	r24
 6b8:	9f 93       	push	r25
 6ba:	af 93       	push	r26
 6bc:	bf 93       	push	r27
 6be:	80 91 83 01 	lds	r24, 0x0183	; 0x800183 <ms>
 6c2:	90 91 84 01 	lds	r25, 0x0184	; 0x800184 <ms+0x1>
 6c6:	01 96       	adiw	r24, 0x01	; 1
 6c8:	90 93 84 01 	sts	0x0184, r25	; 0x800184 <ms+0x1>
 6cc:	80 93 83 01 	sts	0x0183, r24	; 0x800183 <ms>
 6d0:	80 91 7e 01 	lds	r24, 0x017E	; 0x80017e <fld>
 6d4:	88 23       	and	r24, r24
 6d6:	09 f1       	breq	.+66     	; 0x71a <__vector_14+0x6c>
 6d8:	80 91 7f 01 	lds	r24, 0x017F	; 0x80017f <msd>
 6dc:	90 91 80 01 	lds	r25, 0x0180	; 0x800180 <msd+0x1>
 6e0:	a0 91 81 01 	lds	r26, 0x0181	; 0x800181 <msd+0x2>
 6e4:	b0 91 82 01 	lds	r27, 0x0182	; 0x800182 <msd+0x3>
 6e8:	01 97       	sbiw	r24, 0x01	; 1
 6ea:	a1 09       	sbc	r26, r1
 6ec:	b1 09       	sbc	r27, r1
 6ee:	80 93 7f 01 	sts	0x017F, r24	; 0x80017f <msd>
 6f2:	90 93 80 01 	sts	0x0180, r25	; 0x800180 <msd+0x1>
 6f6:	a0 93 81 01 	sts	0x0181, r26	; 0x800181 <msd+0x2>
 6fa:	b0 93 82 01 	sts	0x0182, r27	; 0x800182 <msd+0x3>
 6fe:	80 91 7f 01 	lds	r24, 0x017F	; 0x80017f <msd>
 702:	90 91 80 01 	lds	r25, 0x0180	; 0x800180 <msd+0x1>
 706:	a0 91 81 01 	lds	r26, 0x0181	; 0x800181 <msd+0x2>
 70a:	b0 91 82 01 	lds	r27, 0x0182	; 0x800182 <msd+0x3>
 70e:	00 97       	sbiw	r24, 0x00	; 0
 710:	a1 05       	cpc	r26, r1
 712:	b1 05       	cpc	r27, r1
 714:	11 f4       	brne	.+4      	; 0x71a <__vector_14+0x6c>
 716:	10 92 7e 01 	sts	0x017E, r1	; 0x80017e <fld>
 71a:	bf 91       	pop	r27
 71c:	af 91       	pop	r26
 71e:	9f 91       	pop	r25
 720:	8f 91       	pop	r24
 722:	1f 90       	pop	r1
 724:	1f be       	out	0x3f, r1	; 63
 726:	1f 90       	pop	r1
 728:	18 95       	reti

0000072a <_Z9UsartInitm>:
 72a:	cf 93       	push	r28
 72c:	df 93       	push	r29
 72e:	00 d0       	rcall	.+0      	; 0x730 <_Z9UsartInitm+0x6>
 730:	00 d0       	rcall	.+0      	; 0x732 <_Z9UsartInitm+0x8>
 732:	cd b7       	in	r28, 0x3d	; 61
 734:	de b7       	in	r29, 0x3e	; 62
 736:	69 83       	std	Y+1, r22	; 0x01
 738:	7a 83       	std	Y+2, r23	; 0x02
 73a:	8b 83       	std	Y+3, r24	; 0x03
 73c:	9c 83       	std	Y+4, r25	; 0x04
 73e:	60 e8       	ldi	r22, 0x80	; 128
 740:	74 e8       	ldi	r23, 0x84	; 132
 742:	8e e1       	ldi	r24, 0x1E	; 30
 744:	90 e0       	ldi	r25, 0x00	; 0
 746:	29 81       	ldd	r18, Y+1	; 0x01
 748:	3a 81       	ldd	r19, Y+2	; 0x02
 74a:	4b 81       	ldd	r20, Y+3	; 0x03
 74c:	5c 81       	ldd	r21, Y+4	; 0x04
 74e:	0e 94 79 04 	call	0x8f2	; 0x8f2 <__udivmodsi4>
 752:	21 50       	subi	r18, 0x01	; 1
 754:	31 09       	sbc	r19, r1
 756:	41 09       	sbc	r20, r1
 758:	51 09       	sbc	r21, r1
 75a:	56 95       	lsr	r21
 75c:	47 95       	ror	r20
 75e:	37 95       	ror	r19
 760:	27 95       	ror	r18
 762:	20 93 c4 00 	sts	0x00C4, r18	; 0x8000c4 <__TEXT_REGION_LENGTH__+0x7e00c4>
 766:	86 e0       	ldi	r24, 0x06	; 6
 768:	80 93 c2 00 	sts	0x00C2, r24	; 0x8000c2 <__TEXT_REGION_LENGTH__+0x7e00c2>
 76c:	88 e9       	ldi	r24, 0x98	; 152
 76e:	80 93 c1 00 	sts	0x00C1, r24	; 0x8000c1 <__TEXT_REGION_LENGTH__+0x7e00c1>
 772:	0f 90       	pop	r0
 774:	0f 90       	pop	r0
 776:	0f 90       	pop	r0
 778:	0f 90       	pop	r0
 77a:	df 91       	pop	r29
 77c:	cf 91       	pop	r28
 77e:	08 95       	ret

00000780 <_Z10UsartWritec>:
 780:	90 91 c0 00 	lds	r25, 0x00C0	; 0x8000c0 <__TEXT_REGION_LENGTH__+0x7e00c0>
 784:	95 ff       	sbrs	r25, 5
 786:	fc cf       	rjmp	.-8      	; 0x780 <_Z10UsartWritec>
 788:	80 93 c6 00 	sts	0x00C6, r24	; 0x8000c6 <__TEXT_REGION_LENGTH__+0x7e00c6>
 78c:	08 95       	ret

0000078e <_Z10UsartPrintPKc>:
 78e:	cf 93       	push	r28
 790:	df 93       	push	r29
 792:	ec 01       	movw	r28, r24
 794:	89 91       	ld	r24, Y+
 796:	88 23       	and	r24, r24
 798:	21 f0       	breq	.+8      	; 0x7a2 <_Z10UsartPrintPKc+0x14>
 79a:	0e 94 c0 03 	call	0x780	; 0x780 <_Z10UsartWritec>
 79e:	ce 01       	movw	r24, r28
 7a0:	f8 cf       	rjmp	.-16     	; 0x792 <_Z10UsartPrintPKc+0x4>
 7a2:	df 91       	pop	r29
 7a4:	cf 91       	pop	r28
 7a6:	08 95       	ret

000007a8 <_Z10UsartPrintPKcj>:
 7a8:	0f 93       	push	r16
 7aa:	1f 93       	push	r17
 7ac:	cf 93       	push	r28
 7ae:	df 93       	push	r29
 7b0:	ec 01       	movw	r28, r24
 7b2:	8c 01       	movw	r16, r24
 7b4:	06 0f       	add	r16, r22
 7b6:	17 1f       	adc	r17, r23
 7b8:	c0 17       	cp	r28, r16
 7ba:	d1 07       	cpc	r29, r17
 7bc:	21 f0       	breq	.+8      	; 0x7c6 <_Z10UsartPrintPKcj+0x1e>
 7be:	89 91       	ld	r24, Y+
 7c0:	0e 94 c0 03 	call	0x780	; 0x780 <_Z10UsartWritec>
 7c4:	f9 cf       	rjmp	.-14     	; 0x7b8 <_Z10UsartPrintPKcj+0x10>
 7c6:	df 91       	pop	r29
 7c8:	cf 91       	pop	r28
 7ca:	1f 91       	pop	r17
 7cc:	0f 91       	pop	r16
 7ce:	08 95       	ret

000007d0 <_Z13UsartPrintPGMPKc>:
 7d0:	cf 93       	push	r28
 7d2:	df 93       	push	r29
 7d4:	ec 01       	movw	r28, r24
 7d6:	fe 01       	movw	r30, r28
 7d8:	84 91       	lpm	r24, Z
 7da:	21 96       	adiw	r28, 0x01	; 1
 7dc:	88 23       	and	r24, r24
 7de:	19 f0       	breq	.+6      	; 0x7e6 <_Z13UsartPrintPGMPKc+0x16>
 7e0:	0e 94 c0 03 	call	0x780	; 0x780 <_Z10UsartWritec>
 7e4:	f8 cf       	rjmp	.-16     	; 0x7d6 <_Z13UsartPrintPGMPKc+0x6>
 7e6:	df 91       	pop	r29
 7e8:	cf 91       	pop	r28
 7ea:	08 95       	ret

000007ec <_Z9UsartReadb>:
 7ec:	88 23       	and	r24, r24
 7ee:	39 f0       	breq	.+14     	; 0x7fe <_Z9UsartReadb+0x12>
 7f0:	80 91 86 01 	lds	r24, 0x0186	; 0x800186 <RXin>
 7f4:	90 91 85 01 	lds	r25, 0x0185	; 0x800185 <RXout>
 7f8:	89 1b       	sub	r24, r25
 7fa:	8f 73       	andi	r24, 0x3F	; 63
 7fc:	08 95       	ret
 7fe:	90 91 86 01 	lds	r25, 0x0186	; 0x800186 <RXin>
 802:	80 91 85 01 	lds	r24, 0x0185	; 0x800185 <RXout>
 806:	98 17       	cp	r25, r24
 808:	d1 f3       	breq	.-12     	; 0x7fe <_Z9UsartReadb+0x12>
 80a:	e0 91 85 01 	lds	r30, 0x0185	; 0x800185 <RXout>
 80e:	f0 e0       	ldi	r31, 0x00	; 0
 810:	e9 57       	subi	r30, 0x79	; 121
 812:	fe 4f       	sbci	r31, 0xFE	; 254
 814:	80 81       	ld	r24, Z
 816:	90 91 85 01 	lds	r25, 0x0185	; 0x800185 <RXout>
 81a:	9f 5f       	subi	r25, 0xFF	; 255
 81c:	9f 73       	andi	r25, 0x3F	; 63
 81e:	90 93 85 01 	sts	0x0185, r25	; 0x800185 <RXout>
 822:	08 95       	ret

00000824 <__vector_18>:
 824:	8f 93       	push	r24
 826:	8f b7       	in	r24, 0x3f	; 63
 828:	8f 93       	push	r24
 82a:	ef 93       	push	r30
 82c:	ff 93       	push	r31
 82e:	80 91 c6 00 	lds	r24, 0x00C6	; 0x8000c6 <__TEXT_REGION_LENGTH__+0x7e00c6>
 832:	e0 91 86 01 	lds	r30, 0x0186	; 0x800186 <RXin>
 836:	f0 e0       	ldi	r31, 0x00	; 0
 838:	e9 57       	subi	r30, 0x79	; 121
 83a:	fe 4f       	sbci	r31, 0xFE	; 254
 83c:	80 83       	st	Z, r24
 83e:	80 91 86 01 	lds	r24, 0x0186	; 0x800186 <RXin>
 842:	8f 5f       	subi	r24, 0xFF	; 255
 844:	8f 73       	andi	r24, 0x3F	; 63
 846:	80 93 86 01 	sts	0x0186, r24	; 0x800186 <RXin>
 84a:	ff 91       	pop	r31
 84c:	ef 91       	pop	r30
 84e:	8f 91       	pop	r24
 850:	8f bf       	out	0x3f, r24	; 63
 852:	8f 91       	pop	r24
 854:	18 95       	reti

00000856 <main>:
 856:	90 e0       	ldi	r25, 0x00	; 0
 858:	80 e0       	ldi	r24, 0x00	; 0
 85a:	0e 94 4a 03 	call	0x694	; 0x694 <_Z9DelayInitPFvvE>
 85e:	60 e0       	ldi	r22, 0x00	; 0
 860:	72 ec       	ldi	r23, 0xC2	; 194
 862:	81 e0       	ldi	r24, 0x01	; 1
 864:	90 e0       	ldi	r25, 0x00	; 0
 866:	0e 94 95 03 	call	0x72a	; 0x72a <_Z9UsartInitm>
 86a:	10 92 b0 00 	sts	0x00B0, r1	; 0x8000b0 <__TEXT_REGION_LENGTH__+0x7e00b0>
 86e:	10 92 b1 00 	sts	0x00B1, r1	; 0x8000b1 <__TEXT_REGION_LENGTH__+0x7e00b1>
 872:	10 92 70 00 	sts	0x0070, r1	; 0x800070 <__TEXT_REGION_LENGTH__+0x7e0070>
 876:	83 e0       	ldi	r24, 0x03	; 3
 878:	80 93 b3 00 	sts	0x00B3, r24	; 0x8000b3 <__TEXT_REGION_LENGTH__+0x7e00b3>
 87c:	82 e4       	ldi	r24, 0x42	; 66
 87e:	80 93 b0 00 	sts	0x00B0, r24	; 0x8000b0 <__TEXT_REGION_LENGTH__+0x7e00b0>
 882:	81 e0       	ldi	r24, 0x01	; 1
 884:	80 93 b1 00 	sts	0x00B1, r24	; 0x8000b1 <__TEXT_REGION_LENGTH__+0x7e00b1>
 888:	78 94       	sei
 88a:	0e 94 a9 00 	call	0x152	; 0x152 <_Z5Powerv>
 88e:	80 e0       	ldi	r24, 0x00	; 0
 890:	0e 94 f6 03 	call	0x7ec	; 0x7ec <_Z9UsartReadb>
 894:	89 36       	cpi	r24, 0x69	; 105
 896:	11 f1       	breq	.+68     	; 0x8dc <main+0x86>
 898:	6c f4       	brge	.+26     	; 0x8b4 <main+0x5e>
 89a:	83 36       	cpi	r24, 0x63	; 99
 89c:	19 f1       	breq	.+70     	; 0x8e4 <main+0x8e>
 89e:	85 36       	cpi	r24, 0x65	; 101
 8a0:	a1 f0       	breq	.+40     	; 0x8ca <main+0x74>
 8a2:	82 35       	cpi	r24, 0x52	; 82
 8a4:	a1 f7       	brne	.-24     	; 0x88e <main+0x38>
 8a6:	88 e7       	ldi	r24, 0x78	; 120
 8a8:	90 e0       	ldi	r25, 0x00	; 0
 8aa:	0e 94 e8 03 	call	0x7d0	; 0x7d0 <_Z13UsartPrintPGMPKc>
 8ae:	0e 94 9a 00 	call	0x134	; 0x134 <_Z5Resetv>
 8b2:	ed cf       	rjmp	.-38     	; 0x88e <main+0x38>
 8b4:	82 37       	cpi	r24, 0x72	; 114
 8b6:	61 f0       	breq	.+24     	; 0x8d0 <main+0x7a>
 8b8:	87 37       	cpi	r24, 0x77	; 119
 8ba:	69 f0       	breq	.+26     	; 0x8d6 <main+0x80>
 8bc:	81 37       	cpi	r24, 0x71	; 113
 8be:	39 f7       	brne	.-50     	; 0x88e <main+0x38>
 8c0:	88 e6       	ldi	r24, 0x68	; 104
 8c2:	90 e0       	ldi	r25, 0x00	; 0
 8c4:	0e 94 e8 03 	call	0x7d0	; 0x7d0 <_Z13UsartPrintPGMPKc>
 8c8:	e0 cf       	rjmp	.-64     	; 0x88a <main+0x34>
 8ca:	0e 94 58 01 	call	0x2b0	; 0x2b0 <_Z5Erasev>
 8ce:	df cf       	rjmp	.-66     	; 0x88e <main+0x38>
 8d0:	0e 94 53 02 	call	0x4a6	; 0x4a6 <_Z7ReadHexv>
 8d4:	dc cf       	rjmp	.-72     	; 0x88e <main+0x38>
 8d6:	0e 94 c3 02 	call	0x586	; 0x586 <_Z8WriteHexv>
 8da:	d9 cf       	rjmp	.-78     	; 0x88e <main+0x38>
 8dc:	82 e0       	ldi	r24, 0x02	; 2
 8de:	0e 94 00 02 	call	0x400	; 0x400 <_Z11ReadHexLineh>
 8e2:	d5 cf       	rjmp	.-86     	; 0x88e <main+0x38>
 8e4:	0e 94 d7 01 	call	0x3ae	; 0x3ae <_Z19SelectConfigurationv>
 8e8:	85 e2       	ldi	r24, 0x25	; 37
 8ea:	91 e0       	ldi	r25, 0x01	; 1
 8ec:	0e 94 c7 03 	call	0x78e	; 0x78e <_Z10UsartPrintPKc>
 8f0:	ce cf       	rjmp	.-100    	; 0x88e <main+0x38>

000008f2 <__udivmodsi4>:
 8f2:	a1 e2       	ldi	r26, 0x21	; 33
 8f4:	1a 2e       	mov	r1, r26
 8f6:	aa 1b       	sub	r26, r26
 8f8:	bb 1b       	sub	r27, r27
 8fa:	fd 01       	movw	r30, r26
 8fc:	0d c0       	rjmp	.+26     	; 0x918 <__udivmodsi4_ep>

000008fe <__udivmodsi4_loop>:
 8fe:	aa 1f       	adc	r26, r26
 900:	bb 1f       	adc	r27, r27
 902:	ee 1f       	adc	r30, r30
 904:	ff 1f       	adc	r31, r31
 906:	a2 17       	cp	r26, r18
 908:	b3 07       	cpc	r27, r19
 90a:	e4 07       	cpc	r30, r20
 90c:	f5 07       	cpc	r31, r21
 90e:	20 f0       	brcs	.+8      	; 0x918 <__udivmodsi4_ep>
 910:	a2 1b       	sub	r26, r18
 912:	b3 0b       	sbc	r27, r19
 914:	e4 0b       	sbc	r30, r20
 916:	f5 0b       	sbc	r31, r21

00000918 <__udivmodsi4_ep>:
 918:	66 1f       	adc	r22, r22
 91a:	77 1f       	adc	r23, r23
 91c:	88 1f       	adc	r24, r24
 91e:	99 1f       	adc	r25, r25
 920:	1a 94       	dec	r1
 922:	69 f7       	brne	.-38     	; 0x8fe <__udivmodsi4_loop>
 924:	60 95       	com	r22
 926:	70 95       	com	r23
 928:	80 95       	com	r24
 92a:	90 95       	com	r25
 92c:	9b 01       	movw	r18, r22
 92e:	ac 01       	movw	r20, r24
 930:	bd 01       	movw	r22, r26
 932:	cf 01       	movw	r24, r30
 934:	08 95       	ret

00000936 <_exit>:
 936:	f8 94       	cli

00000938 <__stop_program>:
 938:	ff cf       	rjmp	.-2      	; 0x938 <__stop_program>
