
net.elf:     file format elf32-avr

Sections:
Idx Name          Size      VMA       LMA       File off  Algn
  0 .data         00000060  00800100  00001208  0000129c  2**0
                  CONTENTS, ALLOC, LOAD, DATA
  1 .text         00001208  00000000  00000000  00000094  2**1
                  CONTENTS, ALLOC, LOAD, READONLY, CODE
  2 .bss          000001f0  00800160  00800160  000012fc  2**0
                  ALLOC
  3 .comment      00000011  00000000  00000000  000012fc  2**0
                  CONTENTS, READONLY
  4 .note.gnu.avr.deviceinfo 00000040  00000000  00000000  00001310  2**2
                  CONTENTS, READONLY
  5 .debug_aranges 00000080  00000000  00000000  00001350  2**3
                  CONTENTS, READONLY, DEBUGGING
  6 .debug_info   0000068c  00000000  00000000  000013d0  2**0
                  CONTENTS, READONLY, DEBUGGING
  7 .debug_abbrev 000005f2  00000000  00000000  00001a5c  2**0
                  CONTENTS, READONLY, DEBUGGING
  8 .debug_line   000002bb  00000000  00000000  0000204e  2**0
                  CONTENTS, READONLY, DEBUGGING
  9 .debug_str    00000266  00000000  00000000  00002309  2**0
                  CONTENTS, READONLY, DEBUGGING

Disassembly of section .text:

00000000 <__vectors>:
       0:	0c 94 7d 00 	jmp	0xfa	; 0xfa <__ctors_end>
       4:	0c 94 9a 00 	jmp	0x134	; 0x134 <__bad_interrupt>
       8:	0c 94 9a 00 	jmp	0x134	; 0x134 <__bad_interrupt>
       c:	0c 94 9a 00 	jmp	0x134	; 0x134 <__bad_interrupt>
      10:	0c 94 9a 00 	jmp	0x134	; 0x134 <__bad_interrupt>
      14:	0c 94 9a 00 	jmp	0x134	; 0x134 <__bad_interrupt>
      18:	0c 94 9a 00 	jmp	0x134	; 0x134 <__bad_interrupt>
      1c:	0c 94 9a 00 	jmp	0x134	; 0x134 <__bad_interrupt>
      20:	0c 94 9a 00 	jmp	0x134	; 0x134 <__bad_interrupt>
      24:	0c 94 9a 00 	jmp	0x134	; 0x134 <__bad_interrupt>
      28:	0c 94 9a 00 	jmp	0x134	; 0x134 <__bad_interrupt>
      2c:	0c 94 9a 00 	jmp	0x134	; 0x134 <__bad_interrupt>
      30:	0c 94 9a 00 	jmp	0x134	; 0x134 <__bad_interrupt>
      34:	0c 94 9a 00 	jmp	0x134	; 0x134 <__bad_interrupt>
      38:	0c 94 0f 01 	jmp	0x21e	; 0x21e <__vector_14>
      3c:	0c 94 9a 00 	jmp	0x134	; 0x134 <__bad_interrupt>
      40:	0c 94 9a 00 	jmp	0x134	; 0x134 <__bad_interrupt>
      44:	0c 94 9a 00 	jmp	0x134	; 0x134 <__bad_interrupt>
      48:	0c 94 5a 08 	jmp	0x10b4	; 0x10b4 <__vector_18>
      4c:	0c 94 9a 00 	jmp	0x134	; 0x134 <__bad_interrupt>
      50:	0c 94 9a 00 	jmp	0x134	; 0x134 <__bad_interrupt>
      54:	0c 94 9a 00 	jmp	0x134	; 0x134 <__bad_interrupt>
      58:	0c 94 9a 00 	jmp	0x134	; 0x134 <__bad_interrupt>
      5c:	0c 94 9a 00 	jmp	0x134	; 0x134 <__bad_interrupt>
      60:	0c 94 9a 00 	jmp	0x134	; 0x134 <__bad_interrupt>
      64:	0c 94 9a 00 	jmp	0x134	; 0x134 <__bad_interrupt>

00000068 <__trampolines_end>:
      68:	0d 0a       	sbc	r0, r29
      6a:	4c 6f       	ori	r20, 0xFC	; 252
      6c:	6f 70       	andi	r22, 0x0F	; 15
      6e:	3a 0d       	add	r19, r10
      70:	0a 00       	.word	0x000a	; ????

00000072 <_ZZ4mainE3__c_1>:
      72:	45 4e 43 32 38 4a 36 30 20 6e 6f 74 20 66 6f 75     ENC28J60 not fou
      82:	6e 64 21 0d 0a 00                                   nd!...

00000088 <_ZZ4mainE3__c_0>:
      88:	5e 7e 7e 31 32 33 34 35 36 37 38 39 0d 0a 00        ^~~123456789...

00000097 <_ZZ4mainE3__c>:
      97:	0d 0a 4e 65 74 20 73 74 61 72 74 65 64 0d 0a 00     ..Net started...

000000a7 <_ZZ8tcp_sendPcE3__c_1>:
      a7:	0d 0a 55 73 65 72 2d 41 67 65 6e 74 3a 20 4d 6f     ..User-Agent: Mo
      b7:	7a 69 6c 6c 61 2f 35 2e 30 0d 0a 0d 0a 00           zilla/5.0.....

000000c5 <_ZZ8tcp_sendPcE3__c_0>:
      c5:	20 48 54 54 50 2f 31 2e 30 0d 0a 48 6f 73 74 3a      HTTP/1.0..Host:
      d5:	20 00                                                .

000000d7 <_ZZ8tcp_sendPcE3__c>:
      d7:	47 45 54 20 2f 6c 6f 67 2e 70 68 70 3f 76 61 72     GET /log.php?var
      e7:	3d 00                                               =.

000000e9 <_ZL5iphdr>:
      e9:	45 00 00 82 00 00 40 00 20                          E.....@. 

000000f2 <_ZL6arphdr>:
      f2:	00 01 08 00 06 04 00 01                             ........

000000fa <__ctors_end>:
      fa:	11 24       	eor	r1, r1
      fc:	1f be       	out	0x3f, r1	; 63
      fe:	cf ef       	ldi	r28, 0xFF	; 255
     100:	d8 e0       	ldi	r29, 0x08	; 8
     102:	de bf       	out	0x3e, r29	; 62
     104:	cd bf       	out	0x3d, r28	; 61

00000106 <__do_copy_data>:
     106:	11 e0       	ldi	r17, 0x01	; 1
     108:	a0 e0       	ldi	r26, 0x00	; 0
     10a:	b1 e0       	ldi	r27, 0x01	; 1
     10c:	e8 e0       	ldi	r30, 0x08	; 8
     10e:	f2 e1       	ldi	r31, 0x12	; 18
     110:	02 c0       	rjmp	.+4      	; 0x116 <__do_copy_data+0x10>
     112:	05 90       	lpm	r0, Z+
     114:	0d 92       	st	X+, r0
     116:	a0 36       	cpi	r26, 0x60	; 96
     118:	b1 07       	cpc	r27, r17
     11a:	d9 f7       	brne	.-10     	; 0x112 <__do_copy_data+0xc>

0000011c <__do_clear_bss>:
     11c:	23 e0       	ldi	r18, 0x03	; 3
     11e:	a0 e6       	ldi	r26, 0x60	; 96
     120:	b1 e0       	ldi	r27, 0x01	; 1
     122:	01 c0       	rjmp	.+2      	; 0x126 <.do_clear_bss_start>

00000124 <.do_clear_bss_loop>:
     124:	1d 92       	st	X+, r1

00000126 <.do_clear_bss_start>:
     126:	a0 35       	cpi	r26, 0x50	; 80
     128:	b2 07       	cpc	r27, r18
     12a:	e1 f7       	brne	.-8      	; 0x124 <.do_clear_bss_loop>
     12c:	0e 94 73 08 	call	0x10e6	; 0x10e6 <main>
     130:	0c 94 02 09 	jmp	0x1204	; 0x1204 <_exit>

00000134 <__bad_interrupt>:
     134:	0c 94 00 00 	jmp	0	; 0x0 <__vectors>

00000138 <_Z9DelayFuncv>:
     138:	0e 94 49 07 	call	0xe92	; 0xe92 <_Z10PacketFuncv>
     13c:	f8 94       	cli
     13e:	20 91 6b 01 	lds	r18, 0x016B	; 0x80016b <ms>
     142:	30 91 6c 01 	lds	r19, 0x016C	; 0x80016c <ms+0x1>
     146:	80 91 62 01 	lds	r24, 0x0162	; 0x800162 <msx>
     14a:	90 91 63 01 	lds	r25, 0x0163	; 0x800163 <msx+0x1>
     14e:	82 27       	eor	r24, r18
     150:	93 27       	eor	r25, r19
     152:	30 93 63 01 	sts	0x0163, r19	; 0x800163 <msx+0x1>
     156:	20 93 62 01 	sts	0x0162, r18	; 0x800162 <msx>
     15a:	78 94       	sei
     15c:	92 fd       	sbrc	r25, 2
     15e:	0c 94 3a 07 	jmp	0xe74	; 0xe74 <_Z8LinkFuncv>
     162:	08 95       	ret

00000164 <_Z8tcp_sendPc>:
     164:	cf 93       	push	r28
     166:	df 93       	push	r29
     168:	ec 01       	movw	r28, r24
     16a:	fc 01       	movw	r30, r24
     16c:	71 97       	sbiw	r30, 0x11	; 17
     16e:	80 81       	ld	r24, Z
     170:	80 35       	cpi	r24, 0x50	; 80
     172:	21 f5       	brne	.+72     	; 0x1bc <_Z8tcp_sendPc+0x58>
     174:	67 ed       	ldi	r22, 0xD7	; 215
     176:	70 e0       	ldi	r23, 0x00	; 0
     178:	ce 01       	movw	r24, r28
     17a:	0e 94 e9 08 	call	0x11d2	; 0x11d2 <strcpy_P>
     17e:	60 e1       	ldi	r22, 0x10	; 16
     180:	71 e0       	ldi	r23, 0x01	; 1
     182:	ce 01       	movw	r24, r28
     184:	0e 94 f7 08 	call	0x11ee	; 0x11ee <strcat>
     188:	65 ec       	ldi	r22, 0xC5	; 197
     18a:	70 e0       	ldi	r23, 0x00	; 0
     18c:	ce 01       	movw	r24, r28
     18e:	0e 94 de 08 	call	0x11bc	; 0x11bc <strcat_P>
     192:	68 e4       	ldi	r22, 0x48	; 72
     194:	71 e0       	ldi	r23, 0x01	; 1
     196:	ce 01       	movw	r24, r28
     198:	0e 94 f7 08 	call	0x11ee	; 0x11ee <strcat>
     19c:	67 ea       	ldi	r22, 0xA7	; 167
     19e:	70 e0       	ldi	r23, 0x00	; 0
     1a0:	ce 01       	movw	r24, r28
     1a2:	0e 94 de 08 	call	0x11bc	; 0x11bc <strcat_P>
     1a6:	fe 01       	movw	r30, r28
     1a8:	01 90       	ld	r0, Z+
     1aa:	00 20       	and	r0, r0
     1ac:	e9 f7       	brne	.-6      	; 0x1a8 <_Z8tcp_sendPc+0x44>
     1ae:	31 97       	sbiw	r30, 0x01	; 1
     1b0:	cf 01       	movw	r24, r30
     1b2:	8c 1b       	sub	r24, r28
     1b4:	9d 0b       	sbc	r25, r29
     1b6:	df 91       	pop	r29
     1b8:	cf 91       	pop	r28
     1ba:	08 95       	ret
     1bc:	90 e0       	ldi	r25, 0x00	; 0
     1be:	80 e0       	ldi	r24, 0x00	; 0
     1c0:	fa cf       	rjmp	.-12     	; 0x1b6 <_Z8tcp_sendPc+0x52>

000001c2 <_Z11tcp_receivePcj>:
     1c2:	0e 94 1c 08 	call	0x1038	; 0x1038 <_Z10UsartPrintPKcj>
     1c6:	81 e0       	ldi	r24, 0x01	; 1
     1c8:	80 93 60 01 	sts	0x0160, r24	; 0x800160 <__data_end>
     1cc:	08 95       	ret

000001ce <_Z5delaym>:
     1ce:	46 2f       	mov	r20, r22
     1d0:	57 2f       	mov	r21, r23
     1d2:	bc 01       	movw	r22, r24
     1d4:	40 93 67 01 	sts	0x0167, r20	; 0x800167 <msd>
     1d8:	50 93 68 01 	sts	0x0168, r21	; 0x800168 <msd+0x1>
     1dc:	60 93 69 01 	sts	0x0169, r22	; 0x800169 <msd+0x2>
     1e0:	70 93 6a 01 	sts	0x016A, r23	; 0x80016a <msd+0x3>
     1e4:	81 e0       	ldi	r24, 0x01	; 1
     1e6:	80 93 66 01 	sts	0x0166, r24	; 0x800166 <fld>
     1ea:	e0 91 64 01 	lds	r30, 0x0164	; 0x800164 <delayfunc>
     1ee:	f0 91 65 01 	lds	r31, 0x0165	; 0x800165 <delayfunc+0x1>
     1f2:	80 91 66 01 	lds	r24, 0x0166	; 0x800166 <fld>
     1f6:	88 23       	and	r24, r24
     1f8:	21 f0       	breq	.+8      	; 0x202 <_Z5delaym+0x34>
     1fa:	30 97       	sbiw	r30, 0x00	; 0
     1fc:	d1 f3       	breq	.-12     	; 0x1f2 <_Z5delaym+0x24>
     1fe:	09 95       	icall
     200:	f4 cf       	rjmp	.-24     	; 0x1ea <_Z5delaym+0x1c>
     202:	08 95       	ret

00000204 <_Z9DelayInitPFvvE>:
     204:	90 93 65 01 	sts	0x0165, r25	; 0x800165 <delayfunc+0x1>
     208:	80 93 64 01 	sts	0x0164, r24	; 0x800164 <delayfunc>
     20c:	89 ef       	ldi	r24, 0xF9	; 249
     20e:	87 bd       	out	0x27, r24	; 39
     210:	82 e0       	ldi	r24, 0x02	; 2
     212:	84 bd       	out	0x24, r24	; 36
     214:	93 e0       	ldi	r25, 0x03	; 3
     216:	95 bd       	out	0x25, r25	; 37
     218:	80 93 6e 00 	sts	0x006E, r24	; 0x80006e <__TEXT_REGION_LENGTH__+0x7e006e>
     21c:	08 95       	ret

0000021e <__vector_14>:
     21e:	1f 92       	push	r1
     220:	1f b6       	in	r1, 0x3f	; 63
     222:	1f 92       	push	r1
     224:	11 24       	eor	r1, r1
     226:	8f 93       	push	r24
     228:	9f 93       	push	r25
     22a:	af 93       	push	r26
     22c:	bf 93       	push	r27
     22e:	80 91 6b 01 	lds	r24, 0x016B	; 0x80016b <ms>
     232:	90 91 6c 01 	lds	r25, 0x016C	; 0x80016c <ms+0x1>
     236:	01 96       	adiw	r24, 0x01	; 1
     238:	90 93 6c 01 	sts	0x016C, r25	; 0x80016c <ms+0x1>
     23c:	80 93 6b 01 	sts	0x016B, r24	; 0x80016b <ms>
     240:	80 91 66 01 	lds	r24, 0x0166	; 0x800166 <fld>
     244:	88 23       	and	r24, r24
     246:	09 f1       	breq	.+66     	; 0x28a <__vector_14+0x6c>
     248:	80 91 67 01 	lds	r24, 0x0167	; 0x800167 <msd>
     24c:	90 91 68 01 	lds	r25, 0x0168	; 0x800168 <msd+0x1>
     250:	a0 91 69 01 	lds	r26, 0x0169	; 0x800169 <msd+0x2>
     254:	b0 91 6a 01 	lds	r27, 0x016A	; 0x80016a <msd+0x3>
     258:	01 97       	sbiw	r24, 0x01	; 1
     25a:	a1 09       	sbc	r26, r1
     25c:	b1 09       	sbc	r27, r1
     25e:	80 93 67 01 	sts	0x0167, r24	; 0x800167 <msd>
     262:	90 93 68 01 	sts	0x0168, r25	; 0x800168 <msd+0x1>
     266:	a0 93 69 01 	sts	0x0169, r26	; 0x800169 <msd+0x2>
     26a:	b0 93 6a 01 	sts	0x016A, r27	; 0x80016a <msd+0x3>
     26e:	80 91 67 01 	lds	r24, 0x0167	; 0x800167 <msd>
     272:	90 91 68 01 	lds	r25, 0x0168	; 0x800168 <msd+0x1>
     276:	a0 91 69 01 	lds	r26, 0x0169	; 0x800169 <msd+0x2>
     27a:	b0 91 6a 01 	lds	r27, 0x016A	; 0x80016a <msd+0x3>
     27e:	00 97       	sbiw	r24, 0x00	; 0
     280:	a1 05       	cpc	r26, r1
     282:	b1 05       	cpc	r27, r1
     284:	11 f4       	brne	.+4      	; 0x28a <__vector_14+0x6c>
     286:	10 92 66 01 	sts	0x0166, r1	; 0x800166 <fld>
     28a:	bf 91       	pop	r27
     28c:	af 91       	pop	r26
     28e:	9f 91       	pop	r25
     290:	8f 91       	pop	r24
     292:	1f 90       	pop	r1
     294:	1f be       	out	0x3f, r1	; 63
     296:	1f 90       	pop	r1
     298:	18 95       	reti

0000029a <_Z8csactivev>:
     29a:	2a 98       	cbi	0x05, 2	; 5
     29c:	08 95       	ret

0000029e <_Z9cspassivev>:
     29e:	2a 9a       	sbi	0x05, 2	; 5
     2a0:	08 95       	ret

000002a2 <_Z7waitspiv>:
     2a2:	0d b4       	in	r0, 0x2d	; 45
     2a4:	07 fe       	sbrs	r0, 7
     2a6:	fd cf       	rjmp	.-6      	; 0x2a2 <_Z7waitspiv>
     2a8:	08 95       	ret

000002aa <_Z15ENC28J60_ReadOphh>:
     2aa:	cf 93       	push	r28
     2ac:	df 93       	push	r29
     2ae:	d8 2f       	mov	r29, r24
     2b0:	c6 2f       	mov	r28, r22
     2b2:	0e 94 4d 01 	call	0x29a	; 0x29a <_Z8csactivev>
     2b6:	8c 2f       	mov	r24, r28
     2b8:	8f 71       	andi	r24, 0x1F	; 31
     2ba:	8d 2b       	or	r24, r29
     2bc:	8e bd       	out	0x2e, r24	; 46
     2be:	0e 94 51 01 	call	0x2a2	; 0x2a2 <_Z7waitspiv>
     2c2:	1e bc       	out	0x2e, r1	; 46
     2c4:	0e 94 51 01 	call	0x2a2	; 0x2a2 <_Z7waitspiv>
     2c8:	c7 ff       	sbrs	r28, 7
     2ca:	03 c0       	rjmp	.+6      	; 0x2d2 <_Z15ENC28J60_ReadOphh+0x28>
     2cc:	1e bc       	out	0x2e, r1	; 46
     2ce:	0e 94 51 01 	call	0x2a2	; 0x2a2 <_Z7waitspiv>
     2d2:	0e 94 4f 01 	call	0x29e	; 0x29e <_Z9cspassivev>
     2d6:	8e b5       	in	r24, 0x2e	; 46
     2d8:	df 91       	pop	r29
     2da:	cf 91       	pop	r28
     2dc:	08 95       	ret

000002de <_Z16ENC28J60_WriteOphhh>:
     2de:	1f 93       	push	r17
     2e0:	cf 93       	push	r28
     2e2:	df 93       	push	r29
     2e4:	18 2f       	mov	r17, r24
     2e6:	c6 2f       	mov	r28, r22
     2e8:	d4 2f       	mov	r29, r20
     2ea:	0e 94 4d 01 	call	0x29a	; 0x29a <_Z8csactivev>
     2ee:	cf 71       	andi	r28, 0x1F	; 31
     2f0:	c1 2b       	or	r28, r17
     2f2:	ce bd       	out	0x2e, r28	; 46
     2f4:	0e 94 51 01 	call	0x2a2	; 0x2a2 <_Z7waitspiv>
     2f8:	de bd       	out	0x2e, r29	; 46
     2fa:	0e 94 51 01 	call	0x2a2	; 0x2a2 <_Z7waitspiv>
     2fe:	df 91       	pop	r29
     300:	cf 91       	pop	r28
     302:	1f 91       	pop	r17
     304:	0c 94 4f 01 	jmp	0x29e	; 0x29e <_Z9cspassivev>

00000308 <_Z19ENC28J60_ReadBufferjPh>:
     308:	0f 93       	push	r16
     30a:	1f 93       	push	r17
     30c:	cf 93       	push	r28
     30e:	df 93       	push	r29
     310:	8c 01       	movw	r16, r24
     312:	eb 01       	movw	r28, r22
     314:	0e 94 4d 01 	call	0x29a	; 0x29a <_Z8csactivev>
     318:	8a e3       	ldi	r24, 0x3A	; 58
     31a:	8e bd       	out	0x2e, r24	; 46
     31c:	0e 94 51 01 	call	0x2a2	; 0x2a2 <_Z7waitspiv>
     320:	0c 0f       	add	r16, r28
     322:	1d 1f       	adc	r17, r29
     324:	c0 17       	cp	r28, r16
     326:	d1 07       	cpc	r29, r17
     328:	31 f0       	breq	.+12     	; 0x336 <_Z19ENC28J60_ReadBufferjPh+0x2e>
     32a:	1e bc       	out	0x2e, r1	; 46
     32c:	0e 94 51 01 	call	0x2a2	; 0x2a2 <_Z7waitspiv>
     330:	8e b5       	in	r24, 0x2e	; 46
     332:	89 93       	st	Y+, r24
     334:	f7 cf       	rjmp	.-18     	; 0x324 <_Z19ENC28J60_ReadBufferjPh+0x1c>
     336:	18 82       	st	Y, r1
     338:	df 91       	pop	r29
     33a:	cf 91       	pop	r28
     33c:	1f 91       	pop	r17
     33e:	0f 91       	pop	r16
     340:	0c 94 4f 01 	jmp	0x29e	; 0x29e <_Z9cspassivev>

00000344 <_Z20ENC28J60_WriteBufferjPh>:
     344:	0f 93       	push	r16
     346:	1f 93       	push	r17
     348:	cf 93       	push	r28
     34a:	df 93       	push	r29
     34c:	8c 01       	movw	r16, r24
     34e:	eb 01       	movw	r28, r22
     350:	0e 94 4d 01 	call	0x29a	; 0x29a <_Z8csactivev>
     354:	8a e7       	ldi	r24, 0x7A	; 122
     356:	8e bd       	out	0x2e, r24	; 46
     358:	0e 94 51 01 	call	0x2a2	; 0x2a2 <_Z7waitspiv>
     35c:	0c 0f       	add	r16, r28
     35e:	1d 1f       	adc	r17, r29
     360:	c0 17       	cp	r28, r16
     362:	d1 07       	cpc	r29, r17
     364:	29 f0       	breq	.+10     	; 0x370 <_Z20ENC28J60_WriteBufferjPh+0x2c>
     366:	89 91       	ld	r24, Y+
     368:	8e bd       	out	0x2e, r24	; 46
     36a:	0e 94 51 01 	call	0x2a2	; 0x2a2 <_Z7waitspiv>
     36e:	f8 cf       	rjmp	.-16     	; 0x360 <_Z20ENC28J60_WriteBufferjPh+0x1c>
     370:	df 91       	pop	r29
     372:	cf 91       	pop	r28
     374:	1f 91       	pop	r17
     376:	0f 91       	pop	r16
     378:	0c 94 4f 01 	jmp	0x29e	; 0x29e <_Z9cspassivev>

0000037c <_Z16ENC28J60_SetBankh>:
     37c:	cf 93       	push	r28
     37e:	df 93       	push	r29
     380:	c8 2f       	mov	r28, r24
     382:	d8 2f       	mov	r29, r24
     384:	d0 76       	andi	r29, 0x60	; 96
     386:	80 91 6f 01 	lds	r24, 0x016F	; 0x80016f <_ZL13ENC28J60_Bank>
     38a:	8d 17       	cp	r24, r29
     38c:	99 f0       	breq	.+38     	; 0x3b4 <_Z16ENC28J60_SetBankh+0x38>
     38e:	43 e0       	ldi	r20, 0x03	; 3
     390:	6f e1       	ldi	r22, 0x1F	; 31
     392:	80 ea       	ldi	r24, 0xA0	; 160
     394:	0e 94 6f 01 	call	0x2de	; 0x2de <_Z16ENC28J60_WriteOphhh>
     398:	4c 2f       	mov	r20, r28
     39a:	50 e0       	ldi	r21, 0x00	; 0
     39c:	85 e0       	ldi	r24, 0x05	; 5
     39e:	55 95       	asr	r21
     3a0:	47 95       	ror	r20
     3a2:	8a 95       	dec	r24
     3a4:	e1 f7       	brne	.-8      	; 0x39e <_Z16ENC28J60_SetBankh+0x22>
     3a6:	43 70       	andi	r20, 0x03	; 3
     3a8:	6f e1       	ldi	r22, 0x1F	; 31
     3aa:	80 e8       	ldi	r24, 0x80	; 128
     3ac:	0e 94 6f 01 	call	0x2de	; 0x2de <_Z16ENC28J60_WriteOphhh>
     3b0:	d0 93 6f 01 	sts	0x016F, r29	; 0x80016f <_ZL13ENC28J60_Bank>
     3b4:	df 91       	pop	r29
     3b6:	cf 91       	pop	r28
     3b8:	08 95       	ret

000003ba <_Z13ENC28J60_Readh>:
     3ba:	cf 93       	push	r28
     3bc:	c8 2f       	mov	r28, r24
     3be:	0e 94 be 01 	call	0x37c	; 0x37c <_Z16ENC28J60_SetBankh>
     3c2:	6c 2f       	mov	r22, r28
     3c4:	80 e0       	ldi	r24, 0x00	; 0
     3c6:	cf 91       	pop	r28
     3c8:	0c 94 55 01 	jmp	0x2aa	; 0x2aa <_Z15ENC28J60_ReadOphh>

000003cc <_Z14ENC28J60_Writehh>:
     3cc:	cf 93       	push	r28
     3ce:	df 93       	push	r29
     3d0:	c8 2f       	mov	r28, r24
     3d2:	d6 2f       	mov	r29, r22
     3d4:	0e 94 be 01 	call	0x37c	; 0x37c <_Z16ENC28J60_SetBankh>
     3d8:	4d 2f       	mov	r20, r29
     3da:	6c 2f       	mov	r22, r28
     3dc:	80 e4       	ldi	r24, 0x40	; 64
     3de:	df 91       	pop	r29
     3e0:	cf 91       	pop	r28
     3e2:	0c 94 6f 01 	jmp	0x2de	; 0x2de <_Z16ENC28J60_WriteOphhh>

000003e6 <_Z16ENC28J60_PhyReadh>:
     3e6:	68 2f       	mov	r22, r24
     3e8:	84 ed       	ldi	r24, 0xD4	; 212
     3ea:	0e 94 e6 01 	call	0x3cc	; 0x3cc <_Z14ENC28J60_Writehh>
     3ee:	61 e0       	ldi	r22, 0x01	; 1
     3f0:	82 ed       	ldi	r24, 0xD2	; 210
     3f2:	0e 94 e6 01 	call	0x3cc	; 0x3cc <_Z14ENC28J60_Writehh>
     3f6:	80 e5       	ldi	r24, 0x50	; 80
     3f8:	8a 95       	dec	r24
     3fa:	f1 f7       	brne	.-4      	; 0x3f8 <_Z16ENC28J60_PhyReadh+0x12>
     3fc:	8a ee       	ldi	r24, 0xEA	; 234
     3fe:	0e 94 dd 01 	call	0x3ba	; 0x3ba <_Z13ENC28J60_Readh>
     402:	80 fd       	sbrc	r24, 0
     404:	fb cf       	rjmp	.-10     	; 0x3fc <_Z16ENC28J60_PhyReadh+0x16>
     406:	60 e0       	ldi	r22, 0x00	; 0
     408:	82 ed       	ldi	r24, 0xD2	; 210
     40a:	0e 94 e6 01 	call	0x3cc	; 0x3cc <_Z14ENC28J60_Writehh>
     40e:	89 ed       	ldi	r24, 0xD9	; 217
     410:	0e 94 dd 01 	call	0x3ba	; 0x3ba <_Z13ENC28J60_Readh>
     414:	90 e0       	ldi	r25, 0x00	; 0
     416:	08 95       	ret

00000418 <_Z17ENC28J60_PhyWritehj>:
     418:	cf 93       	push	r28
     41a:	df 93       	push	r29
     41c:	d6 2f       	mov	r29, r22
     41e:	c7 2f       	mov	r28, r23
     420:	68 2f       	mov	r22, r24
     422:	84 ed       	ldi	r24, 0xD4	; 212
     424:	0e 94 e6 01 	call	0x3cc	; 0x3cc <_Z14ENC28J60_Writehh>
     428:	6d 2f       	mov	r22, r29
     42a:	86 ed       	ldi	r24, 0xD6	; 214
     42c:	0e 94 e6 01 	call	0x3cc	; 0x3cc <_Z14ENC28J60_Writehh>
     430:	6c 2f       	mov	r22, r28
     432:	87 ed       	ldi	r24, 0xD7	; 215
     434:	0e 94 e6 01 	call	0x3cc	; 0x3cc <_Z14ENC28J60_Writehh>
     438:	8a ee       	ldi	r24, 0xEA	; 234
     43a:	0e 94 dd 01 	call	0x3ba	; 0x3ba <_Z13ENC28J60_Readh>
     43e:	80 ff       	sbrs	r24, 0
     440:	04 c0       	rjmp	.+8      	; 0x44a <_Z17ENC28J60_PhyWritehj+0x32>
     442:	80 e5       	ldi	r24, 0x50	; 80
     444:	8a 95       	dec	r24
     446:	f1 f7       	brne	.-4      	; 0x444 <_Z17ENC28J60_PhyWritehj+0x2c>
     448:	f7 cf       	rjmp	.-18     	; 0x438 <_Z17ENC28J60_PhyWritehj+0x20>
     44a:	df 91       	pop	r29
     44c:	cf 91       	pop	r28
     44e:	08 95       	ret

00000450 <_Z13ENC28J60_Initv>:
     450:	cf 93       	push	r28
     452:	df 93       	push	r29
     454:	22 9a       	sbi	0x04, 2	; 4
     456:	0e 94 4f 01 	call	0x29e	; 0x29e <_Z9cspassivev>
     45a:	84 b1       	in	r24, 0x04	; 4
     45c:	88 62       	ori	r24, 0x28	; 40
     45e:	84 b9       	out	0x04, r24	; 4
     460:	24 98       	cbi	0x04, 4	; 4
     462:	2b 98       	cbi	0x05, 3	; 5
     464:	2d 98       	cbi	0x05, 5	; 5
     466:	80 e5       	ldi	r24, 0x50	; 80
     468:	8c bd       	out	0x2c, r24	; 44
     46a:	8d b5       	in	r24, 0x2d	; 45
     46c:	81 60       	ori	r24, 0x01	; 1
     46e:	8d bd       	out	0x2d, r24	; 45
     470:	4f ef       	ldi	r20, 0xFF	; 255
     472:	60 e0       	ldi	r22, 0x00	; 0
     474:	8f ef       	ldi	r24, 0xFF	; 255
     476:	0e 94 6f 01 	call	0x2de	; 0x2de <_Z16ENC28J60_WriteOphhh>
     47a:	8d ec       	ldi	r24, 0xCD	; 205
     47c:	8a 95       	dec	r24
     47e:	f1 f7       	brne	.-4      	; 0x47c <_Z13ENC28J60_Initv+0x2c>
     480:	10 92 6e 01 	sts	0x016E, r1	; 0x80016e <_ZL14gNextPacketPtr+0x1>
     484:	10 92 6d 01 	sts	0x016D, r1	; 0x80016d <_ZL14gNextPacketPtr>
     488:	60 e0       	ldi	r22, 0x00	; 0
     48a:	88 e0       	ldi	r24, 0x08	; 8
     48c:	0e 94 e6 01 	call	0x3cc	; 0x3cc <_Z14ENC28J60_Writehh>
     490:	60 e0       	ldi	r22, 0x00	; 0
     492:	89 e0       	ldi	r24, 0x09	; 9
     494:	0e 94 e6 01 	call	0x3cc	; 0x3cc <_Z14ENC28J60_Writehh>
     498:	60 e0       	ldi	r22, 0x00	; 0
     49a:	8c e0       	ldi	r24, 0x0C	; 12
     49c:	0e 94 e6 01 	call	0x3cc	; 0x3cc <_Z14ENC28J60_Writehh>
     4a0:	60 e0       	ldi	r22, 0x00	; 0
     4a2:	8d e0       	ldi	r24, 0x0D	; 13
     4a4:	0e 94 e6 01 	call	0x3cc	; 0x3cc <_Z14ENC28J60_Writehh>
     4a8:	6e ef       	ldi	r22, 0xFE	; 254
     4aa:	8a e0       	ldi	r24, 0x0A	; 10
     4ac:	0e 94 e6 01 	call	0x3cc	; 0x3cc <_Z14ENC28J60_Writehh>
     4b0:	69 e1       	ldi	r22, 0x19	; 25
     4b2:	8b e0       	ldi	r24, 0x0B	; 11
     4b4:	0e 94 e6 01 	call	0x3cc	; 0x3cc <_Z14ENC28J60_Writehh>
     4b8:	6f ef       	ldi	r22, 0xFF	; 255
     4ba:	84 e0       	ldi	r24, 0x04	; 4
     4bc:	0e 94 e6 01 	call	0x3cc	; 0x3cc <_Z14ENC28J60_Writehh>
     4c0:	69 e1       	ldi	r22, 0x19	; 25
     4c2:	85 e0       	ldi	r24, 0x05	; 5
     4c4:	0e 94 e6 01 	call	0x3cc	; 0x3cc <_Z14ENC28J60_Writehh>
     4c8:	6f ef       	ldi	r22, 0xFF	; 255
     4ca:	86 e0       	ldi	r24, 0x06	; 6
     4cc:	0e 94 e6 01 	call	0x3cc	; 0x3cc <_Z14ENC28J60_Writehh>
     4d0:	6f e1       	ldi	r22, 0x1F	; 31
     4d2:	87 e0       	ldi	r24, 0x07	; 7
     4d4:	0e 94 e6 01 	call	0x3cc	; 0x3cc <_Z14ENC28J60_Writehh>
     4d8:	60 eb       	ldi	r22, 0xB0	; 176
     4da:	88 e3       	ldi	r24, 0x38	; 56
     4dc:	0e 94 e6 01 	call	0x3cc	; 0x3cc <_Z14ENC28J60_Writehh>
     4e0:	6f e3       	ldi	r22, 0x3F	; 63
     4e2:	88 e2       	ldi	r24, 0x28	; 40
     4e4:	0e 94 e6 01 	call	0x3cc	; 0x3cc <_Z14ENC28J60_Writehh>
     4e8:	60 e3       	ldi	r22, 0x30	; 48
     4ea:	89 e2       	ldi	r24, 0x29	; 41
     4ec:	0e 94 e6 01 	call	0x3cc	; 0x3cc <_Z14ENC28J60_Writehh>
     4f0:	69 ef       	ldi	r22, 0xF9	; 249
     4f2:	80 e3       	ldi	r24, 0x30	; 48
     4f4:	0e 94 e6 01 	call	0x3cc	; 0x3cc <_Z14ENC28J60_Writehh>
     4f8:	67 ef       	ldi	r22, 0xF7	; 247
     4fa:	81 e3       	ldi	r24, 0x31	; 49
     4fc:	0e 94 e6 01 	call	0x3cc	; 0x3cc <_Z14ENC28J60_Writehh>
     500:	6d e0       	ldi	r22, 0x0D	; 13
     502:	80 ec       	ldi	r24, 0xC0	; 192
     504:	0e 94 e6 01 	call	0x3cc	; 0x3cc <_Z14ENC28J60_Writehh>
     508:	60 e0       	ldi	r22, 0x00	; 0
     50a:	81 ec       	ldi	r24, 0xC1	; 193
     50c:	0e 94 e6 01 	call	0x3cc	; 0x3cc <_Z14ENC28J60_Writehh>
     510:	42 e3       	ldi	r20, 0x32	; 50
     512:	62 ec       	ldi	r22, 0xC2	; 194
     514:	80 e8       	ldi	r24, 0x80	; 128
     516:	0e 94 6f 01 	call	0x2de	; 0x2de <_Z16ENC28J60_WriteOphhh>
     51a:	62 e1       	ldi	r22, 0x12	; 18
     51c:	86 ec       	ldi	r24, 0xC6	; 198
     51e:	0e 94 e6 01 	call	0x3cc	; 0x3cc <_Z14ENC28J60_Writehh>
     522:	6c e0       	ldi	r22, 0x0C	; 12
     524:	87 ec       	ldi	r24, 0xC7	; 199
     526:	0e 94 e6 01 	call	0x3cc	; 0x3cc <_Z14ENC28J60_Writehh>
     52a:	62 e1       	ldi	r22, 0x12	; 18
     52c:	84 ec       	ldi	r24, 0xC4	; 196
     52e:	0e 94 e6 01 	call	0x3cc	; 0x3cc <_Z14ENC28J60_Writehh>
     532:	6c ed       	ldi	r22, 0xDC	; 220
     534:	8a ec       	ldi	r24, 0xCA	; 202
     536:	0e 94 e6 01 	call	0x3cc	; 0x3cc <_Z14ENC28J60_Writehh>
     53a:	65 e0       	ldi	r22, 0x05	; 5
     53c:	8b ec       	ldi	r24, 0xCB	; 203
     53e:	0e 94 e6 01 	call	0x3cc	; 0x3cc <_Z14ENC28J60_Writehh>
     542:	c9 e5       	ldi	r28, 0x59	; 89
     544:	d1 e0       	ldi	r29, 0x01	; 1
     546:	68 81       	ld	r22, Y
     548:	84 ee       	ldi	r24, 0xE4	; 228
     54a:	0e 94 e6 01 	call	0x3cc	; 0x3cc <_Z14ENC28J60_Writehh>
     54e:	69 81       	ldd	r22, Y+1	; 0x01
     550:	85 ee       	ldi	r24, 0xE5	; 229
     552:	0e 94 e6 01 	call	0x3cc	; 0x3cc <_Z14ENC28J60_Writehh>
     556:	6a 81       	ldd	r22, Y+2	; 0x02
     558:	82 ee       	ldi	r24, 0xE2	; 226
     55a:	0e 94 e6 01 	call	0x3cc	; 0x3cc <_Z14ENC28J60_Writehh>
     55e:	6b 81       	ldd	r22, Y+3	; 0x03
     560:	83 ee       	ldi	r24, 0xE3	; 227
     562:	0e 94 e6 01 	call	0x3cc	; 0x3cc <_Z14ENC28J60_Writehh>
     566:	6c 81       	ldd	r22, Y+4	; 0x04
     568:	80 ee       	ldi	r24, 0xE0	; 224
     56a:	0e 94 e6 01 	call	0x3cc	; 0x3cc <_Z14ENC28J60_Writehh>
     56e:	6d 81       	ldd	r22, Y+5	; 0x05
     570:	81 ee       	ldi	r24, 0xE1	; 225
     572:	0e 94 e6 01 	call	0x3cc	; 0x3cc <_Z14ENC28J60_Writehh>
     576:	60 e0       	ldi	r22, 0x00	; 0
     578:	71 e0       	ldi	r23, 0x01	; 1
     57a:	80 e1       	ldi	r24, 0x10	; 16
     57c:	0e 94 0c 02 	call	0x418	; 0x418 <_Z17ENC28J60_PhyWritehj>
     580:	8f e1       	ldi	r24, 0x1F	; 31
     582:	0e 94 be 01 	call	0x37c	; 0x37c <_Z16ENC28J60_SetBankh>
     586:	40 ec       	ldi	r20, 0xC0	; 192
     588:	6b e1       	ldi	r22, 0x1B	; 27
     58a:	80 e8       	ldi	r24, 0x80	; 128
     58c:	0e 94 6f 01 	call	0x2de	; 0x2de <_Z16ENC28J60_WriteOphhh>
     590:	44 e0       	ldi	r20, 0x04	; 4
     592:	6f e1       	ldi	r22, 0x1F	; 31
     594:	80 e8       	ldi	r24, 0x80	; 128
     596:	0e 94 6f 01 	call	0x2de	; 0x2de <_Z16ENC28J60_WriteOphhh>
     59a:	62 e0       	ldi	r22, 0x02	; 2
     59c:	85 e7       	ldi	r24, 0x75	; 117
     59e:	0e 94 e6 01 	call	0x3cc	; 0x3cc <_Z14ENC28J60_Writehh>
     5a2:	c2 e3       	ldi	r28, 0x32	; 50
     5a4:	8c 2f       	mov	r24, r28
     5a6:	8a 95       	dec	r24
     5a8:	f1 f7       	brne	.-4      	; 0x5a6 <_Z13ENC28J60_Initv+0x156>
     5aa:	66 e7       	ldi	r22, 0x76	; 118
     5ac:	74 e0       	ldi	r23, 0x04	; 4
     5ae:	84 e1       	ldi	r24, 0x14	; 20
     5b0:	0e 94 0c 02 	call	0x418	; 0x418 <_Z17ENC28J60_PhyWritehj>
     5b4:	ca 95       	dec	r28
     5b6:	f1 f7       	brne	.-4      	; 0x5b4 <_Z13ENC28J60_Initv+0x164>
     5b8:	82 e7       	ldi	r24, 0x72	; 114
     5ba:	df 91       	pop	r29
     5bc:	cf 91       	pop	r28
     5be:	0c 94 dd 01 	jmp	0x3ba	; 0x3ba <_Z13ENC28J60_Readh>

000005c2 <_Z22ENC28J60_PacketReceivejPh>:
     5c2:	8f 92       	push	r8
     5c4:	9f 92       	push	r9
     5c6:	af 92       	push	r10
     5c8:	bf 92       	push	r11
     5ca:	cf 92       	push	r12
     5cc:	df 92       	push	r13
     5ce:	ef 92       	push	r14
     5d0:	ff 92       	push	r15
     5d2:	0f 93       	push	r16
     5d4:	1f 93       	push	r17
     5d6:	cf 93       	push	r28
     5d8:	df 93       	push	r29
     5da:	7c 01       	movw	r14, r24
     5dc:	96 2e       	mov	r9, r22
     5de:	07 2f       	mov	r16, r23
     5e0:	89 e3       	ldi	r24, 0x39	; 57
     5e2:	0e 94 dd 01 	call	0x3ba	; 0x3ba <_Z13ENC28J60_Readh>
     5e6:	d1 2c       	mov	r13, r1
     5e8:	c1 2c       	mov	r12, r1
     5ea:	88 23       	and	r24, r24
     5ec:	09 f4       	brne	.+2      	; 0x5f0 <_Z22ENC28J60_PacketReceivejPh+0x2e>
     5ee:	5f c0       	rjmp	.+190    	; 0x6ae <_Z22ENC28J60_PacketReceivejPh+0xec>
     5f0:	60 91 6d 01 	lds	r22, 0x016D	; 0x80016d <_ZL14gNextPacketPtr>
     5f4:	c0 91 6e 01 	lds	r28, 0x016E	; 0x80016e <_ZL14gNextPacketPtr+0x1>
     5f8:	80 e0       	ldi	r24, 0x00	; 0
     5fa:	0e 94 e6 01 	call	0x3cc	; 0x3cc <_Z14ENC28J60_Writehh>
     5fe:	6c 2f       	mov	r22, r28
     600:	81 e0       	ldi	r24, 0x01	; 1
     602:	0e 94 e6 01 	call	0x3cc	; 0x3cc <_Z14ENC28J60_Writehh>
     606:	60 e0       	ldi	r22, 0x00	; 0
     608:	8a e3       	ldi	r24, 0x3A	; 58
     60a:	0e 94 55 01 	call	0x2aa	; 0x2aa <_Z15ENC28J60_ReadOphh>
     60e:	c8 2f       	mov	r28, r24
     610:	60 e0       	ldi	r22, 0x00	; 0
     612:	8a e3       	ldi	r24, 0x3A	; 58
     614:	0e 94 55 01 	call	0x2aa	; 0x2aa <_Z15ENC28J60_ReadOphh>
     618:	d8 2f       	mov	r29, r24
     61a:	d0 93 6e 01 	sts	0x016E, r29	; 0x80016e <_ZL14gNextPacketPtr+0x1>
     61e:	c0 93 6d 01 	sts	0x016D, r28	; 0x80016d <_ZL14gNextPacketPtr>
     622:	60 e0       	ldi	r22, 0x00	; 0
     624:	8a e3       	ldi	r24, 0x3A	; 58
     626:	0e 94 55 01 	call	0x2aa	; 0x2aa <_Z15ENC28J60_ReadOphh>
     62a:	18 2f       	mov	r17, r24
     62c:	60 e0       	ldi	r22, 0x00	; 0
     62e:	8a e3       	ldi	r24, 0x3A	; 58
     630:	0e 94 55 01 	call	0x2aa	; 0x2aa <_Z15ENC28J60_ReadOphh>
     634:	88 2e       	mov	r8, r24
     636:	60 e0       	ldi	r22, 0x00	; 0
     638:	8a e3       	ldi	r24, 0x3A	; 58
     63a:	0e 94 55 01 	call	0x2aa	; 0x2aa <_Z15ENC28J60_ReadOphh>
     63e:	a8 2e       	mov	r10, r24
     640:	b1 2c       	mov	r11, r1
     642:	60 e0       	ldi	r22, 0x00	; 0
     644:	8a e3       	ldi	r24, 0x3A	; 58
     646:	0e 94 55 01 	call	0x2aa	; 0x2aa <_Z15ENC28J60_ReadOphh>
     64a:	65 01       	movw	r12, r10
     64c:	20 e8       	ldi	r18, 0x80	; 128
     64e:	c2 22       	and	r12, r18
     650:	dd 24       	eor	r13, r13
     652:	a7 fe       	sbrs	r10, 7
     654:	10 c0       	rjmp	.+32     	; 0x676 <_Z22ENC28J60_PacketReceivejPh+0xb4>
     656:	98 2d       	mov	r25, r8
     658:	81 2f       	mov	r24, r17
     65a:	04 97       	sbiw	r24, 0x04	; 4
     65c:	67 01       	movw	r12, r14
     65e:	21 e0       	ldi	r18, 0x01	; 1
     660:	c2 1a       	sub	r12, r18
     662:	d1 08       	sbc	r13, r1
     664:	8c 15       	cp	r24, r12
     666:	9d 05       	cpc	r25, r13
     668:	08 f4       	brcc	.+2      	; 0x66c <_Z22ENC28J60_PacketReceivejPh+0xaa>
     66a:	6c 01       	movw	r12, r24
     66c:	69 2d       	mov	r22, r9
     66e:	70 2f       	mov	r23, r16
     670:	c6 01       	movw	r24, r12
     672:	0e 94 84 01 	call	0x308	; 0x308 <_Z19ENC28J60_ReadBufferjPh>
     676:	6c 2f       	mov	r22, r28
     678:	8c e0       	ldi	r24, 0x0C	; 12
     67a:	0e 94 e6 01 	call	0x3cc	; 0x3cc <_Z14ENC28J60_Writehh>
     67e:	6d 2f       	mov	r22, r29
     680:	8d e0       	ldi	r24, 0x0D	; 13
     682:	0e 94 e6 01 	call	0x3cc	; 0x3cc <_Z14ENC28J60_Writehh>
     686:	8e 01       	movw	r16, r28
     688:	01 50       	subi	r16, 0x01	; 1
     68a:	11 09       	sbc	r17, r1
     68c:	0f 3f       	cpi	r16, 0xFF	; 255
     68e:	89 e1       	ldi	r24, 0x19	; 25
     690:	18 07       	cpc	r17, r24
     692:	d8 f0       	brcs	.+54     	; 0x6ca <_Z22ENC28J60_PacketReceivejPh+0x108>
     694:	6e ef       	ldi	r22, 0xFE	; 254
     696:	8c e0       	ldi	r24, 0x0C	; 12
     698:	0e 94 e6 01 	call	0x3cc	; 0x3cc <_Z14ENC28J60_Writehh>
     69c:	69 e1       	ldi	r22, 0x19	; 25
     69e:	8d e0       	ldi	r24, 0x0D	; 13
     6a0:	0e 94 e6 01 	call	0x3cc	; 0x3cc <_Z14ENC28J60_Writehh>
     6a4:	40 e4       	ldi	r20, 0x40	; 64
     6a6:	6e e1       	ldi	r22, 0x1E	; 30
     6a8:	80 e8       	ldi	r24, 0x80	; 128
     6aa:	0e 94 6f 01 	call	0x2de	; 0x2de <_Z16ENC28J60_WriteOphhh>
     6ae:	c6 01       	movw	r24, r12
     6b0:	df 91       	pop	r29
     6b2:	cf 91       	pop	r28
     6b4:	1f 91       	pop	r17
     6b6:	0f 91       	pop	r16
     6b8:	ff 90       	pop	r15
     6ba:	ef 90       	pop	r14
     6bc:	df 90       	pop	r13
     6be:	cf 90       	pop	r12
     6c0:	bf 90       	pop	r11
     6c2:	af 90       	pop	r10
     6c4:	9f 90       	pop	r9
     6c6:	8f 90       	pop	r8
     6c8:	08 95       	ret
     6ca:	6c 2f       	mov	r22, r28
     6cc:	61 50       	subi	r22, 0x01	; 1
     6ce:	8c e0       	ldi	r24, 0x0C	; 12
     6d0:	0e 94 e6 01 	call	0x3cc	; 0x3cc <_Z14ENC28J60_Writehh>
     6d4:	61 2f       	mov	r22, r17
     6d6:	e3 cf       	rjmp	.-58     	; 0x69e <_Z22ENC28J60_PacketReceivejPh+0xdc>

000006d8 <_Z19ENC28J60_PacketSendjPh>:
     6d8:	0f 93       	push	r16
     6da:	1f 93       	push	r17
     6dc:	cf 93       	push	r28
     6de:	df 93       	push	r29
     6e0:	ec 01       	movw	r28, r24
     6e2:	8b 01       	movw	r16, r22
     6e4:	6f e1       	ldi	r22, 0x1F	; 31
     6e6:	80 e0       	ldi	r24, 0x00	; 0
     6e8:	0e 94 55 01 	call	0x2aa	; 0x2aa <_Z15ENC28J60_ReadOphh>
     6ec:	83 ff       	sbrs	r24, 3
     6ee:	10 c0       	rjmp	.+32     	; 0x710 <_Z19ENC28J60_PacketSendjPh+0x38>
     6f0:	8c e1       	ldi	r24, 0x1C	; 28
     6f2:	0e 94 dd 01 	call	0x3ba	; 0x3ba <_Z13ENC28J60_Readh>
     6f6:	81 ff       	sbrs	r24, 1
     6f8:	f5 cf       	rjmp	.-22     	; 0x6e4 <_Z19ENC28J60_PacketSendjPh+0xc>
     6fa:	40 e8       	ldi	r20, 0x80	; 128
     6fc:	6f e1       	ldi	r22, 0x1F	; 31
     6fe:	80 e8       	ldi	r24, 0x80	; 128
     700:	0e 94 6f 01 	call	0x2de	; 0x2de <_Z16ENC28J60_WriteOphhh>
     704:	40 e8       	ldi	r20, 0x80	; 128
     706:	6f e1       	ldi	r22, 0x1F	; 31
     708:	80 ea       	ldi	r24, 0xA0	; 160
     70a:	0e 94 6f 01 	call	0x2de	; 0x2de <_Z16ENC28J60_WriteOphhh>
     70e:	ea cf       	rjmp	.-44     	; 0x6e4 <_Z19ENC28J60_PacketSendjPh+0xc>
     710:	6f ef       	ldi	r22, 0xFF	; 255
     712:	82 e0       	ldi	r24, 0x02	; 2
     714:	0e 94 e6 01 	call	0x3cc	; 0x3cc <_Z14ENC28J60_Writehh>
     718:	69 e1       	ldi	r22, 0x19	; 25
     71a:	83 e0       	ldi	r24, 0x03	; 3
     71c:	0e 94 e6 01 	call	0x3cc	; 0x3cc <_Z14ENC28J60_Writehh>
     720:	6c 2f       	mov	r22, r28
     722:	61 50       	subi	r22, 0x01	; 1
     724:	86 e0       	ldi	r24, 0x06	; 6
     726:	0e 94 e6 01 	call	0x3cc	; 0x3cc <_Z14ENC28J60_Writehh>
     72a:	ce 01       	movw	r24, r28
     72c:	81 50       	subi	r24, 0x01	; 1
     72e:	96 4e       	sbci	r25, 0xE6	; 230
     730:	69 2f       	mov	r22, r25
     732:	87 e0       	ldi	r24, 0x07	; 7
     734:	0e 94 e6 01 	call	0x3cc	; 0x3cc <_Z14ENC28J60_Writehh>
     738:	40 e0       	ldi	r20, 0x00	; 0
     73a:	60 e0       	ldi	r22, 0x00	; 0
     73c:	8a e7       	ldi	r24, 0x7A	; 122
     73e:	0e 94 6f 01 	call	0x2de	; 0x2de <_Z16ENC28J60_WriteOphhh>
     742:	b8 01       	movw	r22, r16
     744:	ce 01       	movw	r24, r28
     746:	0e 94 a2 01 	call	0x344	; 0x344 <_Z20ENC28J60_WriteBufferjPh>
     74a:	48 e0       	ldi	r20, 0x08	; 8
     74c:	6f e1       	ldi	r22, 0x1F	; 31
     74e:	80 e8       	ldi	r24, 0x80	; 128
     750:	df 91       	pop	r29
     752:	cf 91       	pop	r28
     754:	1f 91       	pop	r17
     756:	0f 91       	pop	r16
     758:	0c 94 6f 01 	jmp	0x2de	; 0x2de <_Z16ENC28J60_WriteOphhh>

0000075c <_Z15ENC28J60_LinkUpv>:
     75c:	81 e1       	ldi	r24, 0x11	; 17
     75e:	0e 94 f3 01 	call	0x3e6	; 0x3e6 <_Z16ENC28J60_PhyReadh>
     762:	96 95       	lsr	r25
     764:	87 95       	ror	r24
     766:	96 95       	lsr	r25
     768:	87 95       	ror	r24
     76a:	81 70       	andi	r24, 0x01	; 1
     76c:	08 95       	ret

0000076e <_Z8checksumPhjh>:
     76e:	cf 93       	push	r28
     770:	df 93       	push	r29
     772:	fc 01       	movw	r30, r24
     774:	9b 01       	movw	r18, r22
     776:	41 30       	cpi	r20, 0x01	; 1
     778:	c1 f4       	brne	.+48     	; 0x7aa <_Z8checksumPhjh+0x3c>
     77a:	cb 01       	movw	r24, r22
     77c:	08 97       	sbiw	r24, 0x08	; 8
     77e:	b0 e0       	ldi	r27, 0x00	; 0
     780:	a0 e0       	ldi	r26, 0x00	; 0
     782:	41 96       	adiw	r24, 0x11	; 17
     784:	a1 1d       	adc	r26, r1
     786:	b1 1d       	adc	r27, r1
     788:	a9 01       	movw	r20, r18
     78a:	ef 01       	movw	r28, r30
     78c:	42 30       	cpi	r20, 0x02	; 2
     78e:	51 05       	cpc	r21, r1
     790:	c8 f0       	brcs	.+50     	; 0x7c4 <_Z8checksumPhjh+0x56>
     792:	69 91       	ld	r22, Y+
     794:	79 91       	ld	r23, Y+
     796:	76 27       	eor	r23, r22
     798:	67 27       	eor	r22, r23
     79a:	76 27       	eor	r23, r22
     79c:	86 0f       	add	r24, r22
     79e:	97 1f       	adc	r25, r23
     7a0:	a1 1d       	adc	r26, r1
     7a2:	b1 1d       	adc	r27, r1
     7a4:	42 50       	subi	r20, 0x02	; 2
     7a6:	51 09       	sbc	r21, r1
     7a8:	f1 cf       	rjmp	.-30     	; 0x78c <_Z8checksumPhjh+0x1e>
     7aa:	80 e0       	ldi	r24, 0x00	; 0
     7ac:	90 e0       	ldi	r25, 0x00	; 0
     7ae:	dc 01       	movw	r26, r24
     7b0:	42 30       	cpi	r20, 0x02	; 2
     7b2:	51 f7       	brne	.-44     	; 0x788 <_Z8checksumPhjh+0x1a>
     7b4:	cb 01       	movw	r24, r22
     7b6:	08 97       	sbiw	r24, 0x08	; 8
     7b8:	b0 e0       	ldi	r27, 0x00	; 0
     7ba:	a0 e0       	ldi	r26, 0x00	; 0
     7bc:	06 96       	adiw	r24, 0x06	; 6
     7be:	a1 1d       	adc	r26, r1
     7c0:	b1 1d       	adc	r27, r1
     7c2:	e2 cf       	rjmp	.-60     	; 0x788 <_Z8checksumPhjh+0x1a>
     7c4:	a9 01       	movw	r20, r18
     7c6:	4e 7f       	andi	r20, 0xFE	; 254
     7c8:	e4 0f       	add	r30, r20
     7ca:	f5 1f       	adc	r31, r21
     7cc:	24 17       	cp	r18, r20
     7ce:	35 07       	cpc	r19, r21
     7d0:	61 f0       	breq	.+24     	; 0x7ea <_Z8checksumPhjh+0x7c>
     7d2:	40 81       	ld	r20, Z
     7d4:	50 e0       	ldi	r21, 0x00	; 0
     7d6:	70 e0       	ldi	r23, 0x00	; 0
     7d8:	60 e0       	ldi	r22, 0x00	; 0
     7da:	76 2f       	mov	r23, r22
     7dc:	65 2f       	mov	r22, r21
     7de:	54 2f       	mov	r21, r20
     7e0:	44 27       	eor	r20, r20
     7e2:	84 0f       	add	r24, r20
     7e4:	95 1f       	adc	r25, r21
     7e6:	a6 1f       	adc	r26, r22
     7e8:	b7 1f       	adc	r27, r23
     7ea:	ad 01       	movw	r20, r26
     7ec:	66 27       	eor	r22, r22
     7ee:	77 27       	eor	r23, r23
     7f0:	41 15       	cp	r20, r1
     7f2:	51 05       	cpc	r21, r1
     7f4:	61 05       	cpc	r22, r1
     7f6:	71 05       	cpc	r23, r1
     7f8:	19 f0       	breq	.+6      	; 0x800 <_Z8checksumPhjh+0x92>
     7fa:	aa 27       	eor	r26, r26
     7fc:	bb 27       	eor	r27, r27
     7fe:	f1 cf       	rjmp	.-30     	; 0x7e2 <_Z8checksumPhjh+0x74>
     800:	80 95       	com	r24
     802:	90 95       	com	r25
     804:	df 91       	pop	r29
     806:	cf 91       	pop	r28
     808:	08 95       	ret

0000080a <_Z10eth_is_arpj>:
     80a:	89 97       	sbiw	r24, 0x29	; 41
     80c:	b0 f0       	brcs	.+44     	; 0x83a <_Z10eth_is_arpj+0x30>
     80e:	80 91 7d 01 	lds	r24, 0x017D	; 0x80017d <buf+0xc>
     812:	88 30       	cpi	r24, 0x08	; 8
     814:	91 f4       	brne	.+36     	; 0x83a <_Z10eth_is_arpj+0x30>
     816:	80 91 7e 01 	lds	r24, 0x017E	; 0x80017e <buf+0xd>
     81a:	86 30       	cpi	r24, 0x06	; 6
     81c:	71 f4       	brne	.+28     	; 0x83a <_Z10eth_is_arpj+0x30>
     81e:	a7 e9       	ldi	r26, 0x97	; 151
     820:	b1 e0       	ldi	r27, 0x01	; 1
     822:	ec e0       	ldi	r30, 0x0C	; 12
     824:	f1 e0       	ldi	r31, 0x01	; 1
     826:	84 e0       	ldi	r24, 0x04	; 4
     828:	8e 0f       	add	r24, r30
     82a:	2d 91       	ld	r18, X+
     82c:	91 91       	ld	r25, Z+
     82e:	29 13       	cpse	r18, r25
     830:	04 c0       	rjmp	.+8      	; 0x83a <_Z10eth_is_arpj+0x30>
     832:	8e 13       	cpse	r24, r30
     834:	fa cf       	rjmp	.-12     	; 0x82a <_Z10eth_is_arpj+0x20>
     836:	81 e0       	ldi	r24, 0x01	; 1
     838:	08 95       	ret
     83a:	80 e0       	ldi	r24, 0x00	; 0
     83c:	08 95       	ret

0000083e <_Z9eth_is_ipj>:
     83e:	8a 97       	sbiw	r24, 0x2a	; 42
     840:	d0 f0       	brcs	.+52     	; 0x876 <_Z9eth_is_ipj+0x38>
     842:	80 91 7d 01 	lds	r24, 0x017D	; 0x80017d <buf+0xc>
     846:	88 30       	cpi	r24, 0x08	; 8
     848:	b1 f4       	brne	.+44     	; 0x876 <_Z9eth_is_ipj+0x38>
     84a:	80 91 7e 01 	lds	r24, 0x017E	; 0x80017e <buf+0xd>
     84e:	81 11       	cpse	r24, r1
     850:	12 c0       	rjmp	.+36     	; 0x876 <_Z9eth_is_ipj+0x38>
     852:	90 91 7f 01 	lds	r25, 0x017F	; 0x80017f <buf+0xe>
     856:	95 34       	cpi	r25, 0x45	; 69
     858:	79 f4       	brne	.+30     	; 0x878 <_Z9eth_is_ipj+0x3a>
     85a:	af e8       	ldi	r26, 0x8F	; 143
     85c:	b1 e0       	ldi	r27, 0x01	; 1
     85e:	ec e0       	ldi	r30, 0x0C	; 12
     860:	f1 e0       	ldi	r31, 0x01	; 1
     862:	94 e0       	ldi	r25, 0x04	; 4
     864:	9e 0f       	add	r25, r30
     866:	3d 91       	ld	r19, X+
     868:	21 91       	ld	r18, Z+
     86a:	32 13       	cpse	r19, r18
     86c:	05 c0       	rjmp	.+10     	; 0x878 <_Z9eth_is_ipj+0x3a>
     86e:	9e 13       	cpse	r25, r30
     870:	fa cf       	rjmp	.-12     	; 0x866 <_Z9eth_is_ipj+0x28>
     872:	81 e0       	ldi	r24, 0x01	; 1
     874:	08 95       	ret
     876:	80 e0       	ldi	r24, 0x00	; 0
     878:	08 95       	ret

0000087a <_Z12make_eth_hdrv>:
     87a:	86 e0       	ldi	r24, 0x06	; 6
     87c:	e7 e7       	ldi	r30, 0x77	; 119
     87e:	f1 e0       	ldi	r31, 0x01	; 1
     880:	a1 e7       	ldi	r26, 0x71	; 113
     882:	b1 e0       	ldi	r27, 0x01	; 1
     884:	01 90       	ld	r0, Z+
     886:	0d 92       	st	X+, r0
     888:	8a 95       	dec	r24
     88a:	e1 f7       	brne	.-8      	; 0x884 <_Z12make_eth_hdrv+0xa>
     88c:	86 e0       	ldi	r24, 0x06	; 6
     88e:	e9 e5       	ldi	r30, 0x59	; 89
     890:	f1 e0       	ldi	r31, 0x01	; 1
     892:	a7 e7       	ldi	r26, 0x77	; 119
     894:	b1 e0       	ldi	r27, 0x01	; 1
     896:	01 90       	ld	r0, Z+
     898:	0d 92       	st	X+, r0
     89a:	8a 95       	dec	r24
     89c:	e1 f7       	brne	.-8      	; 0x896 <_Z12make_eth_hdrv+0x1c>
     89e:	08 95       	ret

000008a0 <_Z16make_ip_checksumv>:
     8a0:	cf 93       	push	r28
     8a2:	df 93       	push	r29
     8a4:	c1 e7       	ldi	r28, 0x71	; 113
     8a6:	d1 e0       	ldi	r29, 0x01	; 1
     8a8:	18 8e       	std	Y+24, r1	; 0x18
     8aa:	19 8e       	std	Y+25, r1	; 0x19
     8ac:	80 e4       	ldi	r24, 0x40	; 64
     8ae:	8c 8b       	std	Y+20, r24	; 0x14
     8b0:	1d 8a       	std	Y+21, r1	; 0x15
     8b2:	8e 8b       	std	Y+22, r24	; 0x16
     8b4:	40 e0       	ldi	r20, 0x00	; 0
     8b6:	64 e1       	ldi	r22, 0x14	; 20
     8b8:	70 e0       	ldi	r23, 0x00	; 0
     8ba:	8f e7       	ldi	r24, 0x7F	; 127
     8bc:	91 e0       	ldi	r25, 0x01	; 1
     8be:	0e 94 b7 03 	call	0x76e	; 0x76e <_Z8checksumPhjh>
     8c2:	98 27       	eor	r25, r24
     8c4:	89 27       	eor	r24, r25
     8c6:	98 27       	eor	r25, r24
     8c8:	99 8f       	std	Y+25, r25	; 0x19
     8ca:	88 8f       	std	Y+24, r24	; 0x18
     8cc:	df 91       	pop	r29
     8ce:	cf 91       	pop	r28
     8d0:	08 95       	ret

000008d2 <_Z11make_ip_hdrv>:
     8d2:	84 e0       	ldi	r24, 0x04	; 4
     8d4:	eb e8       	ldi	r30, 0x8B	; 139
     8d6:	f1 e0       	ldi	r31, 0x01	; 1
     8d8:	af e8       	ldi	r26, 0x8F	; 143
     8da:	b1 e0       	ldi	r27, 0x01	; 1
     8dc:	01 90       	ld	r0, Z+
     8de:	0d 92       	st	X+, r0
     8e0:	8a 95       	dec	r24
     8e2:	e1 f7       	brne	.-8      	; 0x8dc <_Z11make_ip_hdrv+0xa>
     8e4:	80 91 0c 01 	lds	r24, 0x010C	; 0x80010c <ipaddr>
     8e8:	90 91 0d 01 	lds	r25, 0x010D	; 0x80010d <ipaddr+0x1>
     8ec:	a0 91 0e 01 	lds	r26, 0x010E	; 0x80010e <ipaddr+0x2>
     8f0:	b0 91 0f 01 	lds	r27, 0x010F	; 0x80010f <ipaddr+0x3>
     8f4:	80 93 8b 01 	sts	0x018B, r24	; 0x80018b <buf+0x1a>
     8f8:	90 93 8c 01 	sts	0x018C, r25	; 0x80018c <buf+0x1b>
     8fc:	a0 93 8d 01 	sts	0x018D, r26	; 0x80018d <buf+0x1c>
     900:	b0 93 8e 01 	sts	0x018E, r27	; 0x80018e <buf+0x1d>
     904:	0c 94 50 04 	jmp	0x8a0	; 0x8a0 <_Z16make_ip_checksumv>

00000908 <_Z11dns_requestPc>:
     908:	0f 93       	push	r16
     90a:	1f 93       	push	r17
     90c:	cf 93       	push	r28
     90e:	df 93       	push	r29
     910:	ec 01       	movw	r28, r24
     912:	80 91 70 01 	lds	r24, 0x0170	; 0x800170 <iddns>
     916:	8f 5f       	subi	r24, 0xFF	; 255
     918:	80 93 70 01 	sts	0x0170, r24	; 0x800170 <iddns>
     91c:	86 e0       	ldi	r24, 0x06	; 6
     91e:	e4 e0       	ldi	r30, 0x04	; 4
     920:	f3 e0       	ldi	r31, 0x03	; 3
     922:	a1 e7       	ldi	r26, 0x71	; 113
     924:	b1 e0       	ldi	r27, 0x01	; 1
     926:	01 90       	ld	r0, Z+
     928:	0d 92       	st	X+, r0
     92a:	8a 95       	dec	r24
     92c:	e1 f7       	brne	.-8      	; 0x926 <_Z11dns_requestPc+0x1e>
     92e:	86 e0       	ldi	r24, 0x06	; 6
     930:	e9 e5       	ldi	r30, 0x59	; 89
     932:	f1 e0       	ldi	r31, 0x01	; 1
     934:	a7 e7       	ldi	r26, 0x77	; 119
     936:	b1 e0       	ldi	r27, 0x01	; 1
     938:	01 90       	ld	r0, Z+
     93a:	0d 92       	st	X+, r0
     93c:	8a 95       	dec	r24
     93e:	e1 f7       	brne	.-8      	; 0x938 <_Z11dns_requestPc+0x30>
     940:	88 e0       	ldi	r24, 0x08	; 8
     942:	80 93 7d 01 	sts	0x017D, r24	; 0x80017d <buf+0xc>
     946:	10 92 7e 01 	sts	0x017E, r1	; 0x80017e <buf+0xd>
     94a:	49 e0       	ldi	r20, 0x09	; 9
     94c:	50 e0       	ldi	r21, 0x00	; 0
     94e:	69 ee       	ldi	r22, 0xE9	; 233
     950:	70 e0       	ldi	r23, 0x00	; 0
     952:	8f e7       	ldi	r24, 0x7F	; 127
     954:	91 e0       	ldi	r25, 0x01	; 1
     956:	0e 94 d5 08 	call	0x11aa	; 0x11aa <memcpy_P>
     95a:	81 e1       	ldi	r24, 0x11	; 17
     95c:	80 93 88 01 	sts	0x0188, r24	; 0x800188 <buf+0x17>
     960:	80 91 04 01 	lds	r24, 0x0104	; 0x800104 <ipdns>
     964:	90 91 05 01 	lds	r25, 0x0105	; 0x800105 <ipdns+0x1>
     968:	a0 91 06 01 	lds	r26, 0x0106	; 0x800106 <ipdns+0x2>
     96c:	b0 91 07 01 	lds	r27, 0x0107	; 0x800107 <ipdns+0x3>
     970:	80 93 8f 01 	sts	0x018F, r24	; 0x80018f <buf+0x1e>
     974:	90 93 90 01 	sts	0x0190, r25	; 0x800190 <buf+0x1f>
     978:	a0 93 91 01 	sts	0x0191, r26	; 0x800191 <buf+0x20>
     97c:	b0 93 92 01 	sts	0x0192, r27	; 0x800192 <buf+0x21>
     980:	80 91 0c 01 	lds	r24, 0x010C	; 0x80010c <ipaddr>
     984:	90 91 0d 01 	lds	r25, 0x010D	; 0x80010d <ipaddr+0x1>
     988:	a0 91 0e 01 	lds	r26, 0x010E	; 0x80010e <ipaddr+0x2>
     98c:	b0 91 0f 01 	lds	r27, 0x010F	; 0x80010f <ipaddr+0x3>
     990:	80 93 8b 01 	sts	0x018B, r24	; 0x80018b <buf+0x1a>
     994:	90 93 8c 01 	sts	0x018C, r25	; 0x80018c <buf+0x1b>
     998:	a0 93 8d 01 	sts	0x018D, r26	; 0x80018d <buf+0x1c>
     99c:	b0 93 8e 01 	sts	0x018E, r27	; 0x80018e <buf+0x1d>
     9a0:	10 92 95 01 	sts	0x0195, r1	; 0x800195 <buf+0x24>
     9a4:	85 e3       	ldi	r24, 0x35	; 53
     9a6:	80 93 96 01 	sts	0x0196, r24	; 0x800196 <buf+0x25>
     9aa:	80 ee       	ldi	r24, 0xE0	; 224
     9ac:	80 93 93 01 	sts	0x0193, r24	; 0x800193 <buf+0x22>
     9b0:	30 91 70 01 	lds	r19, 0x0170	; 0x800170 <iddns>
     9b4:	30 93 94 01 	sts	0x0194, r19	; 0x800194 <buf+0x23>
     9b8:	10 92 99 01 	sts	0x0199, r1	; 0x800199 <buf+0x28>
     9bc:	10 92 9a 01 	sts	0x019A, r1	; 0x80019a <buf+0x29>
     9c0:	eb e9       	ldi	r30, 0x9B	; 155
     9c2:	f1 e0       	ldi	r31, 0x01	; 1
     9c4:	8c e0       	ldi	r24, 0x0C	; 12
     9c6:	df 01       	movw	r26, r30
     9c8:	1d 92       	st	X+, r1
     9ca:	8a 95       	dec	r24
     9cc:	e9 f7       	brne	.-6      	; 0x9c8 <_Z11dns_requestPc+0xc0>
     9ce:	e7 ea       	ldi	r30, 0xA7	; 167
     9d0:	f1 e0       	ldi	r31, 0x01	; 1
     9d2:	80 e0       	ldi	r24, 0x00	; 0
     9d4:	29 91       	ld	r18, Y+
     9d6:	2e 32       	cpi	r18, 0x2E	; 46
     9d8:	41 f0       	breq	.+16     	; 0x9ea <_Z11dns_requestPc+0xe2>
     9da:	22 23       	and	r18, r18
     9dc:	31 f0       	breq	.+12     	; 0x9ea <_Z11dns_requestPc+0xe2>
     9de:	8f 5f       	subi	r24, 0xFF	; 255
     9e0:	df 01       	movw	r26, r30
     9e2:	a8 0f       	add	r26, r24
     9e4:	b1 1d       	adc	r27, r1
     9e6:	2c 93       	st	X, r18
     9e8:	f5 cf       	rjmp	.-22     	; 0x9d4 <_Z11dns_requestPc+0xcc>
     9ea:	80 83       	st	Z, r24
     9ec:	90 e0       	ldi	r25, 0x00	; 0
     9ee:	01 96       	adiw	r24, 0x01	; 1
     9f0:	e8 0f       	add	r30, r24
     9f2:	f9 1f       	adc	r31, r25
     9f4:	21 11       	cpse	r18, r1
     9f6:	ed cf       	rjmp	.-38     	; 0x9d2 <_Z11dns_requestPc+0xca>
     9f8:	10 82       	st	Z, r1
     9fa:	11 82       	std	Z+1, r1	; 0x01
     9fc:	81 e0       	ldi	r24, 0x01	; 1
     9fe:	82 83       	std	Z+2, r24	; 0x02
     a00:	13 82       	std	Z+3, r1	; 0x03
     a02:	84 83       	std	Z+4, r24	; 0x04
     a04:	ef 01       	movw	r28, r30
     a06:	cc 56       	subi	r28, 0x6C	; 108
     a08:	d1 40       	sbci	r29, 0x01	; 1
     a0a:	0c 2f       	mov	r16, r28
     a0c:	0a 52       	subi	r16, 0x2A	; 42
     a0e:	00 93 9b 01 	sts	0x019B, r16	; 0x80019b <buf+0x2a>
     a12:	30 93 9c 01 	sts	0x019C, r19	; 0x80019c <buf+0x2b>
     a16:	80 93 9d 01 	sts	0x019D, r24	; 0x80019d <buf+0x2c>
     a1a:	80 93 a0 01 	sts	0x01A0, r24	; 0x8001a0 <buf+0x2f>
     a1e:	10 e0       	ldi	r17, 0x00	; 0
     a20:	c8 01       	movw	r24, r16
     a22:	4c 96       	adiw	r24, 0x1c	; 28
     a24:	90 93 81 01 	sts	0x0181, r25	; 0x800181 <buf+0x10>
     a28:	8c 2f       	mov	r24, r28
     a2a:	8e 50       	subi	r24, 0x0E	; 14
     a2c:	80 93 82 01 	sts	0x0182, r24	; 0x800182 <buf+0x11>
     a30:	0e 94 50 04 	call	0x8a0	; 0x8a0 <_Z16make_ip_checksumv>
     a34:	c8 01       	movw	r24, r16
     a36:	08 96       	adiw	r24, 0x08	; 8
     a38:	90 93 97 01 	sts	0x0197, r25	; 0x800197 <buf+0x26>
     a3c:	c2 52       	subi	r28, 0x22	; 34
     a3e:	c0 93 98 01 	sts	0x0198, r28	; 0x800198 <buf+0x27>
     a42:	b8 01       	movw	r22, r16
     a44:	60 5f       	subi	r22, 0xF0	; 240
     a46:	7f 4f       	sbci	r23, 0xFF	; 255
     a48:	41 e0       	ldi	r20, 0x01	; 1
     a4a:	8b e8       	ldi	r24, 0x8B	; 139
     a4c:	91 e0       	ldi	r25, 0x01	; 1
     a4e:	0e 94 b7 03 	call	0x76e	; 0x76e <_Z8checksumPhjh>
     a52:	98 27       	eor	r25, r24
     a54:	89 27       	eor	r24, r25
     a56:	98 27       	eor	r25, r24
     a58:	90 93 9a 01 	sts	0x019A, r25	; 0x80019a <buf+0x29>
     a5c:	80 93 99 01 	sts	0x0199, r24	; 0x800199 <buf+0x28>
     a60:	61 e7       	ldi	r22, 0x71	; 113
     a62:	71 e0       	ldi	r23, 0x01	; 1
     a64:	c8 01       	movw	r24, r16
     a66:	8a 96       	adiw	r24, 0x2a	; 42
     a68:	df 91       	pop	r29
     a6a:	cf 91       	pop	r28
     a6c:	1f 91       	pop	r17
     a6e:	0f 91       	pop	r16
     a70:	0c 94 6c 03 	jmp	0x6d8	; 0x6d8 <_Z19ENC28J60_PacketSendjPh>

00000a74 <_Z9dns_parsej>:
     a74:	e0 91 9b 01 	lds	r30, 0x019B	; 0x80019b <buf+0x2a>
     a78:	f0 e0       	ldi	r31, 0x00	; 0
     a7a:	e5 56       	subi	r30, 0x65	; 101
     a7c:	fe 4f       	sbci	r31, 0xFE	; 254
     a7e:	8f 58       	subi	r24, 0x8F	; 143
     a80:	9e 4f       	sbci	r25, 0xFE	; 254
     a82:	20 81       	ld	r18, Z
     a84:	20 7c       	andi	r18, 0xC0	; 192
     a86:	d1 f0       	breq	.+52     	; 0xabc <_Z9dns_parsej+0x48>
     a88:	32 96       	adiw	r30, 0x02	; 2
     a8a:	9f 01       	movw	r18, r30
     a8c:	22 5f       	subi	r18, 0xF2	; 242
     a8e:	3f 4f       	sbci	r19, 0xFF	; 255
     a90:	82 17       	cp	r24, r18
     a92:	93 07       	cpc	r25, r19
     a94:	10 f1       	brcs	.+68     	; 0xada <_Z9dns_parsej+0x66>
     a96:	21 85       	ldd	r18, Z+9	; 0x09
     a98:	31 81       	ldd	r19, Z+1	; 0x01
     a9a:	31 30       	cpi	r19, 0x01	; 1
     a9c:	c1 f4       	brne	.+48     	; 0xace <_Z9dns_parsej+0x5a>
     a9e:	24 30       	cpi	r18, 0x04	; 4
     aa0:	b1 f4       	brne	.+44     	; 0xace <_Z9dns_parsej+0x5a>
     aa2:	82 85       	ldd	r24, Z+10	; 0x0a
     aa4:	93 85       	ldd	r25, Z+11	; 0x0b
     aa6:	a4 85       	ldd	r26, Z+12	; 0x0c
     aa8:	b5 85       	ldd	r27, Z+13	; 0x0d
     aaa:	80 93 0a 03 	sts	0x030A, r24	; 0x80030a <iphost>
     aae:	90 93 0b 03 	sts	0x030B, r25	; 0x80030b <iphost+0x1>
     ab2:	a0 93 0c 03 	sts	0x030C, r26	; 0x80030c <iphost+0x2>
     ab6:	b0 93 0d 03 	sts	0x030D, r27	; 0x80030d <iphost+0x3>
     aba:	08 95       	ret
     abc:	31 96       	adiw	r30, 0x01	; 1
     abe:	e8 17       	cp	r30, r24
     ac0:	f9 07       	cpc	r31, r25
     ac2:	18 f7       	brcc	.-58     	; 0xa8a <_Z9dns_parsej+0x16>
     ac4:	40 81       	ld	r20, Z
     ac6:	41 11       	cpse	r20, r1
     ac8:	f9 cf       	rjmp	.-14     	; 0xabc <_Z9dns_parsej+0x48>
     aca:	31 96       	adiw	r30, 0x01	; 1
     acc:	de cf       	rjmp	.-68     	; 0xa8a <_Z9dns_parsej+0x16>
     ace:	30 e0       	ldi	r19, 0x00	; 0
     ad0:	26 5f       	subi	r18, 0xF6	; 246
     ad2:	3f 4f       	sbci	r19, 0xFF	; 255
     ad4:	e2 0f       	add	r30, r18
     ad6:	f3 1f       	adc	r31, r19
     ad8:	d4 cf       	rjmp	.-88     	; 0xa82 <_Z9dns_parsej+0xe>
     ada:	08 95       	ret

00000adc <_Z11arp_requestPh>:
     adc:	ff 92       	push	r15
     ade:	0f 93       	push	r16
     ae0:	1f 93       	push	r17
     ae2:	cf 93       	push	r28
     ae4:	df 93       	push	r29
     ae6:	8c 01       	movw	r16, r24
     ae8:	46 e0       	ldi	r20, 0x06	; 6
     aea:	50 e0       	ldi	r21, 0x00	; 0
     aec:	6f ef       	ldi	r22, 0xFF	; 255
     aee:	70 e0       	ldi	r23, 0x00	; 0
     af0:	81 e7       	ldi	r24, 0x71	; 113
     af2:	91 e0       	ldi	r25, 0x01	; 1
     af4:	0e 94 f0 08 	call	0x11e0	; 0x11e0 <memset>
     af8:	86 e0       	ldi	r24, 0x06	; 6
     afa:	e9 e5       	ldi	r30, 0x59	; 89
     afc:	f1 e0       	ldi	r31, 0x01	; 1
     afe:	a7 e7       	ldi	r26, 0x77	; 119
     b00:	b1 e0       	ldi	r27, 0x01	; 1
     b02:	01 90       	ld	r0, Z+
     b04:	0d 92       	st	X+, r0
     b06:	8a 95       	dec	r24
     b08:	e1 f7       	brne	.-8      	; 0xb02 <_Z11arp_requestPh+0x26>
     b0a:	c1 e7       	ldi	r28, 0x71	; 113
     b0c:	d1 e0       	ldi	r29, 0x01	; 1
     b0e:	88 e0       	ldi	r24, 0x08	; 8
     b10:	8c 87       	std	Y+12, r24	; 0x0c
     b12:	86 e0       	ldi	r24, 0x06	; 6
     b14:	f8 2e       	mov	r15, r24
     b16:	fd 86       	std	Y+13, r15	; 0x0d
     b18:	1c 8a       	std	Y+20, r1	; 0x14
     b1a:	81 e0       	ldi	r24, 0x01	; 1
     b1c:	8d 8b       	std	Y+21, r24	; 0x15
     b1e:	48 e0       	ldi	r20, 0x08	; 8
     b20:	50 e0       	ldi	r21, 0x00	; 0
     b22:	62 ef       	ldi	r22, 0xF2	; 242
     b24:	70 e0       	ldi	r23, 0x00	; 0
     b26:	8f e7       	ldi	r24, 0x7F	; 127
     b28:	91 e0       	ldi	r25, 0x01	; 1
     b2a:	0e 94 d5 08 	call	0x11aa	; 0x11aa <memcpy_P>
     b2e:	e1 e9       	ldi	r30, 0x91	; 145
     b30:	f1 e0       	ldi	r31, 0x01	; 1
     b32:	df 01       	movw	r26, r30
     b34:	1d 92       	st	X+, r1
     b36:	fa 94       	dec	r15
     b38:	e9 f7       	brne	.-6      	; 0xb34 <_Z11arp_requestPh+0x58>
     b3a:	86 e0       	ldi	r24, 0x06	; 6
     b3c:	e9 e5       	ldi	r30, 0x59	; 89
     b3e:	f1 e0       	ldi	r31, 0x01	; 1
     b40:	a7 e8       	ldi	r26, 0x87	; 135
     b42:	b1 e0       	ldi	r27, 0x01	; 1
     b44:	01 90       	ld	r0, Z+
     b46:	0d 92       	st	X+, r0
     b48:	8a 95       	dec	r24
     b4a:	e1 f7       	brne	.-8      	; 0xb44 <_Z11arp_requestPh+0x68>
     b4c:	84 e0       	ldi	r24, 0x04	; 4
     b4e:	f8 01       	movw	r30, r16
     b50:	a7 e9       	ldi	r26, 0x97	; 151
     b52:	b1 e0       	ldi	r27, 0x01	; 1
     b54:	01 90       	ld	r0, Z+
     b56:	0d 92       	st	X+, r0
     b58:	8a 95       	dec	r24
     b5a:	e1 f7       	brne	.-8      	; 0xb54 <_Z11arp_requestPh+0x78>
     b5c:	80 91 0c 01 	lds	r24, 0x010C	; 0x80010c <ipaddr>
     b60:	90 91 0d 01 	lds	r25, 0x010D	; 0x80010d <ipaddr+0x1>
     b64:	a0 91 0e 01 	lds	r26, 0x010E	; 0x80010e <ipaddr+0x2>
     b68:	b0 91 0f 01 	lds	r27, 0x010F	; 0x80010f <ipaddr+0x3>
     b6c:	8c 8f       	std	Y+28, r24	; 0x1c
     b6e:	9d 8f       	std	Y+29, r25	; 0x1d
     b70:	ae 8f       	std	Y+30, r26	; 0x1e
     b72:	bf 8f       	std	Y+31, r27	; 0x1f
     b74:	be 01       	movw	r22, r28
     b76:	8a e2       	ldi	r24, 0x2A	; 42
     b78:	90 e0       	ldi	r25, 0x00	; 0
     b7a:	df 91       	pop	r29
     b7c:	cf 91       	pop	r28
     b7e:	1f 91       	pop	r17
     b80:	0f 91       	pop	r16
     b82:	ff 90       	pop	r15
     b84:	0c 94 6c 03 	jmp	0x6d8	; 0x6d8 <_Z19ENC28J60_PacketSendjPh>

00000b88 <_Z9arp_replyv>:
     b88:	cf 93       	push	r28
     b8a:	df 93       	push	r29
     b8c:	0e 94 3d 04 	call	0x87a	; 0x87a <_Z12make_eth_hdrv>
     b90:	c1 e7       	ldi	r28, 0x71	; 113
     b92:	d1 e0       	ldi	r29, 0x01	; 1
     b94:	1c 8a       	std	Y+20, r1	; 0x14
     b96:	82 e0       	ldi	r24, 0x02	; 2
     b98:	8d 8b       	std	Y+21, r24	; 0x15
     b9a:	86 e0       	ldi	r24, 0x06	; 6
     b9c:	e7 e8       	ldi	r30, 0x87	; 135
     b9e:	f1 e0       	ldi	r31, 0x01	; 1
     ba0:	a1 e9       	ldi	r26, 0x91	; 145
     ba2:	b1 e0       	ldi	r27, 0x01	; 1
     ba4:	01 90       	ld	r0, Z+
     ba6:	0d 92       	st	X+, r0
     ba8:	8a 95       	dec	r24
     baa:	e1 f7       	brne	.-8      	; 0xba4 <_Z9arp_replyv+0x1c>
     bac:	86 e0       	ldi	r24, 0x06	; 6
     bae:	e9 e5       	ldi	r30, 0x59	; 89
     bb0:	f1 e0       	ldi	r31, 0x01	; 1
     bb2:	a7 e8       	ldi	r26, 0x87	; 135
     bb4:	b1 e0       	ldi	r27, 0x01	; 1
     bb6:	01 90       	ld	r0, Z+
     bb8:	0d 92       	st	X+, r0
     bba:	8a 95       	dec	r24
     bbc:	e1 f7       	brne	.-8      	; 0xbb6 <_Z9arp_replyv+0x2e>
     bbe:	84 e0       	ldi	r24, 0x04	; 4
     bc0:	ed e8       	ldi	r30, 0x8D	; 141
     bc2:	f1 e0       	ldi	r31, 0x01	; 1
     bc4:	a7 e9       	ldi	r26, 0x97	; 151
     bc6:	b1 e0       	ldi	r27, 0x01	; 1
     bc8:	01 90       	ld	r0, Z+
     bca:	0d 92       	st	X+, r0
     bcc:	8a 95       	dec	r24
     bce:	e1 f7       	brne	.-8      	; 0xbc8 <_Z9arp_replyv+0x40>
     bd0:	80 91 0c 01 	lds	r24, 0x010C	; 0x80010c <ipaddr>
     bd4:	90 91 0d 01 	lds	r25, 0x010D	; 0x80010d <ipaddr+0x1>
     bd8:	a0 91 0e 01 	lds	r26, 0x010E	; 0x80010e <ipaddr+0x2>
     bdc:	b0 91 0f 01 	lds	r27, 0x010F	; 0x80010f <ipaddr+0x3>
     be0:	8c 8f       	std	Y+28, r24	; 0x1c
     be2:	9d 8f       	std	Y+29, r25	; 0x1d
     be4:	ae 8f       	std	Y+30, r26	; 0x1e
     be6:	bf 8f       	std	Y+31, r27	; 0x1f
     be8:	be 01       	movw	r22, r28
     bea:	8a e2       	ldi	r24, 0x2A	; 42
     bec:	90 e0       	ldi	r25, 0x00	; 0
     bee:	df 91       	pop	r29
     bf0:	cf 91       	pop	r28
     bf2:	0c 94 6c 03 	jmp	0x6d8	; 0x6d8 <_Z19ENC28J60_PacketSendjPh>

00000bf6 <_Z10icmp_replyj>:
     bf6:	cf 93       	push	r28
     bf8:	df 93       	push	r29
     bfa:	d8 2f       	mov	r29, r24
     bfc:	c9 2f       	mov	r28, r25
     bfe:	0e 94 3d 04 	call	0x87a	; 0x87a <_Z12make_eth_hdrv>
     c02:	0e 94 69 04 	call	0x8d2	; 0x8d2 <_Z11make_ip_hdrv>
     c06:	10 92 93 01 	sts	0x0193, r1	; 0x800193 <buf+0x22>
     c0a:	20 91 95 01 	lds	r18, 0x0195	; 0x800195 <buf+0x24>
     c0e:	28 3f       	cpi	r18, 0xF8	; 248
     c10:	28 f0       	brcs	.+10     	; 0xc1c <_Z10icmp_replyj+0x26>
     c12:	80 91 96 01 	lds	r24, 0x0196	; 0x800196 <buf+0x25>
     c16:	8f 5f       	subi	r24, 0xFF	; 255
     c18:	80 93 96 01 	sts	0x0196, r24	; 0x800196 <buf+0x25>
     c1c:	28 5f       	subi	r18, 0xF8	; 248
     c1e:	20 93 95 01 	sts	0x0195, r18	; 0x800195 <buf+0x24>
     c22:	61 e7       	ldi	r22, 0x71	; 113
     c24:	71 e0       	ldi	r23, 0x01	; 1
     c26:	8d 2f       	mov	r24, r29
     c28:	9c 2f       	mov	r25, r28
     c2a:	df 91       	pop	r29
     c2c:	cf 91       	pop	r28
     c2e:	0c 94 6c 03 	jmp	0x6d8	; 0x6d8 <_Z19ENC28J60_PacketSendjPh>

00000c32 <_Z7tcp_synPhj>:
     c32:	df 92       	push	r13
     c34:	ef 92       	push	r14
     c36:	ff 92       	push	r15
     c38:	0f 93       	push	r16
     c3a:	1f 93       	push	r17
     c3c:	cf 93       	push	r28
     c3e:	df 93       	push	r29
     c40:	7c 01       	movw	r14, r24
     c42:	8b 01       	movw	r16, r22
     c44:	86 e0       	ldi	r24, 0x06	; 6
     c46:	e4 e0       	ldi	r30, 0x04	; 4
     c48:	f3 e0       	ldi	r31, 0x03	; 3
     c4a:	a1 e7       	ldi	r26, 0x71	; 113
     c4c:	b1 e0       	ldi	r27, 0x01	; 1
     c4e:	01 90       	ld	r0, Z+
     c50:	0d 92       	st	X+, r0
     c52:	8a 95       	dec	r24
     c54:	e1 f7       	brne	.-8      	; 0xc4e <_Z7tcp_synPhj+0x1c>
     c56:	86 e0       	ldi	r24, 0x06	; 6
     c58:	e9 e5       	ldi	r30, 0x59	; 89
     c5a:	f1 e0       	ldi	r31, 0x01	; 1
     c5c:	a7 e7       	ldi	r26, 0x77	; 119
     c5e:	b1 e0       	ldi	r27, 0x01	; 1
     c60:	01 90       	ld	r0, Z+
     c62:	0d 92       	st	X+, r0
     c64:	8a 95       	dec	r24
     c66:	e1 f7       	brne	.-8      	; 0xc60 <_Z7tcp_synPhj+0x2e>
     c68:	c1 e7       	ldi	r28, 0x71	; 113
     c6a:	d1 e0       	ldi	r29, 0x01	; 1
     c6c:	88 e0       	ldi	r24, 0x08	; 8
     c6e:	d8 2e       	mov	r13, r24
     c70:	dc 86       	std	Y+12, r13	; 0x0c
     c72:	1d 86       	std	Y+13, r1	; 0x0d
     c74:	49 e0       	ldi	r20, 0x09	; 9
     c76:	50 e0       	ldi	r21, 0x00	; 0
     c78:	69 ee       	ldi	r22, 0xE9	; 233
     c7a:	70 e0       	ldi	r23, 0x00	; 0
     c7c:	8f e7       	ldi	r24, 0x7F	; 127
     c7e:	91 e0       	ldi	r25, 0x01	; 1
     c80:	0e 94 d5 08 	call	0x11aa	; 0x11aa <memcpy_P>
     c84:	86 e0       	ldi	r24, 0x06	; 6
     c86:	8f 8b       	std	Y+23, r24	; 0x17
     c88:	8c e2       	ldi	r24, 0x2C	; 44
     c8a:	89 8b       	std	Y+17, r24	; 0x11
     c8c:	84 e0       	ldi	r24, 0x04	; 4
     c8e:	f7 01       	movw	r30, r14
     c90:	af e8       	ldi	r26, 0x8F	; 143
     c92:	b1 e0       	ldi	r27, 0x01	; 1
     c94:	01 90       	ld	r0, Z+
     c96:	0d 92       	st	X+, r0
     c98:	8a 95       	dec	r24
     c9a:	e1 f7       	brne	.-8      	; 0xc94 <_Z7tcp_synPhj+0x62>
     c9c:	80 91 0c 01 	lds	r24, 0x010C	; 0x80010c <ipaddr>
     ca0:	90 91 0d 01 	lds	r25, 0x010D	; 0x80010d <ipaddr+0x1>
     ca4:	a0 91 0e 01 	lds	r26, 0x010E	; 0x80010e <ipaddr+0x2>
     ca8:	b0 91 0f 01 	lds	r27, 0x010F	; 0x80010f <ipaddr+0x3>
     cac:	8a 8f       	std	Y+26, r24	; 0x1a
     cae:	9b 8f       	std	Y+27, r25	; 0x1b
     cb0:	ac 8f       	std	Y+28, r26	; 0x1c
     cb2:	bd 8f       	std	Y+29, r27	; 0x1d
     cb4:	0e 94 50 04 	call	0x8a0	; 0x8a0 <_Z16make_ip_checksumv>
     cb8:	10 27       	eor	r17, r16
     cba:	01 27       	eor	r16, r17
     cbc:	10 27       	eor	r17, r16
     cbe:	1d a3       	std	Y+37, r17	; 0x25
     cc0:	0c a3       	std	Y+36, r16	; 0x24
     cc2:	8b e0       	ldi	r24, 0x0B	; 11
     cc4:	8a a3       	std	Y+34, r24	; 0x22
     cc6:	81 e2       	ldi	r24, 0x21	; 33
     cc8:	8b a3       	std	Y+35, r24	; 0x23
     cca:	e7 e9       	ldi	r30, 0x97	; 151
     ccc:	f1 e0       	ldi	r31, 0x01	; 1
     cce:	df 01       	movw	r26, r30
     cd0:	1d 92       	st	X+, r1
     cd2:	da 94       	dec	r13
     cd4:	e9 f7       	brne	.-6      	; 0xcd0 <_Z7tcp_synPhj+0x9e>
     cd6:	80 91 5f 01 	lds	r24, 0x015F	; 0x80015f <_ZL6seqnum>
     cda:	88 a7       	std	Y+40, r24	; 0x28
     cdc:	8d 5f       	subi	r24, 0xFD	; 253
     cde:	80 93 5f 01 	sts	0x015F, r24	; 0x80015f <_ZL6seqnum>
     ce2:	80 e6       	ldi	r24, 0x60	; 96
     ce4:	8e a7       	std	Y+46, r24	; 0x2e
     ce6:	82 e0       	ldi	r24, 0x02	; 2
     ce8:	8f a7       	std	Y+47, r24	; 0x2f
     cea:	93 e0       	ldi	r25, 0x03	; 3
     cec:	98 ab       	std	Y+48, r25	; 0x30
     cee:	19 aa       	std	Y+49, r1	; 0x31
     cf0:	1a aa       	std	Y+50, r1	; 0x32
     cf2:	1b aa       	std	Y+51, r1	; 0x33
     cf4:	1c aa       	std	Y+52, r1	; 0x34
     cf6:	1d aa       	std	Y+53, r1	; 0x35
     cf8:	8e ab       	std	Y+54, r24	; 0x36
     cfa:	94 e0       	ldi	r25, 0x04	; 4
     cfc:	9f ab       	std	Y+55, r25	; 0x37
     cfe:	88 af       	std	Y+56, r24	; 0x38
     d00:	86 e2       	ldi	r24, 0x26	; 38
     d02:	89 af       	std	Y+57, r24	; 0x39
     d04:	42 e0       	ldi	r20, 0x02	; 2
     d06:	60 e2       	ldi	r22, 0x20	; 32
     d08:	70 e0       	ldi	r23, 0x00	; 0
     d0a:	8b e8       	ldi	r24, 0x8B	; 139
     d0c:	91 e0       	ldi	r25, 0x01	; 1
     d0e:	0e 94 b7 03 	call	0x76e	; 0x76e <_Z8checksumPhjh>
     d12:	98 27       	eor	r25, r24
     d14:	89 27       	eor	r24, r25
     d16:	98 27       	eor	r25, r24
     d18:	9b ab       	std	Y+51, r25	; 0x33
     d1a:	8a ab       	std	Y+50, r24	; 0x32
     d1c:	be 01       	movw	r22, r28
     d1e:	8a e3       	ldi	r24, 0x3A	; 58
     d20:	90 e0       	ldi	r25, 0x00	; 0
     d22:	df 91       	pop	r29
     d24:	cf 91       	pop	r28
     d26:	1f 91       	pop	r17
     d28:	0f 91       	pop	r16
     d2a:	ff 90       	pop	r15
     d2c:	ef 90       	pop	r14
     d2e:	df 90       	pop	r13
     d30:	0c 94 6c 03 	jmp	0x6d8	; 0x6d8 <_Z19ENC28J60_PacketSendjPh>

00000d34 <_Z7tcp_ackj>:
     d34:	9c 01       	movw	r18, r24
     d36:	84 e0       	ldi	r24, 0x04	; 4
     d38:	81 50       	subi	r24, 0x01	; 1
     d3a:	80 f0       	brcs	.+32     	; 0xd5c <_Z7tcp_ackj+0x28>
     d3c:	e8 2f       	mov	r30, r24
     d3e:	f0 e0       	ldi	r31, 0x00	; 0
     d40:	df 01       	movw	r26, r30
     d42:	a9 56       	subi	r26, 0x69	; 105
     d44:	be 4f       	sbci	r27, 0xFE	; 254
     d46:	9c 91       	ld	r25, X
     d48:	29 0f       	add	r18, r25
     d4a:	31 1d       	adc	r19, r1
     d4c:	e5 56       	subi	r30, 0x65	; 101
     d4e:	fe 4f       	sbci	r31, 0xFE	; 254
     d50:	90 81       	ld	r25, Z
     d52:	20 83       	st	Z, r18
     d54:	9c 93       	st	X, r25
     d56:	23 2f       	mov	r18, r19
     d58:	33 27       	eor	r19, r19
     d5a:	ee cf       	rjmp	.-36     	; 0xd38 <_Z7tcp_ackj+0x4>
     d5c:	0e 94 3d 04 	call	0x87a	; 0x87a <_Z12make_eth_hdrv>
     d60:	10 92 81 01 	sts	0x0181, r1	; 0x800181 <buf+0x10>
     d64:	88 e2       	ldi	r24, 0x28	; 40
     d66:	80 93 82 01 	sts	0x0182, r24	; 0x800182 <buf+0x11>
     d6a:	0e 94 69 04 	call	0x8d2	; 0x8d2 <_Z11make_ip_hdrv>
     d6e:	80 91 93 01 	lds	r24, 0x0193	; 0x800193 <buf+0x22>
     d72:	80 93 95 01 	sts	0x0195, r24	; 0x800195 <buf+0x24>
     d76:	80 91 94 01 	lds	r24, 0x0194	; 0x800194 <buf+0x23>
     d7a:	80 93 96 01 	sts	0x0196, r24	; 0x800196 <buf+0x25>
     d7e:	8b e0       	ldi	r24, 0x0B	; 11
     d80:	80 93 93 01 	sts	0x0193, r24	; 0x800193 <buf+0x22>
     d84:	81 e2       	ldi	r24, 0x21	; 33
     d86:	80 93 94 01 	sts	0x0194, r24	; 0x800194 <buf+0x23>
     d8a:	80 e5       	ldi	r24, 0x50	; 80
     d8c:	80 93 9f 01 	sts	0x019F, r24	; 0x80019f <buf+0x2e>
     d90:	83 e0       	ldi	r24, 0x03	; 3
     d92:	80 93 a1 01 	sts	0x01A1, r24	; 0x8001a1 <buf+0x30>
     d96:	10 92 a2 01 	sts	0x01A2, r1	; 0x8001a2 <buf+0x31>
     d9a:	10 92 a3 01 	sts	0x01A3, r1	; 0x8001a3 <buf+0x32>
     d9e:	10 92 a4 01 	sts	0x01A4, r1	; 0x8001a4 <buf+0x33>
     da2:	10 92 a5 01 	sts	0x01A5, r1	; 0x8001a5 <buf+0x34>
     da6:	10 92 a6 01 	sts	0x01A6, r1	; 0x8001a6 <buf+0x35>
     daa:	42 e0       	ldi	r20, 0x02	; 2
     dac:	6c e1       	ldi	r22, 0x1C	; 28
     dae:	70 e0       	ldi	r23, 0x00	; 0
     db0:	8b e8       	ldi	r24, 0x8B	; 139
     db2:	91 e0       	ldi	r25, 0x01	; 1
     db4:	0e 94 b7 03 	call	0x76e	; 0x76e <_Z8checksumPhjh>
     db8:	98 27       	eor	r25, r24
     dba:	89 27       	eor	r24, r25
     dbc:	98 27       	eor	r25, r24
     dbe:	90 93 a4 01 	sts	0x01A4, r25	; 0x8001a4 <buf+0x33>
     dc2:	80 93 a3 01 	sts	0x01A3, r24	; 0x8001a3 <buf+0x32>
     dc6:	61 e7       	ldi	r22, 0x71	; 113
     dc8:	71 e0       	ldi	r23, 0x01	; 1
     dca:	86 e3       	ldi	r24, 0x36	; 54
     dcc:	90 e0       	ldi	r25, 0x00	; 0
     dce:	0c 94 6c 03 	jmp	0x6d8	; 0x6d8 <_Z19ENC28J60_PacketSendjPh>

00000dd2 <_Z17tcp_ack_with_dataj>:
     dd2:	0f 93       	push	r16
     dd4:	1f 93       	push	r17
     dd6:	cf 93       	push	r28
     dd8:	df 93       	push	r29
     dda:	ec 01       	movw	r28, r24
     ddc:	01 e7       	ldi	r16, 0x71	; 113
     dde:	11 e0       	ldi	r17, 0x01	; 1
     de0:	f8 01       	movw	r30, r16
     de2:	10 8a       	std	Z+16, r1	; 0x10
     de4:	88 5d       	subi	r24, 0xD8	; 216
     de6:	81 8b       	std	Z+17, r24	; 0x11
     de8:	0e 94 50 04 	call	0x8a0	; 0x8a0 <_Z16make_ip_checksumv>
     dec:	f8 01       	movw	r30, r16
     dee:	12 aa       	std	Z+50, r1	; 0x32
     df0:	13 aa       	std	Z+51, r1	; 0x33
     df2:	14 aa       	std	Z+52, r1	; 0x34
     df4:	15 aa       	std	Z+53, r1	; 0x35
     df6:	be 01       	movw	r22, r28
     df8:	64 5e       	subi	r22, 0xE4	; 228
     dfa:	7f 4f       	sbci	r23, 0xFF	; 255
     dfc:	42 e0       	ldi	r20, 0x02	; 2
     dfe:	8b e8       	ldi	r24, 0x8B	; 139
     e00:	91 e0       	ldi	r25, 0x01	; 1
     e02:	0e 94 b7 03 	call	0x76e	; 0x76e <_Z8checksumPhjh>
     e06:	98 27       	eor	r25, r24
     e08:	89 27       	eor	r24, r25
     e0a:	98 27       	eor	r25, r24
     e0c:	f8 01       	movw	r30, r16
     e0e:	93 ab       	std	Z+51, r25	; 0x33
     e10:	82 ab       	std	Z+50, r24	; 0x32
     e12:	b8 01       	movw	r22, r16
     e14:	ce 01       	movw	r24, r28
     e16:	c6 96       	adiw	r24, 0x36	; 54
     e18:	df 91       	pop	r29
     e1a:	cf 91       	pop	r28
     e1c:	1f 91       	pop	r17
     e1e:	0f 91       	pop	r16
     e20:	0c 94 6c 03 	jmp	0x6d8	; 0x6d8 <_Z19ENC28J60_PacketSendjPh>

00000e24 <_Z9getTcpLenv>:
     e24:	80 91 81 01 	lds	r24, 0x0181	; 0x800181 <buf+0x10>
     e28:	90 91 82 01 	lds	r25, 0x0182	; 0x800182 <buf+0x11>
     e2c:	98 27       	eor	r25, r24
     e2e:	89 27       	eor	r24, r25
     e30:	98 27       	eor	r25, r24
     e32:	88 97       	sbiw	r24, 0x28	; 40
     e34:	08 95       	ret

00000e36 <_Z11tcp_connectPc>:
     e36:	20 91 03 03 	lds	r18, 0x0303	; 0x800303 <link>
     e3a:	22 23       	and	r18, r18
     e3c:	81 f0       	breq	.+32     	; 0xe5e <_Z11tcp_connectPc+0x28>
     e3e:	20 91 02 03 	lds	r18, 0x0302	; 0x800302 <gw>
     e42:	22 23       	and	r18, r18
     e44:	61 f0       	breq	.+24     	; 0xe5e <_Z11tcp_connectPc+0x28>
     e46:	20 91 0a 03 	lds	r18, 0x030A	; 0x80030a <iphost>
     e4a:	21 11       	cpse	r18, r1
     e4c:	02 c0       	rjmp	.+4      	; 0xe52 <_Z11tcp_connectPc+0x1c>
     e4e:	0c 94 84 04 	jmp	0x908	; 0x908 <_Z11dns_requestPc>
     e52:	60 e5       	ldi	r22, 0x50	; 80
     e54:	70 e0       	ldi	r23, 0x00	; 0
     e56:	8a e0       	ldi	r24, 0x0A	; 10
     e58:	93 e0       	ldi	r25, 0x03	; 3
     e5a:	0c 94 19 06 	jmp	0xc32	; 0xc32 <_Z7tcp_synPhj>
     e5e:	08 95       	ret

00000e60 <_Z11tcp_connectPhj>:
     e60:	20 91 03 03 	lds	r18, 0x0303	; 0x800303 <link>
     e64:	22 23       	and	r18, r18
     e66:	29 f0       	breq	.+10     	; 0xe72 <_Z11tcp_connectPhj+0x12>
     e68:	20 91 02 03 	lds	r18, 0x0302	; 0x800302 <gw>
     e6c:	21 11       	cpse	r18, r1
     e6e:	0c 94 19 06 	jmp	0xc32	; 0xc32 <_Z7tcp_synPhj>
     e72:	08 95       	ret

00000e74 <_Z8LinkFuncv>:
     e74:	0e 94 ae 03 	call	0x75c	; 0x75c <_Z15ENC28J60_LinkUpv>
     e78:	80 93 03 03 	sts	0x0303, r24	; 0x800303 <link>
     e7c:	88 23       	and	r24, r24
     e7e:	41 f0       	breq	.+16     	; 0xe90 <_Z8LinkFuncv+0x1c>
     e80:	80 91 02 03 	lds	r24, 0x0302	; 0x800302 <gw>
     e84:	81 11       	cpse	r24, r1
     e86:	04 c0       	rjmp	.+8      	; 0xe90 <_Z8LinkFuncv+0x1c>
     e88:	88 e0       	ldi	r24, 0x08	; 8
     e8a:	91 e0       	ldi	r25, 0x01	; 1
     e8c:	0c 94 6e 05 	jmp	0xadc	; 0xadc <_Z11arp_requestPh>
     e90:	08 95       	ret

00000e92 <_Z10PacketFuncv>:
     e92:	1f 93       	push	r17
     e94:	cf 93       	push	r28
     e96:	df 93       	push	r29
     e98:	61 e7       	ldi	r22, 0x71	; 113
     e9a:	71 e0       	ldi	r23, 0x01	; 1
     e9c:	80 e9       	ldi	r24, 0x90	; 144
     e9e:	91 e0       	ldi	r25, 0x01	; 1
     ea0:	0e 94 e1 02 	call	0x5c2	; 0x5c2 <_Z22ENC28J60_PacketReceivejPh>
     ea4:	ec 01       	movw	r28, r24
     ea6:	00 97       	sbiw	r24, 0x00	; 0
     ea8:	d9 f0       	breq	.+54     	; 0xee0 <_Z10PacketFuncv+0x4e>
     eaa:	0e 94 05 04 	call	0x80a	; 0x80a <_Z10eth_is_arpj>
     eae:	88 23       	and	r24, r24
     eb0:	d9 f0       	breq	.+54     	; 0xee8 <_Z10PacketFuncv+0x56>
     eb2:	80 91 86 01 	lds	r24, 0x0186	; 0x800186 <buf+0x15>
     eb6:	81 30       	cpi	r24, 0x01	; 1
     eb8:	29 f4       	brne	.+10     	; 0xec4 <_Z10PacketFuncv+0x32>
     eba:	df 91       	pop	r29
     ebc:	cf 91       	pop	r28
     ebe:	1f 91       	pop	r17
     ec0:	0c 94 c4 05 	jmp	0xb88	; 0xb88 <_Z9arp_replyv>
     ec4:	82 30       	cpi	r24, 0x02	; 2
     ec6:	61 f4       	brne	.+24     	; 0xee0 <_Z10PacketFuncv+0x4e>
     ec8:	86 e0       	ldi	r24, 0x06	; 6
     eca:	e7 e8       	ldi	r30, 0x87	; 135
     ecc:	f1 e0       	ldi	r31, 0x01	; 1
     ece:	a4 e0       	ldi	r26, 0x04	; 4
     ed0:	b3 e0       	ldi	r27, 0x03	; 3
     ed2:	01 90       	ld	r0, Z+
     ed4:	0d 92       	st	X+, r0
     ed6:	8a 95       	dec	r24
     ed8:	e1 f7       	brne	.-8      	; 0xed2 <_Z10PacketFuncv+0x40>
     eda:	81 e0       	ldi	r24, 0x01	; 1
     edc:	80 93 02 03 	sts	0x0302, r24	; 0x800302 <gw>
     ee0:	df 91       	pop	r29
     ee2:	cf 91       	pop	r28
     ee4:	1f 91       	pop	r17
     ee6:	08 95       	ret
     ee8:	ce 01       	movw	r24, r28
     eea:	0e 94 1f 04 	call	0x83e	; 0x83e <_Z9eth_is_ipj>
     eee:	88 23       	and	r24, r24
     ef0:	b9 f3       	breq	.-18     	; 0xee0 <_Z10PacketFuncv+0x4e>
     ef2:	80 91 88 01 	lds	r24, 0x0188	; 0x800188 <buf+0x17>
     ef6:	81 30       	cpi	r24, 0x01	; 1
     ef8:	51 f4       	brne	.+20     	; 0xf0e <_Z10PacketFuncv+0x7c>
     efa:	80 91 93 01 	lds	r24, 0x0193	; 0x800193 <buf+0x22>
     efe:	88 30       	cpi	r24, 0x08	; 8
     f00:	79 f7       	brne	.-34     	; 0xee0 <_Z10PacketFuncv+0x4e>
     f02:	ce 01       	movw	r24, r28
     f04:	df 91       	pop	r29
     f06:	cf 91       	pop	r28
     f08:	1f 91       	pop	r17
     f0a:	0c 94 fb 05 	jmp	0xbf6	; 0xbf6 <_Z10icmp_replyj>
     f0e:	81 31       	cpi	r24, 0x11	; 17
     f10:	a1 f4       	brne	.+40     	; 0xf3a <_Z10PacketFuncv+0xa8>
     f12:	80 91 94 01 	lds	r24, 0x0194	; 0x800194 <buf+0x23>
     f16:	85 33       	cpi	r24, 0x35	; 53
     f18:	19 f7       	brne	.-58     	; 0xee0 <_Z10PacketFuncv+0x4e>
     f1a:	80 91 9e 01 	lds	r24, 0x019E	; 0x80019e <buf+0x2d>
     f1e:	8f 70       	andi	r24, 0x0F	; 15
     f20:	f9 f6       	brne	.-66     	; 0xee0 <_Z10PacketFuncv+0x4e>
     f22:	ce 01       	movw	r24, r28
     f24:	0e 94 3a 05 	call	0xa74	; 0xa74 <_Z9dns_parsej>
     f28:	60 e5       	ldi	r22, 0x50	; 80
     f2a:	70 e0       	ldi	r23, 0x00	; 0
     f2c:	8a e0       	ldi	r24, 0x0A	; 10
     f2e:	93 e0       	ldi	r25, 0x03	; 3
     f30:	df 91       	pop	r29
     f32:	cf 91       	pop	r28
     f34:	1f 91       	pop	r17
     f36:	0c 94 19 06 	jmp	0xc32	; 0xc32 <_Z7tcp_synPhj>
     f3a:	86 30       	cpi	r24, 0x06	; 6
     f3c:	89 f6       	brne	.-94     	; 0xee0 <_Z10PacketFuncv+0x4e>
     f3e:	10 91 a0 01 	lds	r17, 0x01A0	; 0x8001a0 <buf+0x2f>
     f42:	14 ff       	sbrs	r17, 4
     f44:	cd cf       	rjmp	.-102    	; 0xee0 <_Z10PacketFuncv+0x4e>
     f46:	12 fd       	sbrc	r17, 2
     f48:	cb cf       	rjmp	.-106    	; 0xee0 <_Z10PacketFuncv+0x4e>
     f4a:	11 ff       	sbrs	r17, 1
     f4c:	16 c0       	rjmp	.+44     	; 0xf7a <_Z10PacketFuncv+0xe8>
     f4e:	80 e1       	ldi	r24, 0x10	; 16
     f50:	80 93 a0 01 	sts	0x01A0, r24	; 0x8001a0 <buf+0x2f>
     f54:	81 e0       	ldi	r24, 0x01	; 1
     f56:	90 e0       	ldi	r25, 0x00	; 0
     f58:	0e 94 9a 06 	call	0xd34	; 0xd34 <_Z7tcp_ackj>
     f5c:	87 ea       	ldi	r24, 0xA7	; 167
     f5e:	91 e0       	ldi	r25, 0x01	; 1
     f60:	0e 94 b2 00 	call	0x164	; 0x164 <_Z8tcp_sendPc>
     f64:	00 97       	sbiw	r24, 0x00	; 0
     f66:	09 f4       	brne	.+2      	; 0xf6a <_Z10PacketFuncv+0xd8>
     f68:	bb cf       	rjmp	.-138    	; 0xee0 <_Z10PacketFuncv+0x4e>
     f6a:	28 e1       	ldi	r18, 0x18	; 24
     f6c:	20 93 a0 01 	sts	0x01A0, r18	; 0x8001a0 <buf+0x2f>
     f70:	df 91       	pop	r29
     f72:	cf 91       	pop	r28
     f74:	1f 91       	pop	r17
     f76:	0c 94 e9 06 	jmp	0xdd2	; 0xdd2 <_Z17tcp_ack_with_dataj>
     f7a:	0e 94 12 07 	call	0xe24	; 0xe24 <_Z9getTcpLenv>
     f7e:	ec 01       	movw	r28, r24
     f80:	13 ff       	sbrs	r17, 3
     f82:	10 c0       	rjmp	.+32     	; 0xfa4 <_Z10PacketFuncv+0x112>
     f84:	00 97       	sbiw	r24, 0x00	; 0
     f86:	71 f0       	breq	.+28     	; 0xfa4 <_Z10PacketFuncv+0x112>
     f88:	bc 01       	movw	r22, r24
     f8a:	87 ea       	ldi	r24, 0xA7	; 167
     f8c:	91 e0       	ldi	r25, 0x01	; 1
     f8e:	0e 94 e1 00 	call	0x1c2	; 0x1c2 <_Z11tcp_receivePcj>
     f92:	89 e1       	ldi	r24, 0x19	; 25
     f94:	80 93 a0 01 	sts	0x01A0, r24	; 0x8001a0 <buf+0x2f>
     f98:	ce 01       	movw	r24, r28
     f9a:	df 91       	pop	r29
     f9c:	cf 91       	pop	r28
     f9e:	1f 91       	pop	r17
     fa0:	0c 94 9a 06 	jmp	0xd34	; 0xd34 <_Z7tcp_ackj>
     fa4:	10 ff       	sbrs	r17, 0
     fa6:	9c cf       	rjmp	.-200    	; 0xee0 <_Z10PacketFuncv+0x4e>
     fa8:	cd 2b       	or	r28, r29
     faa:	09 f0       	breq	.+2      	; 0xfae <_Z10PacketFuncv+0x11c>
     fac:	99 cf       	rjmp	.-206    	; 0xee0 <_Z10PacketFuncv+0x4e>
     fae:	89 e1       	ldi	r24, 0x19	; 25
     fb0:	80 93 a0 01 	sts	0x01A0, r24	; 0x8001a0 <buf+0x2f>
     fb4:	81 e0       	ldi	r24, 0x01	; 1
     fb6:	90 e0       	ldi	r25, 0x00	; 0
     fb8:	f0 cf       	rjmp	.-32     	; 0xf9a <_Z10PacketFuncv+0x108>

00000fba <_Z9UsartInitm>:
     fba:	cf 93       	push	r28
     fbc:	df 93       	push	r29
     fbe:	00 d0       	rcall	.+0      	; 0xfc0 <_Z9UsartInitm+0x6>
     fc0:	00 d0       	rcall	.+0      	; 0xfc2 <_Z9UsartInitm+0x8>
     fc2:	cd b7       	in	r28, 0x3d	; 61
     fc4:	de b7       	in	r29, 0x3e	; 62
     fc6:	69 83       	std	Y+1, r22	; 0x01
     fc8:	7a 83       	std	Y+2, r23	; 0x02
     fca:	8b 83       	std	Y+3, r24	; 0x03
     fcc:	9c 83       	std	Y+4, r25	; 0x04
     fce:	60 e8       	ldi	r22, 0x80	; 128
     fd0:	74 e8       	ldi	r23, 0x84	; 132
     fd2:	8e e1       	ldi	r24, 0x1E	; 30
     fd4:	90 e0       	ldi	r25, 0x00	; 0
     fd6:	29 81       	ldd	r18, Y+1	; 0x01
     fd8:	3a 81       	ldd	r19, Y+2	; 0x02
     fda:	4b 81       	ldd	r20, Y+3	; 0x03
     fdc:	5c 81       	ldd	r21, Y+4	; 0x04
     fde:	0e 94 b3 08 	call	0x1166	; 0x1166 <__udivmodsi4>
     fe2:	21 50       	subi	r18, 0x01	; 1
     fe4:	31 09       	sbc	r19, r1
     fe6:	41 09       	sbc	r20, r1
     fe8:	51 09       	sbc	r21, r1
     fea:	56 95       	lsr	r21
     fec:	47 95       	ror	r20
     fee:	37 95       	ror	r19
     ff0:	27 95       	ror	r18
     ff2:	20 93 c4 00 	sts	0x00C4, r18	; 0x8000c4 <__TEXT_REGION_LENGTH__+0x7e00c4>
     ff6:	86 e0       	ldi	r24, 0x06	; 6
     ff8:	80 93 c2 00 	sts	0x00C2, r24	; 0x8000c2 <__TEXT_REGION_LENGTH__+0x7e00c2>
     ffc:	88 e9       	ldi	r24, 0x98	; 152
     ffe:	80 93 c1 00 	sts	0x00C1, r24	; 0x8000c1 <__TEXT_REGION_LENGTH__+0x7e00c1>
    1002:	0f 90       	pop	r0
    1004:	0f 90       	pop	r0
    1006:	0f 90       	pop	r0
    1008:	0f 90       	pop	r0
    100a:	df 91       	pop	r29
    100c:	cf 91       	pop	r28
    100e:	08 95       	ret

00001010 <_Z10UsartWritec>:
    1010:	90 91 c0 00 	lds	r25, 0x00C0	; 0x8000c0 <__TEXT_REGION_LENGTH__+0x7e00c0>
    1014:	95 ff       	sbrs	r25, 5
    1016:	fc cf       	rjmp	.-8      	; 0x1010 <_Z10UsartWritec>
    1018:	80 93 c6 00 	sts	0x00C6, r24	; 0x8000c6 <__TEXT_REGION_LENGTH__+0x7e00c6>
    101c:	08 95       	ret

0000101e <_Z10UsartPrintPKc>:
    101e:	cf 93       	push	r28
    1020:	df 93       	push	r29
    1022:	ec 01       	movw	r28, r24
    1024:	89 91       	ld	r24, Y+
    1026:	88 23       	and	r24, r24
    1028:	21 f0       	breq	.+8      	; 0x1032 <_Z10UsartPrintPKc+0x14>
    102a:	0e 94 08 08 	call	0x1010	; 0x1010 <_Z10UsartWritec>
    102e:	ce 01       	movw	r24, r28
    1030:	f8 cf       	rjmp	.-16     	; 0x1022 <_Z10UsartPrintPKc+0x4>
    1032:	df 91       	pop	r29
    1034:	cf 91       	pop	r28
    1036:	08 95       	ret

00001038 <_Z10UsartPrintPKcj>:
    1038:	0f 93       	push	r16
    103a:	1f 93       	push	r17
    103c:	cf 93       	push	r28
    103e:	df 93       	push	r29
    1040:	ec 01       	movw	r28, r24
    1042:	8c 01       	movw	r16, r24
    1044:	06 0f       	add	r16, r22
    1046:	17 1f       	adc	r17, r23
    1048:	c0 17       	cp	r28, r16
    104a:	d1 07       	cpc	r29, r17
    104c:	21 f0       	breq	.+8      	; 0x1056 <_Z10UsartPrintPKcj+0x1e>
    104e:	89 91       	ld	r24, Y+
    1050:	0e 94 08 08 	call	0x1010	; 0x1010 <_Z10UsartWritec>
    1054:	f9 cf       	rjmp	.-14     	; 0x1048 <_Z10UsartPrintPKcj+0x10>
    1056:	df 91       	pop	r29
    1058:	cf 91       	pop	r28
    105a:	1f 91       	pop	r17
    105c:	0f 91       	pop	r16
    105e:	08 95       	ret

00001060 <_Z13UsartPrintPGMPKc>:
    1060:	cf 93       	push	r28
    1062:	df 93       	push	r29
    1064:	ec 01       	movw	r28, r24
    1066:	fe 01       	movw	r30, r28
    1068:	84 91       	lpm	r24, Z
    106a:	21 96       	adiw	r28, 0x01	; 1
    106c:	88 23       	and	r24, r24
    106e:	19 f0       	breq	.+6      	; 0x1076 <_Z13UsartPrintPGMPKc+0x16>
    1070:	0e 94 08 08 	call	0x1010	; 0x1010 <_Z10UsartWritec>
    1074:	f8 cf       	rjmp	.-16     	; 0x1066 <_Z13UsartPrintPGMPKc+0x6>
    1076:	df 91       	pop	r29
    1078:	cf 91       	pop	r28
    107a:	08 95       	ret

0000107c <_Z9UsartReadb>:
    107c:	88 23       	and	r24, r24
    107e:	39 f0       	breq	.+14     	; 0x108e <_Z9UsartReadb+0x12>
    1080:	80 91 0f 03 	lds	r24, 0x030F	; 0x80030f <RXin>
    1084:	90 91 0e 03 	lds	r25, 0x030E	; 0x80030e <RXout>
    1088:	89 1b       	sub	r24, r25
    108a:	8f 73       	andi	r24, 0x3F	; 63
    108c:	08 95       	ret
    108e:	90 91 0f 03 	lds	r25, 0x030F	; 0x80030f <RXin>
    1092:	80 91 0e 03 	lds	r24, 0x030E	; 0x80030e <RXout>
    1096:	98 17       	cp	r25, r24
    1098:	d1 f3       	breq	.-12     	; 0x108e <_Z9UsartReadb+0x12>
    109a:	e0 91 0e 03 	lds	r30, 0x030E	; 0x80030e <RXout>
    109e:	f0 e0       	ldi	r31, 0x00	; 0
    10a0:	e0 5f       	subi	r30, 0xF0	; 240
    10a2:	fc 4f       	sbci	r31, 0xFC	; 252
    10a4:	80 81       	ld	r24, Z
    10a6:	90 91 0e 03 	lds	r25, 0x030E	; 0x80030e <RXout>
    10aa:	9f 5f       	subi	r25, 0xFF	; 255
    10ac:	9f 73       	andi	r25, 0x3F	; 63
    10ae:	90 93 0e 03 	sts	0x030E, r25	; 0x80030e <RXout>
    10b2:	08 95       	ret

000010b4 <__vector_18>:
    10b4:	8f 93       	push	r24
    10b6:	8f b7       	in	r24, 0x3f	; 63
    10b8:	8f 93       	push	r24
    10ba:	ef 93       	push	r30
    10bc:	ff 93       	push	r31
    10be:	80 91 c6 00 	lds	r24, 0x00C6	; 0x8000c6 <__TEXT_REGION_LENGTH__+0x7e00c6>
    10c2:	e0 91 0f 03 	lds	r30, 0x030F	; 0x80030f <RXin>
    10c6:	f0 e0       	ldi	r31, 0x00	; 0
    10c8:	e0 5f       	subi	r30, 0xF0	; 240
    10ca:	fc 4f       	sbci	r31, 0xFC	; 252
    10cc:	80 83       	st	Z, r24
    10ce:	80 91 0f 03 	lds	r24, 0x030F	; 0x80030f <RXin>
    10d2:	8f 5f       	subi	r24, 0xFF	; 255
    10d4:	8f 73       	andi	r24, 0x3F	; 63
    10d6:	80 93 0f 03 	sts	0x030F, r24	; 0x80030f <RXin>
    10da:	ff 91       	pop	r31
    10dc:	ef 91       	pop	r30
    10de:	8f 91       	pop	r24
    10e0:	8f bf       	out	0x3f, r24	; 63
    10e2:	8f 91       	pop	r24
    10e4:	18 95       	reti

000010e6 <main>:
    10e6:	60 e0       	ldi	r22, 0x00	; 0
    10e8:	72 ec       	ldi	r23, 0xC2	; 194
    10ea:	81 e0       	ldi	r24, 0x01	; 1
    10ec:	90 e0       	ldi	r25, 0x00	; 0
    10ee:	0e 94 dd 07 	call	0xfba	; 0xfba <_Z9UsartInitm>
    10f2:	78 94       	sei
    10f4:	87 e9       	ldi	r24, 0x97	; 151
    10f6:	90 e0       	ldi	r25, 0x00	; 0
    10f8:	0e 94 30 08 	call	0x1060	; 0x1060 <_Z13UsartPrintPGMPKc>
    10fc:	88 e8       	ldi	r24, 0x88	; 136
    10fe:	90 e0       	ldi	r25, 0x00	; 0
    1100:	0e 94 30 08 	call	0x1060	; 0x1060 <_Z13UsartPrintPGMPKc>
    1104:	0e 94 28 02 	call	0x450	; 0x450 <_Z13ENC28J60_Initv>
    1108:	81 11       	cpse	r24, r1
    110a:	04 c0       	rjmp	.+8      	; 0x1114 <main+0x2e>
    110c:	82 e7       	ldi	r24, 0x72	; 114
    110e:	90 e0       	ldi	r25, 0x00	; 0
    1110:	0e 94 30 08 	call	0x1060	; 0x1060 <_Z13UsartPrintPGMPKc>
    1114:	8c e9       	ldi	r24, 0x9C	; 156
    1116:	90 e0       	ldi	r25, 0x00	; 0
    1118:	0e 94 02 01 	call	0x204	; 0x204 <_Z9DelayInitPFvvE>
    111c:	68 eb       	ldi	r22, 0xB8	; 184
    111e:	7b e0       	ldi	r23, 0x0B	; 11
    1120:	80 e0       	ldi	r24, 0x00	; 0
    1122:	90 e0       	ldi	r25, 0x00	; 0
    1124:	0e 94 e7 00 	call	0x1ce	; 0x1ce <_Z5delaym>
    1128:	88 e6       	ldi	r24, 0x68	; 104
    112a:	90 e0       	ldi	r25, 0x00	; 0
    112c:	0e 94 30 08 	call	0x1060	; 0x1060 <_Z13UsartPrintPGMPKc>
    1130:	63 e6       	ldi	r22, 0x63	; 99
    1132:	70 e0       	ldi	r23, 0x00	; 0
    1134:	80 e0       	ldi	r24, 0x00	; 0
    1136:	91 e0       	ldi	r25, 0x01	; 1
    1138:	0e 94 30 07 	call	0xe60	; 0xe60 <_Z11tcp_connectPhj>
    113c:	68 ee       	ldi	r22, 0xE8	; 232
    113e:	73 e0       	ldi	r23, 0x03	; 3
    1140:	80 e0       	ldi	r24, 0x00	; 0
    1142:	90 e0       	ldi	r25, 0x00	; 0
    1144:	0e 94 e7 00 	call	0x1ce	; 0x1ce <_Z5delaym>
    1148:	10 92 60 01 	sts	0x0160, r1	; 0x800160 <__data_end>
    114c:	88 e4       	ldi	r24, 0x48	; 72
    114e:	91 e0       	ldi	r25, 0x01	; 1
    1150:	0e 94 1b 07 	call	0xe36	; 0xe36 <_Z11tcp_connectPc>
    1154:	68 e8       	ldi	r22, 0x88	; 136
    1156:	73 e1       	ldi	r23, 0x13	; 19
    1158:	80 e0       	ldi	r24, 0x00	; 0
    115a:	90 e0       	ldi	r25, 0x00	; 0
    115c:	0e 94 e7 00 	call	0x1ce	; 0x1ce <_Z5delaym>
    1160:	10 92 61 01 	sts	0x0161, r1	; 0x800161 <inet>
    1164:	e1 cf       	rjmp	.-62     	; 0x1128 <main+0x42>

00001166 <__udivmodsi4>:
    1166:	a1 e2       	ldi	r26, 0x21	; 33
    1168:	1a 2e       	mov	r1, r26
    116a:	aa 1b       	sub	r26, r26
    116c:	bb 1b       	sub	r27, r27
    116e:	fd 01       	movw	r30, r26
    1170:	0d c0       	rjmp	.+26     	; 0x118c <__udivmodsi4_ep>

00001172 <__udivmodsi4_loop>:
    1172:	aa 1f       	adc	r26, r26
    1174:	bb 1f       	adc	r27, r27
    1176:	ee 1f       	adc	r30, r30
    1178:	ff 1f       	adc	r31, r31
    117a:	a2 17       	cp	r26, r18
    117c:	b3 07       	cpc	r27, r19
    117e:	e4 07       	cpc	r30, r20
    1180:	f5 07       	cpc	r31, r21
    1182:	20 f0       	brcs	.+8      	; 0x118c <__udivmodsi4_ep>
    1184:	a2 1b       	sub	r26, r18
    1186:	b3 0b       	sbc	r27, r19
    1188:	e4 0b       	sbc	r30, r20
    118a:	f5 0b       	sbc	r31, r21

0000118c <__udivmodsi4_ep>:
    118c:	66 1f       	adc	r22, r22
    118e:	77 1f       	adc	r23, r23
    1190:	88 1f       	adc	r24, r24
    1192:	99 1f       	adc	r25, r25
    1194:	1a 94       	dec	r1
    1196:	69 f7       	brne	.-38     	; 0x1172 <__udivmodsi4_loop>
    1198:	60 95       	com	r22
    119a:	70 95       	com	r23
    119c:	80 95       	com	r24
    119e:	90 95       	com	r25
    11a0:	9b 01       	movw	r18, r22
    11a2:	ac 01       	movw	r20, r24
    11a4:	bd 01       	movw	r22, r26
    11a6:	cf 01       	movw	r24, r30
    11a8:	08 95       	ret

000011aa <memcpy_P>:
    11aa:	fb 01       	movw	r30, r22
    11ac:	dc 01       	movw	r26, r24
    11ae:	02 c0       	rjmp	.+4      	; 0x11b4 <memcpy_P+0xa>
    11b0:	05 90       	lpm	r0, Z+
    11b2:	0d 92       	st	X+, r0
    11b4:	41 50       	subi	r20, 0x01	; 1
    11b6:	50 40       	sbci	r21, 0x00	; 0
    11b8:	d8 f7       	brcc	.-10     	; 0x11b0 <memcpy_P+0x6>
    11ba:	08 95       	ret

000011bc <strcat_P>:
    11bc:	fb 01       	movw	r30, r22
    11be:	dc 01       	movw	r26, r24
    11c0:	0d 90       	ld	r0, X+
    11c2:	00 20       	and	r0, r0
    11c4:	e9 f7       	brne	.-6      	; 0x11c0 <strcat_P+0x4>
    11c6:	11 97       	sbiw	r26, 0x01	; 1
    11c8:	05 90       	lpm	r0, Z+
    11ca:	0d 92       	st	X+, r0
    11cc:	00 20       	and	r0, r0
    11ce:	e1 f7       	brne	.-8      	; 0x11c8 <strcat_P+0xc>
    11d0:	08 95       	ret

000011d2 <strcpy_P>:
    11d2:	fb 01       	movw	r30, r22
    11d4:	dc 01       	movw	r26, r24
    11d6:	05 90       	lpm	r0, Z+
    11d8:	0d 92       	st	X+, r0
    11da:	00 20       	and	r0, r0
    11dc:	e1 f7       	brne	.-8      	; 0x11d6 <strcpy_P+0x4>
    11de:	08 95       	ret

000011e0 <memset>:
    11e0:	dc 01       	movw	r26, r24
    11e2:	01 c0       	rjmp	.+2      	; 0x11e6 <memset+0x6>
    11e4:	6d 93       	st	X+, r22
    11e6:	41 50       	subi	r20, 0x01	; 1
    11e8:	50 40       	sbci	r21, 0x00	; 0
    11ea:	e0 f7       	brcc	.-8      	; 0x11e4 <memset+0x4>
    11ec:	08 95       	ret

000011ee <strcat>:
    11ee:	fb 01       	movw	r30, r22
    11f0:	dc 01       	movw	r26, r24
    11f2:	0d 90       	ld	r0, X+
    11f4:	00 20       	and	r0, r0
    11f6:	e9 f7       	brne	.-6      	; 0x11f2 <strcat+0x4>
    11f8:	11 97       	sbiw	r26, 0x01	; 1
    11fa:	01 90       	ld	r0, Z+
    11fc:	0d 92       	st	X+, r0
    11fe:	00 20       	and	r0, r0
    1200:	e1 f7       	brne	.-8      	; 0x11fa <strcat+0xc>
    1202:	08 95       	ret

00001204 <_exit>:
    1204:	f8 94       	cli

00001206 <__stop_program>:
    1206:	ff cf       	rjmp	.-2      	; 0x1206 <__stop_program>
